2025-11-15 13:43:13,363 - app.logger - INFO - Logging system initialized with rotation
2025-11-15 13:43:13,380 - app.database - INFO - Database initialized successfully with all tables
2025-11-15 13:43:13,570 - app.logger - INFO - Database connection established successfully
2025-11-15 13:43:13,572 - app.database - INFO - Rate limits reset successfully
2025-11-15 13:43:13,574 - app.logger - INFO - Rate limits reset
2025-11-15 13:43:13,574 - app.logger - INFO - Background job manager started
2025-11-15 13:43:13,574 - app.logger - INFO - Background job manager started
2025-11-15 13:43:13,575 - app.logger - INFO - WebSocket cleanup task started
2025-11-15 13:45:06,448 - app.logger - INFO - Background job manager stopped
2025-11-15 13:45:06,449 - app.logger - INFO - Background job manager stopped
2025-11-15 13:45:07,106 - app.logger - INFO - Logging system initialized with rotation
2025-11-15 13:45:07,122 - app.database - INFO - Database initialized successfully with all tables
2025-11-15 13:45:07,300 - app.logger - INFO - Database connection established successfully
2025-11-15 13:45:07,301 - app.database - INFO - Rate limits reset successfully
2025-11-15 13:45:07,302 - app.logger - INFO - Rate limits reset
2025-11-15 13:45:07,302 - app.logger - INFO - Background job manager started
2025-11-15 13:45:07,302 - app.logger - INFO - Background job manager started
2025-11-15 13:45:07,302 - app.logger - INFO - WebSocket cleanup task started
2025-11-15 13:47:14,147 - app.logger - INFO - Background job manager stopped
2025-11-15 13:47:14,147 - app.logger - INFO - Background job manager stopped
2025-11-15 13:47:14,794 - app.logger - INFO - Logging system initialized with rotation
2025-11-15 13:47:14,810 - app.database - INFO - Database initialized successfully with all tables
2025-11-15 13:47:15,016 - app.logger - INFO - Database connection established successfully
2025-11-15 13:47:15,018 - app.database - INFO - Rate limits reset successfully
2025-11-15 13:47:15,020 - app.logger - INFO - Rate limits reset
2025-11-15 13:47:15,020 - app.logger - INFO - Background job manager started
2025-11-15 13:47:15,020 - app.logger - INFO - Background job manager started
2025-11-15 13:47:15,021 - app.logger - INFO - WebSocket cleanup task started
2025-11-15 13:47:18,603 - app.logger - INFO - [CHECK_URL] Request from POPUP: url=http://test.com/, has_api_key=False, ip=127.0.0.1
2025-11-15 13:47:18,603 - app.logger - INFO - 🔍 Analyzing URL: http://test.com/
2025-11-15 13:47:18,606 - app.logger - INFO - 🔍 Checking external APIs for: http://test.com/
2025-11-15 13:47:18,607 - app.logger - INFO - 🔍 Combining external results for http://test.com/: {}
2025-11-15 13:47:18,607 - app.logger - INFO - 🔍 Final external API result for http://test.com/: {'safe': True, 'threat_type': None, 'details': 'All external scans clean', 'external_scans': {}, 'confidence': 50}
2025-11-15 13:47:18,607 - app.logger - INFO - 🔍 External API result: safe=True, threat_type=None
2025-11-15 13:47:18,607 - app.logger - INFO - ✅ External APIs found http://test.com/ to be safe
2025-11-15 13:47:18,612 - app.logger - INFO - [CHECK_URL] Result (POPUP): safe=True, source=combined
2025-11-15 14:00:35,945 - app.logger - WARNING - Blocked suspicious path: /wp-admin/setup-config.php
2025-11-15 14:00:36,168 - app.logger - WARNING - Blocked suspicious path: /wp-admin/setup-config.php
2025-11-15 14:11:13,522 - app.logger - WARNING - Blocked suspicious path: /.env
2025-11-15 14:18:50,969 - app.logger - WARNING - Blocked suspicious path: /wp-admin/setup-config.php
2025-11-15 14:19:01,099 - app.logger - WARNING - Blocked suspicious path: /wp-admin/setup-config.php
2025-11-15 14:40:13,463 - app.logger - WARNING - Blocked suspicious path: /wp-admin/setup-config.php
2025-11-15 14:42:58,181 - app.logger - WARNING - Blocked suspicious path: /wp-admin/setup-config.php
2025-11-15 14:43:46,021 - app.database - INFO - API key created for NK with level premium
2025-11-15 14:47:30,359 - app.database - INFO - API key PREMIM-0S5SQ-1DQR3-JRTQD-V0CP3 bound to account 2
2025-11-15 14:47:30,362 - app.auth - INFO - Account created: username=1231212333121, user_id=2
2025-11-15 14:47:30,428 - app.auth - INFO - User logged in: username=1231212333121, user_id=2
2025-11-15 14:56:15,014 - app.logger - INFO - [CHECK_URL] Request from POPUP: url=https://www.google.com/search?q=%D1%82%D0%BE%D1%80, has_api_key=False, ip=185.46.16.165
2025-11-15 14:56:15,015 - app.logger - INFO - 🔍 Analyzing URL: https://www.google.com/search?q=%D1%82%D0%BE%D1%80%D1%80%D0%B5%D0%BD%D1%82+%D0%B8%D0%B3%D1%80%D1%8B&oq=%D1%82%D0%BE%D1%80%D1%80%D0%B5&gs_lcrp=EgZjaHJvbWUqDggAEEUYJxg7GIAEGIoFMg4IABBFGCcYOxiABBiKBTIGCAEQRRg5MgYIAhBFGDsyDAgDECMYJxiABBiKBTIHCAQQABiABDIGCAUQRRg9MgYIBhBFGD0yBggHEEUYPdIBCDE4NDJqMGo3qAIAsAIA&sourceid=chrome&ie=UTF-8
2025-11-15 14:56:15,020 - app.logger - INFO - 🔍 Checking external APIs for: https://www.google.com/search?q=%D1%82%D0%BE%D1%80%D1%80%D0%B5%D0%BD%D1%82+%D0%B8%D0%B3%D1%80%D1%8B&oq=%D1%82%D0%BE%D1%80%D1%80%D0%B5&gs_lcrp=EgZjaHJvbWUqDggAEEUYJxg7GIAEGIoFMg4IABBFGCcYOxiABBiKBTIGCAEQRRg5MgYIAhBFGDsyDAgDECMYJxiABBiKBTIHCAQQABiABDIGCAUQRRg9MgYIBhBFGD0yBggHEEUYPdIBCDE4NDJqMGo3qAIAsAIA&sourceid=chrome&ie=UTF-8
2025-11-15 14:56:15,020 - app.logger - INFO - 🔍 Combining external results for https://www.google.com/search?q=%D1%82%D0%BE%D1%80%D1%80%D0%B5%D0%BD%D1%82+%D0%B8%D0%B3%D1%80%D1%8B&oq=%D1%82%D0%BE%D1%80%D1%80%D0%B5&gs_lcrp=EgZjaHJvbWUqDggAEEUYJxg7GIAEGIoFMg4IABBFGCcYOxiABBiKBTIGCAEQRRg5MgYIAhBFGDsyDAgDECMYJxiABBiKBTIHCAQQABiABDIGCAUQRRg9MgYIBhBFGD0yBggHEEUYPdIBCDE4NDJqMGo3qAIAsAIA&sourceid=chrome&ie=UTF-8: {}
2025-11-15 14:56:15,021 - app.logger - INFO - 🔍 Final external API result for https://www.google.com/search?q=%D1%82%D0%BE%D1%80%D1%80%D0%B5%D0%BD%D1%82+%D0%B8%D0%B3%D1%80%D1%8B&oq=%D1%82%D0%BE%D1%80%D1%80%D0%B5&gs_lcrp=EgZjaHJvbWUqDggAEEUYJxg7GIAEGIoFMg4IABBFGCcYOxiABBiKBTIGCAEQRRg5MgYIAhBFGDsyDAgDECMYJxiABBiKBTIHCAQQABiABDIGCAUQRRg9MgYIBhBFGD0yBggHEEUYPdIBCDE4NDJqMGo3qAIAsAIA&sourceid=chrome&ie=UTF-8: {'safe': True, 'threat_type': None, 'details': 'All external scans clean', 'external_scans': {}, 'confidence': 50}
2025-11-15 14:56:15,021 - app.logger - INFO - 🔍 External API result: safe=True, threat_type=None
2025-11-15 14:56:15,021 - app.logger - INFO - ✅ External APIs found https://www.google.com/search?q=%D1%82%D0%BE%D1%80%D1%80%D0%B5%D0%BD%D1%82+%D0%B8%D0%B3%D1%80%D1%8B&oq=%D1%82%D0%BE%D1%80%D1%80%D0%B5&gs_lcrp=EgZjaHJvbWUqDggAEEUYJxg7GIAEGIoFMg4IABBFGCcYOxiABBiKBTIGCAEQRRg5MgYIAhBFGDsyDAgDECMYJxiABBiKBTIHCAQQABiABDIGCAUQRRg9MgYIBhBFGD0yBggHEEUYPdIBCDE4NDJqMGo3qAIAsAIA&sourceid=chrome&ie=UTF-8 to be safe
2025-11-15 14:56:15,026 - app.logger - INFO - [CHECK_URL] Result (POPUP): safe=True, source=combined
2025-11-15 14:57:33,988 - app.database - INFO - API key created for wqe with level premium
2025-11-15 14:58:04,765 - app.database - INFO - API key PREMIM-DB64W-CG0P9-6SOI2-10APE bound to account 3
2025-11-15 14:58:04,766 - app.auth - INFO - Account created: username=178, user_id=3
2025-11-15 14:58:04,810 - app.auth - INFO - User logged in: username=178, user_id=3
2025-11-15 14:58:11,640 - app.logger - INFO - [CHECK_URL] Request from POPUP: url=https://itorrents-igruha.org/new-pc-games/, has_api_key=True, ip=185.46.16.165
2025-11-15 14:58:11,641 - app.logger - INFO - 🔍 Analyzing URL: https://itorrents-igruha.org/new-pc-games/
2025-11-15 14:58:11,644 - app.logger - INFO - 🔍 Checking external APIs for: https://itorrents-igruha.org/new-pc-games/
2025-11-15 14:58:11,644 - app.logger - INFO - 🔍 Combining external results for https://itorrents-igruha.org/new-pc-games/: {}
2025-11-15 14:58:11,645 - app.logger - INFO - 🔍 Final external API result for https://itorrents-igruha.org/new-pc-games/: {'safe': True, 'threat_type': None, 'details': 'All external scans clean', 'external_scans': {}, 'confidence': 50}
2025-11-15 14:58:11,645 - app.logger - INFO - 🔍 External API result: safe=True, threat_type=None
2025-11-15 14:58:11,645 - app.logger - INFO - ✅ External APIs found https://itorrents-igruha.org/new-pc-games/ to be safe
2025-11-15 14:58:11,650 - app.logger - INFO - [CHECK_URL] Result (POPUP): safe=True, source=combined
2025-11-15 14:58:12,631 - app.logger - INFO - [CHECK_URL] Request from POPUP: url=https://www.google.com/search?sca_esv=598136d600a6, has_api_key=True, ip=185.46.16.165
2025-11-15 14:58:12,631 - app.logger - INFO - 🔍 Analyzing URL: https://www.google.com/search?sca_esv=598136d600a67ef3&sxsrf=AE3TifMZtzU-ZG8ReYB5jP8HCL1iBxJ42Q:1763207758996&q=NASCAR+25&stick=H4sIAAAAAAAAAE2SO2zTUBSG40qNUjegJhUCZarKUmWJff1moC2lTBSkNgssVvyOr9--sn09VZGYWCoGJibEwMCGkKASHdiIEEoYYEOCBbF1ZCQt9Q13-_yf1398Govrl3p2j2WxZRhi7ifg6nQ0OZkeTg8nbybvp6O1ydvJ6xk-HlP_ArOST_iY8yqGjg3yUkwqtqCBoFsYY2q55_cYlpWh4ZLoqk3FBYpUXvaCiiMIlUT1UMWpFuAokIWKY1DYrjBnK-J8nVfEir2A1QCrER3ZDA5YFZB-SYAcLmD-i5czbKQV50rpS4pGGCuSxRquRPIZx2F1lfSDghQURUb0FFm87WkuqZeVBUoR8Vf4omuUQjmm6LPt2P6sOhmmUPXMxop9IcLM8pWYiJYsGXmkVOy6DFZwFBGWbCUCnEYm5xKVKyyLsJuzURaTeF_MGBVk9rw-V8iMXM5ZjVlXrCYFAlJZniRnkcCoIlkT0soSlClHmjm8mAWJOqYa58kcp1eSgw1eSaB4Udexg9J1KuBiXSJFYqzGrpXBMdU8Y0dn4igW5r8SQR9qvjs3VEp2mRGDORdbM8vz05OTWJIVcnow1SwPeJBwBAHU1Jx40j1WYgJyioXs-0DK8XzBQJGYUvlJ_aCWV37_-b7a-UY9efXxKzWh6JW7YZiaHt43vQEyjX7YvkbXdwM0RLh9udOkz-3KjIXztL1LLx-YqB_uhcbQwm2xzdNLe6avmUl632pfp-md0PNMHQ3DoH2ls0q3ejr50LMHvpneWNig1h-AO8dfnn6ub7Vqs_fp0cFWZ6Pbouu3Q38wDFoPTw-b_ZsvNrurdKM_KMIg9HHr1rN3o-7xr831paXa-Tvd7NaOFqjRycsP9UaDWqmBhUatrDWfLy7d2z7Y2d5fA8JRnfoLxEBTAjcEAAA&sa=X&sqi=2&ved=2ahUKEwjmrI_hjPSQAxUbUFUIHbpoB_sQ-BZ6BAgrEBo
2025-11-15 14:58:12,635 - app.logger - INFO - [CHECK_URL] Result (POPUP): safe=True, source=cache
2025-11-15 14:58:14,203 - app.logger - INFO - [CHECK_URL] Request from POPUP: url=https://byxatab.com/, has_api_key=True, ip=185.46.16.165
2025-11-15 14:58:14,204 - app.logger - INFO - 🔍 Analyzing URL: https://byxatab.com/
2025-11-15 14:58:14,208 - app.logger - INFO - 🔍 Checking external APIs for: https://byxatab.com/
2025-11-15 14:58:14,208 - app.logger - INFO - 🔍 Combining external results for https://byxatab.com/: {}
2025-11-15 14:58:14,209 - app.logger - INFO - 🔍 Final external API result for https://byxatab.com/: {'safe': True, 'threat_type': None, 'details': 'All external scans clean', 'external_scans': {}, 'confidence': 50}
2025-11-15 14:58:14,209 - app.logger - INFO - 🔍 External API result: safe=True, threat_type=None
2025-11-15 14:58:14,210 - app.logger - INFO - ✅ External APIs found https://byxatab.com/ to be safe
2025-11-15 14:58:14,217 - app.logger - INFO - [CHECK_URL] Result (POPUP): safe=True, source=combined
2025-11-15 14:58:15,214 - app.logger - INFO - [CHECK_URL] Request from POPUP: url=https://vk.com/torrent_igruha, has_api_key=True, ip=185.46.16.165
2025-11-15 14:58:15,214 - app.logger - INFO - 🔍 Analyzing URL: https://vk.com/torrent_igruha
2025-11-15 14:58:15,217 - app.logger - INFO - 🔍 Checking external APIs for: https://vk.com/torrent_igruha
2025-11-15 14:58:15,217 - app.logger - INFO - 🔍 Combining external results for https://vk.com/torrent_igruha: {}
2025-11-15 14:58:15,217 - app.logger - INFO - 🔍 Final external API result for https://vk.com/torrent_igruha: {'safe': True, 'threat_type': None, 'details': 'All external scans clean', 'external_scans': {}, 'confidence': 50}
2025-11-15 14:58:15,217 - app.logger - INFO - 🔍 External API result: safe=True, threat_type=None
2025-11-15 14:58:15,217 - app.logger - INFO - ✅ External APIs found https://vk.com/torrent_igruha to be safe
2025-11-15 14:58:15,222 - app.logger - INFO - [CHECK_URL] Result (POPUP): safe=True, source=combined
2025-11-15 14:58:16,949 - app.logger - INFO - [CHECK_URL] Request from POPUP: url=https://thelastgame.org/, has_api_key=True, ip=185.46.16.165
2025-11-15 14:58:16,949 - app.logger - INFO - 🔍 Analyzing URL: https://thelastgame.org/
2025-11-15 14:58:16,952 - app.logger - INFO - 🔍 Checking external APIs for: https://thelastgame.org/
2025-11-15 14:58:16,952 - app.logger - INFO - 🔍 Combining external results for https://thelastgame.org/: {}
2025-11-15 14:58:16,953 - app.logger - INFO - 🔍 Final external API result for https://thelastgame.org/: {'safe': True, 'threat_type': None, 'details': 'All external scans clean', 'external_scans': {}, 'confidence': 50}
2025-11-15 14:58:16,953 - app.logger - INFO - 🔍 External API result: safe=True, threat_type=None
2025-11-15 14:58:16,953 - app.logger - INFO - ✅ External APIs found https://thelastgame.org/ to be safe
2025-11-15 14:58:16,958 - app.logger - INFO - [CHECK_URL] Result (POPUP): safe=True, source=combined
2025-11-15 14:58:17,895 - app.logger - INFO - [CHECK_URL] Request from POPUP: url=https://otvet.mail.ru/question/241833080, has_api_key=True, ip=185.46.16.165
2025-11-15 14:58:17,895 - app.logger - INFO - 🔍 Analyzing URL: https://otvet.mail.ru/question/241833080
2025-11-15 14:58:17,898 - app.logger - INFO - 🔍 Checking external APIs for: https://otvet.mail.ru/question/241833080
2025-11-15 14:58:17,899 - app.logger - INFO - 🔍 Combining external results for https://otvet.mail.ru/question/241833080: {}
2025-11-15 14:58:17,899 - app.logger - INFO - 🔍 Final external API result for https://otvet.mail.ru/question/241833080: {'safe': True, 'threat_type': None, 'details': 'All external scans clean', 'external_scans': {}, 'confidence': 50}
2025-11-15 14:58:17,899 - app.logger - INFO - 🔍 External API result: safe=True, threat_type=None
2025-11-15 14:58:17,899 - app.logger - INFO - ✅ External APIs found https://otvet.mail.ru/question/241833080 to be safe
2025-11-15 14:58:17,904 - app.logger - INFO - [CHECK_URL] Result (POPUP): safe=True, source=combined
2025-11-15 14:58:20,678 - app.logger - INFO - [CHECK_URL] Request from POPUP: url=https://44torrent.games/, has_api_key=True, ip=185.46.16.165
2025-11-15 14:58:20,678 - app.logger - INFO - 🔍 Analyzing URL: https://44torrent.games/
2025-11-15 14:58:20,680 - app.logger - INFO - 🔍 Checking external APIs for: https://44torrent.games/
2025-11-15 14:58:20,681 - app.logger - INFO - 🔍 Combining external results for https://44torrent.games/: {}
2025-11-15 14:58:20,681 - app.logger - INFO - 🔍 Final external API result for https://44torrent.games/: {'safe': True, 'threat_type': None, 'details': 'All external scans clean', 'external_scans': {}, 'confidence': 50}
2025-11-15 14:58:20,681 - app.logger - INFO - 🔍 External API result: safe=True, threat_type=None
2025-11-15 14:58:20,681 - app.logger - INFO - ✅ External APIs found https://44torrent.games/ to be safe
2025-11-15 14:58:20,686 - app.logger - INFO - [CHECK_URL] Result (POPUP): safe=True, source=combined
2025-11-15 14:58:21,515 - app.logger - INFO - [CHECK_URL] Request from POPUP: url=https://repack-byrutor.org/, has_api_key=True, ip=185.46.16.165
2025-11-15 14:58:21,516 - app.logger - INFO - 🔍 Analyzing URL: https://repack-byrutor.org/
2025-11-15 14:58:21,518 - app.logger - INFO - 🔍 Checking external APIs for: https://repack-byrutor.org/
2025-11-15 14:58:21,519 - app.logger - INFO - 🔍 Combining external results for https://repack-byrutor.org/: {}
2025-11-15 14:58:21,519 - app.logger - INFO - 🔍 Final external API result for https://repack-byrutor.org/: {'safe': True, 'threat_type': None, 'details': 'All external scans clean', 'external_scans': {}, 'confidence': 50}
2025-11-15 14:58:21,519 - app.logger - INFO - 🔍 External API result: safe=True, threat_type=None
2025-11-15 14:58:21,519 - app.logger - INFO - ✅ External APIs found https://repack-byrutor.org/ to be safe
2025-11-15 14:58:21,524 - app.logger - INFO - [CHECK_URL] Result (POPUP): safe=True, source=combined
2025-11-15 14:58:23,881 - app.logger - INFO - [CHECK_URL] Request from POPUP: url=https://ximepa.games/, has_api_key=True, ip=185.46.16.165
2025-11-15 14:58:23,882 - app.logger - INFO - 🔍 Analyzing URL: https://ximepa.games/
2025-11-15 14:58:23,885 - app.logger - INFO - 🔍 Checking external APIs for: https://ximepa.games/
2025-11-15 14:58:23,885 - app.logger - INFO - 🔍 Combining external results for https://ximepa.games/: {}
2025-11-15 14:58:23,885 - app.logger - INFO - 🔍 Final external API result for https://ximepa.games/: {'safe': True, 'threat_type': None, 'details': 'All external scans clean', 'external_scans': {}, 'confidence': 50}
2025-11-15 14:58:23,886 - app.logger - INFO - 🔍 External API result: safe=True, threat_type=None
2025-11-15 14:58:23,886 - app.logger - INFO - ✅ External APIs found https://ximepa.games/ to be safe
2025-11-15 14:58:23,890 - app.logger - INFO - [CHECK_URL] Result (POPUP): safe=True, source=combined
2025-11-15 14:58:24,897 - app.logger - INFO - [CHECK_URL] Request from POPUP: url=https://selezen.games/, has_api_key=True, ip=185.46.16.165
2025-11-15 14:58:24,897 - app.logger - INFO - 🔍 Analyzing URL: https://selezen.games/
2025-11-15 14:58:24,900 - app.logger - INFO - 🔍 Checking external APIs for: https://selezen.games/
2025-11-15 14:58:24,900 - app.logger - INFO - 🔍 Combining external results for https://selezen.games/: {}
2025-11-15 14:58:24,900 - app.logger - INFO - 🔍 Final external API result for https://selezen.games/: {'safe': True, 'threat_type': None, 'details': 'All external scans clean', 'external_scans': {}, 'confidence': 50}
2025-11-15 14:58:24,901 - app.logger - INFO - 🔍 External API result: safe=True, threat_type=None
2025-11-15 14:58:24,901 - app.logger - INFO - ✅ External APIs found https://selezen.games/ to be safe
2025-11-15 14:58:24,906 - app.logger - INFO - [CHECK_URL] Result (POPUP): safe=True, source=combined
2025-11-15 14:58:25,726 - app.logger - INFO - [CHECK_URL] Request from POPUP: url=https://www.google.com/search?q=%D1%82%D0%BE%D1%80, has_api_key=True, ip=185.46.16.165
2025-11-15 14:58:25,727 - app.logger - INFO - 🔍 Analyzing URL: https://www.google.com/search?q=%D1%82%D0%BE%D1%80%D1%80%D0%B5%D0%BD%D1%82+%D0%B8%D0%B3%D1%80%D1%8B&sca_esv=598136d600a67ef3&sxsrf=AE3TifMZtzU-ZG8ReYB5jP8HCL1iBxJ42Q:1763207758996&ei=TmoYaebNPJug1fIPutGd2A8&sqi=2&start=30&sa=N&sstk=Af77f_dI-Aj38Unp0hV0NNq5yYgataDGiit00YGmG7e2e3Q9Vn_9fR4KXoqjdoZnVrlLJSzUtoV_Sv9DwY9CNiQVe_vpHsZ3-3cXqw&ved=2ahUKEwjmrI_hjPSQAxUbUFUIHbpoB_sQ8tMDegQIChAK
2025-11-15 14:58:25,731 - app.logger - INFO - [CHECK_URL] Result (POPUP): safe=True, source=cache
2025-11-15 14:58:26,028 - app.logger - INFO - [CHECK_URL] Request from POPUP: url=https://www.google.com/search?q=%D1%82%D0%BE%D1%80, has_api_key=True, ip=185.46.16.165
2025-11-15 14:58:26,029 - app.logger - INFO - 🔍 Analyzing URL: https://www.google.com/search?q=%D1%82%D0%BE%D1%80%D1%80%D0%B5%D0%BD%D1%82+%D0%B8%D0%B3%D1%80%D1%8B&sca_esv=598136d600a67ef3&sxsrf=AE3TifMZtzU-ZG8ReYB5jP8HCL1iBxJ42Q:1763207758996&ei=TmoYaebNPJug1fIPutGd2A8&sqi=2&start=20&sa=N&sstk=Af77f_dI-Aj38Unp0hV0NNq5yYgataDGiit00YGmG7e2e3Q9Vn_9fR4KXoqjdoZnVrlLJSzUtoV_Sv9DwY9CNiQVe_vpHsZ3-3cXqw&ved=2ahUKEwjmrI_hjPSQAxUbUFUIHbpoB_sQ8tMDegQIChAI
2025-11-15 14:58:26,033 - app.logger - INFO - [CHECK_URL] Result (POPUP): safe=True, source=cache
2025-11-15 14:58:26,326 - app.logger - INFO - [CHECK_URL] Request from POPUP: url=https://www.google.com/search?q=%D1%82%D0%BE%D1%80, has_api_key=True, ip=185.46.16.165
2025-11-15 14:58:26,326 - app.logger - INFO - 🔍 Analyzing URL: https://www.google.com/search?q=%D1%82%D0%BE%D1%80%D1%80%D0%B5%D0%BD%D1%82+%D0%B8%D0%B3%D1%80%D1%8B&sca_esv=598136d600a67ef3&sxsrf=AE3TifMZtzU-ZG8ReYB5jP8HCL1iBxJ42Q:1763207758996&ei=TmoYaebNPJug1fIPutGd2A8&sqi=2&start=20&sa=N&sstk=Af77f_dI-Aj38Unp0hV0NNq5yYgataDGiit00YGmG7e2e3Q9Vn_9fR4KXoqjdoZnVrlLJSzUtoV_Sv9DwY9CNiQVe_vpHsZ3-3cXqw&ved=2ahUKEwjmrI_hjPSQAxUbUFUIHbpoB_sQ8tMDegQIChAI
2025-11-15 14:58:26,326 - app.logger - INFO - [CHECK_URL] Result (POPUP): safe=True, source=cache
2025-11-15 14:58:27,631 - app.logger - INFO - [CHECK_URL] Request from POPUP: url=https://gofrag.ru/, has_api_key=True, ip=185.46.16.165
2025-11-15 14:58:27,632 - app.logger - INFO - 🔍 Analyzing URL: https://gofrag.ru/
2025-11-15 14:58:27,634 - app.logger - INFO - 🔍 Checking external APIs for: https://gofrag.ru/
2025-11-15 14:58:27,635 - app.logger - INFO - 🔍 Combining external results for https://gofrag.ru/: {}
2025-11-15 14:58:27,635 - app.logger - INFO - 🔍 Final external API result for https://gofrag.ru/: {'safe': True, 'threat_type': None, 'details': 'All external scans clean', 'external_scans': {}, 'confidence': 50}
2025-11-15 14:58:27,635 - app.logger - INFO - 🔍 External API result: safe=True, threat_type=None
2025-11-15 14:58:27,635 - app.logger - INFO - ✅ External APIs found https://gofrag.ru/ to be safe
2025-11-15 14:58:27,641 - app.logger - INFO - [CHECK_URL] Result (POPUP): safe=True, source=combined
2025-11-15 14:58:28,426 - app.logger - INFO - [CHECK_URL] Request from POPUP: url=https://moreigr.games/, has_api_key=True, ip=185.46.16.165
2025-11-15 14:58:28,427 - app.logger - INFO - 🔍 Analyzing URL: https://moreigr.games/
2025-11-15 14:58:28,430 - app.logger - INFO - 🔍 Checking external APIs for: https://moreigr.games/
2025-11-15 14:58:28,430 - app.logger - INFO - 🔍 Combining external results for https://moreigr.games/: {}
2025-11-15 14:58:28,431 - app.logger - INFO - 🔍 Final external API result for https://moreigr.games/: {'safe': True, 'threat_type': None, 'details': 'All external scans clean', 'external_scans': {}, 'confidence': 50}
2025-11-15 14:58:28,431 - app.logger - INFO - 🔍 External API result: safe=True, threat_type=None
2025-11-15 14:58:28,431 - app.logger - INFO - ✅ External APIs found https://moreigr.games/ to be safe
2025-11-15 14:58:28,438 - app.logger - INFO - [CHECK_URL] Result (POPUP): safe=True, source=combined
2025-11-15 14:58:29,203 - app.logger - INFO - [CHECK_URL] Request from POPUP: url=https://www.microsoft.com/ru-ru/software-download/, has_api_key=True, ip=185.46.16.165
2025-11-15 14:58:29,204 - app.logger - INFO - 🔍 Analyzing URL: https://www.microsoft.com/ru-ru/software-download/windows11
2025-11-15 14:58:29,209 - app.logger - INFO - 🔍 Checking external APIs for: https://www.microsoft.com/ru-ru/software-download/windows11
2025-11-15 14:58:29,209 - app.logger - INFO - 🔍 Combining external results for https://www.microsoft.com/ru-ru/software-download/windows11: {}
2025-11-15 14:58:29,210 - app.logger - INFO - 🔍 Final external API result for https://www.microsoft.com/ru-ru/software-download/windows11: {'safe': True, 'threat_type': None, 'details': 'All external scans clean', 'external_scans': {}, 'confidence': 50}
2025-11-15 14:58:29,210 - app.logger - INFO - 🔍 External API result: safe=True, threat_type=None
2025-11-15 14:58:29,210 - app.logger - INFO - ✅ External APIs found https://www.microsoft.com/ru-ru/software-download/windows11 to be safe
2025-11-15 14:58:29,217 - app.logger - INFO - [CHECK_URL] Result (POPUP): safe=True, source=combined
2025-11-15 14:58:29,981 - app.logger - INFO - [CHECK_URL] Request from POPUP: url=https://www.xbox.com/ru-RU/apps/xbox-app-on-pc, has_api_key=True, ip=185.46.16.165
2025-11-15 14:58:29,982 - app.logger - INFO - 🔍 Analyzing URL: https://www.xbox.com/ru-RU/apps/xbox-app-on-pc
2025-11-15 14:58:29,984 - app.logger - INFO - 🔍 Checking external APIs for: https://www.xbox.com/ru-RU/apps/xbox-app-on-pc
2025-11-15 14:58:29,985 - app.logger - INFO - 🔍 Combining external results for https://www.xbox.com/ru-RU/apps/xbox-app-on-pc: {}
2025-11-15 14:58:29,985 - app.logger - INFO - 🔍 Final external API result for https://www.xbox.com/ru-RU/apps/xbox-app-on-pc: {'safe': True, 'threat_type': None, 'details': 'All external scans clean', 'external_scans': {}, 'confidence': 50}
2025-11-15 14:58:29,985 - app.logger - INFO - 🔍 External API result: safe=True, threat_type=None
2025-11-15 14:58:29,985 - app.logger - INFO - ✅ External APIs found https://www.xbox.com/ru-RU/apps/xbox-app-on-pc to be safe
2025-11-15 14:58:29,990 - app.logger - INFO - [CHECK_URL] Result (POPUP): safe=True, source=combined
2025-11-15 14:58:31,145 - app.logger - INFO - [CHECK_URL] Request from POPUP: url=https://love-games1.net/, has_api_key=True, ip=185.46.16.165
2025-11-15 14:58:31,146 - app.logger - INFO - 🔍 Analyzing URL: https://love-games1.net/
2025-11-15 14:58:31,148 - app.logger - INFO - 🔍 Checking external APIs for: https://love-games1.net/
2025-11-15 14:58:31,149 - app.logger - INFO - 🔍 Combining external results for https://love-games1.net/: {}
2025-11-15 14:58:31,149 - app.logger - INFO - 🔍 Final external API result for https://love-games1.net/: {'safe': True, 'threat_type': None, 'details': 'All external scans clean', 'external_scans': {}, 'confidence': 50}
2025-11-15 14:58:31,149 - app.logger - INFO - 🔍 External API result: safe=True, threat_type=None
2025-11-15 14:58:31,149 - app.logger - INFO - ✅ External APIs found https://love-games1.net/ to be safe
2025-11-15 14:58:31,155 - app.logger - INFO - [CHECK_URL] Result (POPUP): safe=True, source=combined
2025-11-15 14:58:32,798 - app.logger - INFO - [CHECK_URL] Request from POPUP: url=https://tanki.su/ru/game/download/, has_api_key=True, ip=185.46.16.165
2025-11-15 14:58:32,798 - app.logger - INFO - 🔍 Analyzing URL: https://tanki.su/ru/game/download/
2025-11-15 14:58:32,802 - app.logger - INFO - 🔍 Checking external APIs for: https://tanki.su/ru/game/download/
2025-11-15 14:58:32,802 - app.logger - INFO - 🔍 Combining external results for https://tanki.su/ru/game/download/: {}
2025-11-15 14:58:32,802 - app.logger - INFO - 🔍 Final external API result for https://tanki.su/ru/game/download/: {'safe': True, 'threat_type': None, 'details': 'All external scans clean', 'external_scans': {}, 'confidence': 50}
2025-11-15 14:58:32,803 - app.logger - INFO - 🔍 External API result: safe=True, threat_type=None
2025-11-15 14:58:32,803 - app.logger - INFO - ✅ External APIs found https://tanki.su/ru/game/download/ to be safe
2025-11-15 14:58:32,807 - app.logger - INFO - [CHECK_URL] Result (POPUP): safe=True, source=combined
2025-11-15 14:58:36,897 - app.logger - INFO - [CHECK_URL] Request from POPUP: url=https://obsproject.com/ru/download, has_api_key=True, ip=185.46.16.165
2025-11-15 14:58:36,897 - app.logger - INFO - 🔍 Analyzing URL: https://obsproject.com/ru/download
2025-11-15 14:58:36,900 - app.logger - INFO - 🔍 Checking external APIs for: https://obsproject.com/ru/download
2025-11-15 14:58:36,901 - app.logger - INFO - 🔍 Combining external results for https://obsproject.com/ru/download: {}
2025-11-15 14:58:36,901 - app.logger - INFO - 🔍 Final external API result for https://obsproject.com/ru/download: {'safe': True, 'threat_type': None, 'details': 'All external scans clean', 'external_scans': {}, 'confidence': 50}
2025-11-15 14:58:36,901 - app.logger - INFO - 🔍 External API result: safe=True, threat_type=None
2025-11-15 14:58:36,901 - app.logger - INFO - ✅ External APIs found https://obsproject.com/ru/download to be safe
2025-11-15 14:58:36,906 - app.logger - INFO - [CHECK_URL] Result (POPUP): safe=True, source=combined
2025-11-15 14:58:37,872 - app.logger - INFO - [CHECK_URL] Request from POPUP: url=https://www.reddit.com/r/pcgaming/comments/10v4wa3, has_api_key=True, ip=185.46.16.165
2025-11-15 14:58:37,872 - app.logger - INFO - 🔍 Analyzing URL: https://www.reddit.com/r/pcgaming/comments/10v4wa3/games_from_torrent_thread/?tl=ru
2025-11-15 14:58:37,875 - app.logger - INFO - 🔍 Checking external APIs for: https://www.reddit.com/r/pcgaming/comments/10v4wa3/games_from_torrent_thread/?tl=ru
2025-11-15 14:58:37,875 - app.logger - INFO - 🔍 Combining external results for https://www.reddit.com/r/pcgaming/comments/10v4wa3/games_from_torrent_thread/?tl=ru: {}
2025-11-15 14:58:37,876 - app.logger - INFO - 🔍 Final external API result for https://www.reddit.com/r/pcgaming/comments/10v4wa3/games_from_torrent_thread/?tl=ru: {'safe': True, 'threat_type': None, 'details': 'All external scans clean', 'external_scans': {}, 'confidence': 50}
2025-11-15 14:58:37,876 - app.logger - INFO - 🔍 External API result: safe=True, threat_type=None
2025-11-15 14:58:37,876 - app.logger - INFO - ✅ External APIs found https://www.reddit.com/r/pcgaming/comments/10v4wa3/games_from_torrent_thread/?tl=ru to be safe
2025-11-15 14:58:37,880 - app.logger - INFO - [CHECK_URL] Result (POPUP): safe=True, source=combined
2025-11-15 14:58:39,239 - app.logger - INFO - [CHECK_URL] Request from POPUP: url=https://www.rustore.ru/catalog/app/ru.sberbankmobi, has_api_key=True, ip=185.46.16.165
2025-11-15 14:58:39,239 - app.logger - INFO - 🔍 Analyzing URL: https://www.rustore.ru/catalog/app/ru.sberbankmobile
2025-11-15 14:58:39,243 - app.logger - INFO - 🔍 Checking external APIs for: https://www.rustore.ru/catalog/app/ru.sberbankmobile
2025-11-15 14:58:39,243 - app.logger - INFO - 🔍 Combining external results for https://www.rustore.ru/catalog/app/ru.sberbankmobile: {}
2025-11-15 14:58:39,243 - app.logger - INFO - 🔍 Final external API result for https://www.rustore.ru/catalog/app/ru.sberbankmobile: {'safe': True, 'threat_type': None, 'details': 'All external scans clean', 'external_scans': {}, 'confidence': 50}
2025-11-15 14:58:39,244 - app.logger - INFO - 🔍 External API result: safe=True, threat_type=None
2025-11-15 14:58:39,244 - app.logger - INFO - ✅ External APIs found https://www.rustore.ru/catalog/app/ru.sberbankmobile to be safe
2025-11-15 14:58:39,248 - app.logger - INFO - [CHECK_URL] Result (POPUP): safe=True, source=combined
2025-11-15 14:58:40,016 - app.logger - INFO - [CHECK_URL] Request from POPUP: url=https://www.ea.com/ru-ru/ea-app, has_api_key=True, ip=185.46.16.165
2025-11-15 14:58:40,016 - app.logger - INFO - 🔍 Analyzing URL: https://www.ea.com/ru-ru/ea-app
2025-11-15 14:58:40,019 - app.logger - INFO - 🔍 Checking external APIs for: https://www.ea.com/ru-ru/ea-app
2025-11-15 14:58:40,019 - app.logger - INFO - 🔍 Combining external results for https://www.ea.com/ru-ru/ea-app: {}
2025-11-15 14:58:40,020 - app.logger - INFO - 🔍 Final external API result for https://www.ea.com/ru-ru/ea-app: {'safe': True, 'threat_type': None, 'details': 'All external scans clean', 'external_scans': {}, 'confidence': 50}
2025-11-15 14:58:40,020 - app.logger - INFO - 🔍 External API result: safe=True, threat_type=None
2025-11-15 14:58:40,020 - app.logger - INFO - ✅ External APIs found https://www.ea.com/ru-ru/ea-app to be safe
2025-11-15 14:58:40,025 - app.logger - INFO - [CHECK_URL] Result (POPUP): safe=True, source=combined
2025-11-15 14:58:41,699 - app.logger - INFO - [CHECK_URL] Request from POPUP: url=https://www.google.com/search?q=%D1%82%D0%BE%D1%80, has_api_key=True, ip=185.46.16.165
2025-11-15 14:58:41,700 - app.logger - INFO - 🔍 Analyzing URL: https://www.google.com/search?q=%D1%82%D0%BE%D1%80%D1%80%D0%B5%D0%BD%D1%82+%D0%B8%D0%B3%D1%80%D1%8B&sca_esv=598136d600a67ef3&biw=1920&bih=1032&sxsrf=AE3TifO99SVIzqVj6pOccIEggYwqugTqlQ:1763207906360&ei=4moYaeXiFcrAwPAP7MCkyA0&start=50&sa=N&sstk=Af77f_dbcYOdyDsx_ZQ-JlPtpGwocBtU40BVXj3l68gLhW0M370dFK8NhbGlPQ0JEP2H4juFQW6E_9do6S3sm1LuS4aDIxJd2VbcDP69FnaiMaNaDnJ6zKfTdPMVaUU9c6cU&ved=2ahUKEwjl27GnjfSQAxVKIBAIHWwgCdk4FBDy0wN6BAgKEA8
2025-11-15 14:58:41,705 - app.logger - INFO - [CHECK_URL] Result (POPUP): safe=True, source=cache
2025-11-15 14:58:42,653 - app.logger - INFO - [CHECK_URL] Request from POPUP: url=https://www.google.com/search?q=%D1%82%D0%BE%D1%80, has_api_key=True, ip=185.46.16.165
2025-11-15 14:58:42,653 - app.logger - INFO - 🔍 Analyzing URL: https://www.google.com/search?q=%D1%82%D0%BE%D1%80%D1%80%D0%B5%D0%BD%D1%82+%D0%B8%D0%B3%D1%80%D1%8B&sca_esv=598136d600a67ef3&biw=1920&bih=1032&sxsrf=AE3TifO99SVIzqVj6pOccIEggYwqugTqlQ:1763207906360&ei=4moYaeXiFcrAwPAP7MCkyA0&start=80&sa=N&sstk=Af77f_dbcYOdyDsx_ZQ-JlPtpGwocBtU40BVXj3l68gLhW0M370dFK8NhbGlPQ0JEP2H4juFQW6E_9do6S3sm1LuS4aDIxJd2VbcDP69FnaiMaNaDnJ6zKfTdPMVaUU9c6cU&ved=2ahUKEwjl27GnjfSQAxVKIBAIHWwgCdk4FBDy0wN6BAgKEBU
2025-11-15 14:58:42,658 - app.logger - INFO - [CHECK_URL] Result (POPUP): safe=True, source=cache
2025-11-15 14:58:48,752 - app.logger - INFO - [CHECK_URL] Request from POPUP: url=https://www.google.com/search?q=%D1%82%D0%BE%D1%80, has_api_key=True, ip=185.46.16.165
2025-11-15 14:58:48,753 - app.logger - INFO - 🔍 Analyzing URL: https://www.google.com/search?q=%D1%82%D0%BE%D1%80%D1%80%D0%B5%D0%BD%D1%82+%D0%B8%D0%B3%D1%80%D1%8B&sca_esv=598136d600a67ef3&sxsrf=AE3TifMZtzU-ZG8ReYB5jP8HCL1iBxJ42Q:1763207758996&ei=TmoYaebNPJug1fIPutGd2A8&sqi=2&start=20&sa=N&sstk=Af77f_dI-Aj38Unp0hV0NNq5yYgataDGiit00YGmG7e2e3Q9Vn_9fR4KXoqjdoZnVrlLJSzUtoV_Sv9DwY9CNiQVe_vpHsZ3-3cXqw&ved=2ahUKEwjmrI_hjPSQAxUbUFUIHbpoB_sQ8tMDegQIChAI&biw=1920&bih=1032&dpr=1
2025-11-15 14:58:48,757 - app.logger - INFO - [CHECK_URL] Result (POPUP): safe=True, source=cache
2025-11-15 14:58:52,080 - app.logger - INFO - [CHECK_URL] Request from POPUP: url=https://love-games1.net/, has_api_key=True, ip=185.46.16.165
2025-11-15 14:58:52,081 - app.logger - INFO - 🔍 Analyzing URL: https://love-games1.net/
2025-11-15 14:58:52,081 - app.logger - INFO - [CHECK_URL] Result (POPUP): safe=True, source=combined
2025-11-15 14:58:54,597 - app.logger - INFO - [CHECK_URL] Request from POPUP: url=https://love-games1.net/, has_api_key=True, ip=185.46.16.165
2025-11-15 14:58:54,598 - app.logger - INFO - 🔍 Analyzing URL: https://love-games1.net/
2025-11-15 14:58:54,598 - app.logger - INFO - [CHECK_URL] Result (POPUP): safe=True, source=combined
2025-11-15 14:58:57,271 - app.logger - INFO - [CHECK_URL] Request from POPUP: url=https://love-games1.net/#login-box, has_api_key=True, ip=185.46.16.165
2025-11-15 14:58:57,272 - app.logger - INFO - 🔍 Analyzing URL: https://love-games1.net/#login-box
2025-11-15 14:58:57,272 - app.logger - INFO - [CHECK_URL] Result (POPUP): safe=True, source=combined
2025-11-15 14:58:58,709 - app.logger - INFO - [CHECK_URL] Request from POPUP: url=https://love-games1.net/#, has_api_key=True, ip=185.46.16.165
2025-11-15 14:58:58,710 - app.logger - INFO - 🔍 Analyzing URL: https://love-games1.net/#
2025-11-15 14:58:58,710 - app.logger - INFO - [CHECK_URL] Result (POPUP): safe=True, source=combined
2025-11-15 15:00:23,992 - app.logger - INFO - [CHECK_URL] Request from POPUP: url=https://www.google.com/search?q=%D1%82%D0%BE%D1%80, has_api_key=False, ip=185.46.16.165
2025-11-15 15:00:23,993 - app.logger - INFO - 🔍 Analyzing URL: https://www.google.com/search?q=%D1%82%D0%BE%D1%80%D1%80%D0%B5%D0%BD%D1%82+%D0%B8%D0%B3%D1%80%D1%8B&sca_esv=598136d600a67ef3&sxsrf=AE3TifMZtzU-ZG8ReYB5jP8HCL1iBxJ42Q:1763207758996&ei=TmoYaebNPJug1fIPutGd2A8&sqi=2&start=20&sa=N&sstk=Af77f_dI-Aj38Unp0hV0NNq5yYgataDGiit00YGmG7e2e3Q9Vn_9fR4KXoqjdoZnVrlLJSzUtoV_Sv9DwY9CNiQVe_vpHsZ3-3cXqw&ved=2ahUKEwjmrI_hjPSQAxUbUFUIHbpoB_sQ8tMDegQIChAI&biw=1920&bih=1032&dpr=1
2025-11-15 15:00:23,993 - app.logger - INFO - [CHECK_URL] Result (POPUP): safe=True, source=cache
2025-11-15 15:00:32,227 - app.logger - INFO - [CHECK_URL] Request from POPUP: url=https://www.google.com/search?q=%D1%82%D0%BE%D1%80, has_api_key=False, ip=185.46.16.165
2025-11-15 15:00:32,227 - app.logger - INFO - 🔍 Analyzing URL: https://www.google.com/search?q=%D1%82%D0%BE%D1%80%D1%80%D0%B5%D0%BD%D1%82+%D0%B8%D0%B3%D1%80%D1%8B&sca_esv=598136d600a67ef3&sxsrf=AE3TifMZtzU-ZG8ReYB5jP8HCL1iBxJ42Q:1763207758996&ei=TmoYaebNPJug1fIPutGd2A8&sqi=2&start=20&sa=N&sstk=Af77f_dI-Aj38Unp0hV0NNq5yYgataDGiit00YGmG7e2e3Q9Vn_9fR4KXoqjdoZnVrlLJSzUtoV_Sv9DwY9CNiQVe_vpHsZ3-3cXqw&ved=2ahUKEwjmrI_hjPSQAxUbUFUIHbpoB_sQ8tMDegQIChAI&biw=1920&bih=1032&dpr=1
2025-11-15 15:00:32,228 - app.logger - INFO - [CHECK_URL] Result (POPUP): safe=True, source=cache
2025-11-15 15:00:43,676 - app.auth - INFO - User logged in: username=178, user_id=3
2025-11-15 15:01:01,589 - app.logger - INFO - [CHECK_URL] Request from POPUP: url=https://tanki.su/ru/game/download/, has_api_key=True, ip=185.46.16.165
2025-11-15 15:01:01,589 - app.logger - INFO - 🔍 Analyzing URL: https://tanki.su/ru/game/download/
2025-11-15 15:01:01,590 - app.logger - INFO - [CHECK_URL] Result (POPUP): safe=True, source=combined
2025-11-15 15:01:02,696 - app.logger - INFO - [CHECK_URL] Request from POPUP: url=https://love-games1.net/, has_api_key=True, ip=185.46.16.165
2025-11-15 15:01:02,696 - app.logger - INFO - 🔍 Analyzing URL: https://love-games1.net/
2025-11-15 15:01:02,696 - app.logger - INFO - [CHECK_URL] Result (POPUP): safe=True, source=combined
2025-11-15 15:01:03,688 - app.logger - INFO - [CHECK_URL] Request from POPUP: url=https://www.xbox.com/ru-RU/apps/xbox-app-on-pc, has_api_key=True, ip=185.46.16.165
2025-11-15 15:01:03,689 - app.logger - INFO - 🔍 Analyzing URL: https://www.xbox.com/ru-RU/apps/xbox-app-on-pc
2025-11-15 15:01:03,689 - app.logger - INFO - [CHECK_URL] Result (POPUP): safe=True, source=combined
2025-11-15 15:01:04,572 - app.logger - INFO - [CHECK_URL] Request from POPUP: url=https://www.microsoft.com/ru-ru/software-download/, has_api_key=True, ip=185.46.16.165
2025-11-15 15:01:04,573 - app.logger - INFO - 🔍 Analyzing URL: https://www.microsoft.com/ru-ru/software-download/windows11
2025-11-15 15:01:04,573 - app.logger - INFO - [CHECK_URL] Result (POPUP): safe=True, source=combined
2025-11-15 15:01:06,190 - app.logger - INFO - [CHECK_URL] Request from POPUP: url=https://gofrag.ru/, has_api_key=True, ip=185.46.16.165
2025-11-15 15:01:06,191 - app.logger - INFO - 🔍 Analyzing URL: https://gofrag.ru/
2025-11-15 15:01:06,191 - app.logger - INFO - [CHECK_URL] Result (POPUP): safe=True, source=combined
2025-11-15 15:01:07,051 - app.logger - INFO - [CHECK_URL] Request from POPUP: url=https://obsproject.com/ru/download, has_api_key=True, ip=185.46.16.165
2025-11-15 15:01:07,051 - app.logger - INFO - 🔍 Analyzing URL: https://obsproject.com/ru/download
2025-11-15 15:01:07,052 - app.logger - INFO - [CHECK_URL] Result (POPUP): safe=True, source=combined
2025-11-15 15:02:24,665 - app.logger - WARNING - Blocked suspicious path: /wp-admin/setup-config.php
2025-11-15 15:05:41,723 - app.logger - WARNING - Blocked suspicious path: /wp-admin/setup-config.php
2025-11-15 15:09:13,614 - app.logger - INFO - [CHECK_URL] Request from POPUP: url=https://www.xbox.com/ru-RU/apps/xbox-app-on-pc, has_api_key=True, ip=185.46.16.165
2025-11-15 15:09:13,615 - app.logger - INFO - 🔍 Analyzing URL: https://www.xbox.com/ru-RU/apps/xbox-app-on-pc
2025-11-15 15:09:13,618 - app.logger - INFO - 🔍 Checking external APIs for: https://www.xbox.com/ru-RU/apps/xbox-app-on-pc
2025-11-15 15:09:13,618 - app.logger - INFO - 🔍 Combining external results for https://www.xbox.com/ru-RU/apps/xbox-app-on-pc: {}
2025-11-15 15:09:13,618 - app.logger - INFO - 🔍 Final external API result for https://www.xbox.com/ru-RU/apps/xbox-app-on-pc: {'safe': True, 'threat_type': None, 'details': 'All external scans clean', 'external_scans': {}, 'confidence': 50}
2025-11-15 15:09:13,618 - app.logger - INFO - 🔍 External API result: safe=True, threat_type=None
2025-11-15 15:09:13,619 - app.logger - INFO - ✅ External APIs found https://www.xbox.com/ru-RU/apps/xbox-app-on-pc to be safe
2025-11-15 15:09:13,624 - app.logger - INFO - [CHECK_URL] Result (POPUP): safe=True, source=combined
2025-11-15 15:09:15,003 - app.logger - INFO - [CHECK_URL] Request from POPUP: url=https://love-games1.net/, has_api_key=True, ip=185.46.16.165
2025-11-15 15:09:15,003 - app.logger - INFO - 🔍 Analyzing URL: https://love-games1.net/
2025-11-15 15:09:15,005 - app.logger - INFO - 🔍 Checking external APIs for: https://love-games1.net/
2025-11-15 15:09:15,006 - app.logger - INFO - 🔍 Combining external results for https://love-games1.net/: {}
2025-11-15 15:09:15,006 - app.logger - INFO - 🔍 Final external API result for https://love-games1.net/: {'safe': True, 'threat_type': None, 'details': 'All external scans clean', 'external_scans': {}, 'confidence': 50}
2025-11-15 15:09:15,006 - app.logger - INFO - 🔍 External API result: safe=True, threat_type=None
2025-11-15 15:09:15,006 - app.logger - INFO - ✅ External APIs found https://love-games1.net/ to be safe
2025-11-15 15:09:15,012 - app.logger - INFO - [CHECK_URL] Result (POPUP): safe=True, source=combined
2025-11-15 15:09:16,800 - app.logger - INFO - [CHECK_URL] Request from POPUP: url=https://moreigr.games/, has_api_key=True, ip=185.46.16.165
2025-11-15 15:09:16,800 - app.logger - INFO - 🔍 Analyzing URL: https://moreigr.games/
2025-11-15 15:09:16,803 - app.logger - INFO - 🔍 Checking external APIs for: https://moreigr.games/
2025-11-15 15:09:16,803 - app.logger - INFO - 🔍 Combining external results for https://moreigr.games/: {}
2025-11-15 15:09:16,803 - app.logger - INFO - 🔍 Final external API result for https://moreigr.games/: {'safe': True, 'threat_type': None, 'details': 'All external scans clean', 'external_scans': {}, 'confidence': 50}
2025-11-15 15:09:16,804 - app.logger - INFO - 🔍 External API result: safe=True, threat_type=None
2025-11-15 15:09:16,804 - app.logger - INFO - ✅ External APIs found https://moreigr.games/ to be safe
2025-11-15 15:09:16,810 - app.logger - INFO - [CHECK_URL] Result (POPUP): safe=True, source=combined
2025-11-15 15:15:12,885 - app.logger - INFO - [CHECK_URL] Request from POPUP: url=https://www.google.com/search?q=%D1%82%D0%BE%D1%80, has_api_key=True, ip=185.46.16.165
2025-11-15 15:15:12,886 - app.logger - INFO - 🔍 Analyzing URL: https://www.google.com/search?q=%D1%82%D0%BE%D1%80%D1%80%D0%B5%D0%BD%D1%82+%D0%B8%D0%B3%D1%80%D1%8B&sca_esv=598136d600a67ef3&sxsrf=AE3TifMZtzU-ZG8ReYB5jP8HCL1iBxJ42Q:1763207758996&ei=TmoYaebNPJug1fIPutGd2A8&sqi=2&start=20&sa=N&sstk=Af77f_dI-Aj38Unp0hV0NNq5yYgataDGiit00YGmG7e2e3Q9Vn_9fR4KXoqjdoZnVrlLJSzUtoV_Sv9DwY9CNiQVe_vpHsZ3-3cXqw&ved=2ahUKEwjmrI_hjPSQAxUbUFUIHbpoB_sQ8tMDegQIChAI&biw=1920&bih=1032&dpr=1
2025-11-15 15:15:12,888 - app.logger - INFO - 🔍 Checking external APIs for: https://www.google.com/search?q=%D1%82%D0%BE%D1%80%D1%80%D0%B5%D0%BD%D1%82+%D0%B8%D0%B3%D1%80%D1%8B&sca_esv=598136d600a67ef3&sxsrf=AE3TifMZtzU-ZG8ReYB5jP8HCL1iBxJ42Q:1763207758996&ei=TmoYaebNPJug1fIPutGd2A8&sqi=2&start=20&sa=N&sstk=Af77f_dI-Aj38Unp0hV0NNq5yYgataDGiit00YGmG7e2e3Q9Vn_9fR4KXoqjdoZnVrlLJSzUtoV_Sv9DwY9CNiQVe_vpHsZ3-3cXqw&ved=2ahUKEwjmrI_hjPSQAxUbUFUIHbpoB_sQ8tMDegQIChAI&biw=1920&bih=1032&dpr=1
2025-11-15 15:15:12,889 - app.logger - INFO - 🔍 Combining external results for https://www.google.com/search?q=%D1%82%D0%BE%D1%80%D1%80%D0%B5%D0%BD%D1%82+%D0%B8%D0%B3%D1%80%D1%8B&sca_esv=598136d600a67ef3&sxsrf=AE3TifMZtzU-ZG8ReYB5jP8HCL1iBxJ42Q:1763207758996&ei=TmoYaebNPJug1fIPutGd2A8&sqi=2&start=20&sa=N&sstk=Af77f_dI-Aj38Unp0hV0NNq5yYgataDGiit00YGmG7e2e3Q9Vn_9fR4KXoqjdoZnVrlLJSzUtoV_Sv9DwY9CNiQVe_vpHsZ3-3cXqw&ved=2ahUKEwjmrI_hjPSQAxUbUFUIHbpoB_sQ8tMDegQIChAI&biw=1920&bih=1032&dpr=1: {}
2025-11-15 15:15:12,889 - app.logger - INFO - 🔍 Final external API result for https://www.google.com/search?q=%D1%82%D0%BE%D1%80%D1%80%D0%B5%D0%BD%D1%82+%D0%B8%D0%B3%D1%80%D1%8B&sca_esv=598136d600a67ef3&sxsrf=AE3TifMZtzU-ZG8ReYB5jP8HCL1iBxJ42Q:1763207758996&ei=TmoYaebNPJug1fIPutGd2A8&sqi=2&start=20&sa=N&sstk=Af77f_dI-Aj38Unp0hV0NNq5yYgataDGiit00YGmG7e2e3Q9Vn_9fR4KXoqjdoZnVrlLJSzUtoV_Sv9DwY9CNiQVe_vpHsZ3-3cXqw&ved=2ahUKEwjmrI_hjPSQAxUbUFUIHbpoB_sQ8tMDegQIChAI&biw=1920&bih=1032&dpr=1: {'safe': True, 'threat_type': None, 'details': 'All external scans clean', 'external_scans': {}, 'confidence': 50}
2025-11-15 15:15:12,889 - app.logger - INFO - 🔍 External API result: safe=True, threat_type=None
2025-11-15 15:15:12,889 - app.logger - INFO - ✅ External APIs found https://www.google.com/search?q=%D1%82%D0%BE%D1%80%D1%80%D0%B5%D0%BD%D1%82+%D0%B8%D0%B3%D1%80%D1%8B&sca_esv=598136d600a67ef3&sxsrf=AE3TifMZtzU-ZG8ReYB5jP8HCL1iBxJ42Q:1763207758996&ei=TmoYaebNPJug1fIPutGd2A8&sqi=2&start=20&sa=N&sstk=Af77f_dI-Aj38Unp0hV0NNq5yYgataDGiit00YGmG7e2e3Q9Vn_9fR4KXoqjdoZnVrlLJSzUtoV_Sv9DwY9CNiQVe_vpHsZ3-3cXqw&ved=2ahUKEwjmrI_hjPSQAxUbUFUIHbpoB_sQ8tMDegQIChAI&biw=1920&bih=1032&dpr=1 to be safe
2025-11-15 15:15:12,895 - app.logger - INFO - [CHECK_URL] Result (POPUP): safe=True, source=combined
2025-11-15 15:15:17,018 - app.logger - INFO - [CHECK_URL] Request from POPUP: url=https://www.google.com/search?q=%D1%82%D0%BE%D1%80, has_api_key=True, ip=185.46.16.165
2025-11-15 15:15:17,018 - app.logger - INFO - 🔍 Analyzing URL: https://www.google.com/search?q=%D1%82%D0%BE%D1%80%D1%80%D0%B5%D0%BD%D1%82+%D0%B8%D0%B3%D1%80%D1%8B&sca_esv=598136d600a67ef3&sxsrf=AE3TifMZtzU-ZG8ReYB5jP8HCL1iBxJ42Q:1763207758996&ei=TmoYaebNPJug1fIPutGd2A8&sqi=2&start=20&sa=N&sstk=Af77f_dI-Aj38Unp0hV0NNq5yYgataDGiit00YGmG7e2e3Q9Vn_9fR4KXoqjdoZnVrlLJSzUtoV_Sv9DwY9CNiQVe_vpHsZ3-3cXqw&ved=2ahUKEwjmrI_hjPSQAxUbUFUIHbpoB_sQ8tMDegQIChAI&biw=1920&bih=1032&dpr=1
2025-11-15 15:15:17,019 - app.logger - INFO - [CHECK_URL] Result (POPUP): safe=True, source=combined
2025-11-15 15:16:12,685 - app.auth - INFO - User logged in: username=178, user_id=3
2025-11-15 15:16:17,579 - app.logger - INFO - [CHECK_URL] Request from POPUP: url=https://www.google.com/search?q=%D1%82%D0%BE%D1%80, has_api_key=True, ip=185.46.16.165
2025-11-15 15:16:17,580 - app.logger - INFO - 🔍 Analyzing URL: https://www.google.com/search?q=%D1%82%D0%BE%D1%80%D1%80%D0%B5%D0%BD%D1%82+%D0%B8%D0%B3%D1%80%D1%8B&sca_esv=598136d600a67ef3&sxsrf=AE3TifMZtzU-ZG8ReYB5jP8HCL1iBxJ42Q:1763207758996&ei=TmoYaebNPJug1fIPutGd2A8&sqi=2&start=20&sa=N&sstk=Af77f_dI-Aj38Unp0hV0NNq5yYgataDGiit00YGmG7e2e3Q9Vn_9fR4KXoqjdoZnVrlLJSzUtoV_Sv9DwY9CNiQVe_vpHsZ3-3cXqw&ved=2ahUKEwjmrI_hjPSQAxUbUFUIHbpoB_sQ8tMDegQIChAI&biw=1920&bih=1032&dpr=1
2025-11-15 15:16:17,580 - app.logger - INFO - [CHECK_URL] Result (POPUP): safe=True, source=combined
2025-11-15 15:16:19,737 - app.logger - INFO - [CHECK_URL] Request from HOVER: url=https://www.xbox.com/ru-RU/apps/xbox-app-on-pc, has_api_key=True, ip=185.46.16.165
2025-11-15 15:16:19,738 - app.logger - INFO - 🔍 Analyzing URL: https://www.xbox.com/ru-RU/apps/xbox-app-on-pc
2025-11-15 15:16:19,740 - app.logger - INFO - 🔍 Checking external APIs for: https://www.xbox.com/ru-RU/apps/xbox-app-on-pc
2025-11-15 15:16:19,741 - app.logger - INFO - 🔍 Combining external results for https://www.xbox.com/ru-RU/apps/xbox-app-on-pc: {}
2025-11-15 15:16:19,741 - app.logger - INFO - 🔍 Final external API result for https://www.xbox.com/ru-RU/apps/xbox-app-on-pc: {'safe': True, 'threat_type': None, 'details': 'All external scans clean', 'external_scans': {}, 'confidence': 50}
2025-11-15 15:16:19,741 - app.logger - INFO - 🔍 External API result: safe=True, threat_type=None
2025-11-15 15:16:19,741 - app.logger - INFO - ✅ External APIs found https://www.xbox.com/ru-RU/apps/xbox-app-on-pc to be safe
2025-11-15 15:16:19,746 - app.logger - INFO - [CHECK_URL] Result (HOVER): safe=True, source=combined
2025-11-15 15:16:21,033 - app.logger - INFO - [CHECK_URL] Request from HOVER: url=https://www.microsoft.com/ru-ru/software-download/, has_api_key=True, ip=185.46.16.165
2025-11-15 15:16:21,034 - app.logger - INFO - 🔍 Analyzing URL: https://www.microsoft.com/ru-ru/software-download/windows11
2025-11-15 15:16:21,036 - app.logger - INFO - 🔍 Checking external APIs for: https://www.microsoft.com/ru-ru/software-download/windows11
2025-11-15 15:16:21,037 - app.logger - INFO - 🔍 Combining external results for https://www.microsoft.com/ru-ru/software-download/windows11: {}
2025-11-15 15:16:21,037 - app.logger - INFO - 🔍 Final external API result for https://www.microsoft.com/ru-ru/software-download/windows11: {'safe': True, 'threat_type': None, 'details': 'All external scans clean', 'external_scans': {}, 'confidence': 50}
2025-11-15 15:16:21,037 - app.logger - INFO - 🔍 External API result: safe=True, threat_type=None
2025-11-15 15:16:21,037 - app.logger - INFO - ✅ External APIs found https://www.microsoft.com/ru-ru/software-download/windows11 to be safe
2025-11-15 15:16:21,044 - app.logger - INFO - [CHECK_URL] Result (HOVER): safe=True, source=combined
2025-11-15 15:16:22,242 - app.logger - INFO - [CHECK_URL] Request from HOVER: url=https://moreigr.games/, has_api_key=True, ip=185.46.16.165
2025-11-15 15:16:22,243 - app.logger - INFO - 🔍 Analyzing URL: https://moreigr.games/
2025-11-15 15:16:22,245 - app.logger - INFO - 🔍 Checking external APIs for: https://moreigr.games/
2025-11-15 15:16:22,246 - app.logger - INFO - 🔍 Combining external results for https://moreigr.games/: {}
2025-11-15 15:16:22,246 - app.logger - INFO - 🔍 Final external API result for https://moreigr.games/: {'safe': True, 'threat_type': None, 'details': 'All external scans clean', 'external_scans': {}, 'confidence': 50}
2025-11-15 15:16:22,246 - app.logger - INFO - 🔍 External API result: safe=True, threat_type=None
2025-11-15 15:16:22,246 - app.logger - INFO - ✅ External APIs found https://moreigr.games/ to be safe
2025-11-15 15:16:22,253 - app.logger - INFO - [CHECK_URL] Result (HOVER): safe=True, source=combined
2025-11-15 15:16:23,142 - app.logger - INFO - [CHECK_URL] Request from HOVER: url=https://gofrag.ru/, has_api_key=True, ip=185.46.16.165
2025-11-15 15:16:23,143 - app.logger - INFO - 🔍 Analyzing URL: https://gofrag.ru/
2025-11-15 15:16:23,145 - app.logger - INFO - 🔍 Checking external APIs for: https://gofrag.ru/
2025-11-15 15:16:23,145 - app.logger - INFO - 🔍 Combining external results for https://gofrag.ru/: {}
2025-11-15 15:16:23,145 - app.logger - INFO - 🔍 Final external API result for https://gofrag.ru/: {'safe': True, 'threat_type': None, 'details': 'All external scans clean', 'external_scans': {}, 'confidence': 50}
2025-11-15 15:16:23,145 - app.logger - INFO - 🔍 External API result: safe=True, threat_type=None
2025-11-15 15:16:23,146 - app.logger - INFO - ✅ External APIs found https://gofrag.ru/ to be safe
2025-11-15 15:16:23,150 - app.logger - INFO - [CHECK_URL] Result (HOVER): safe=True, source=combined
2025-11-15 15:16:25,763 - app.logger - INFO - [CHECK_URL] Request from HOVER: url=https://love-games1.net/, has_api_key=True, ip=185.46.16.165
2025-11-15 15:16:25,764 - app.logger - INFO - 🔍 Analyzing URL: https://love-games1.net/
2025-11-15 15:16:25,766 - app.logger - INFO - 🔍 Checking external APIs for: https://love-games1.net/
2025-11-15 15:16:25,766 - app.logger - INFO - 🔍 Combining external results for https://love-games1.net/: {}
2025-11-15 15:16:25,766 - app.logger - INFO - 🔍 Final external API result for https://love-games1.net/: {'safe': True, 'threat_type': None, 'details': 'All external scans clean', 'external_scans': {}, 'confidence': 50}
2025-11-15 15:16:25,767 - app.logger - INFO - 🔍 External API result: safe=True, threat_type=None
2025-11-15 15:16:25,767 - app.logger - INFO - ✅ External APIs found https://love-games1.net/ to be safe
2025-11-15 15:16:25,771 - app.logger - INFO - [CHECK_URL] Result (HOVER): safe=True, source=combined
2025-11-15 15:16:27,019 - app.logger - INFO - [CHECK_URL] Request from HOVER: url=https://tanki.su/ru/game/download/, has_api_key=True, ip=185.46.16.165
2025-11-15 15:16:27,019 - app.logger - INFO - 🔍 Analyzing URL: https://tanki.su/ru/game/download/
2025-11-15 15:16:27,021 - app.logger - INFO - 🔍 Checking external APIs for: https://tanki.su/ru/game/download/
2025-11-15 15:16:27,022 - app.logger - INFO - 🔍 Combining external results for https://tanki.su/ru/game/download/: {}
2025-11-15 15:16:27,022 - app.logger - INFO - 🔍 Final external API result for https://tanki.su/ru/game/download/: {'safe': True, 'threat_type': None, 'details': 'All external scans clean', 'external_scans': {}, 'confidence': 50}
2025-11-15 15:16:27,022 - app.logger - INFO - 🔍 External API result: safe=True, threat_type=None
2025-11-15 15:16:27,022 - app.logger - INFO - ✅ External APIs found https://tanki.su/ru/game/download/ to be safe
2025-11-15 15:16:27,029 - app.logger - INFO - [CHECK_URL] Result (HOVER): safe=True, source=combined
2025-11-15 15:16:29,237 - app.logger - INFO - [CHECK_URL] Request from HOVER: url=https://www.google.com/search?q=%D1%82%D0%BE%D1%80, has_api_key=True, ip=185.46.16.165
2025-11-15 15:16:29,237 - app.logger - INFO - 🔍 Analyzing URL: https://www.google.com/search?q=%D1%82%D0%BE%D1%80%D1%80%D0%B5%D0%BD%D1%82+%D0%B8%D0%B3%D1%80%D1%8B&sca_esv=598136d600a67ef3&biw=1920&bih=1032&sxsrf=AE3TifOrwDympGyQiZYmkaN2_7gWfFQD9A:1763208050199&ei=cmsYacb2C_O5wPAPx9K-0QY&start=10&sa=N&sstk=Af77f_e7rS8mrnLqbskyIo_Ge_Ye9Tg-9mGvlY6EpYxQXdngusQcdsKXfG4YSHplVY2suwhY4y9Zms5a7xhrKm21dQxT25RvD9Z3lMSmbiFg2mF04p9fNz3ubln3LclnYItL&ved=2ahUKEwjG9_zrjfSQAxXzHBAIHUepL2o4FBDy0wN6BAgKEAg
2025-11-15 15:16:29,244 - app.logger - INFO - [CHECK_URL] Result (HOVER): safe=True, source=cache
2025-11-15 15:16:29,595 - app.logger - INFO - [CHECK_URL] Request from HOVER: url=https://www.google.com/search?q=%D1%82%D0%BE%D1%80, has_api_key=True, ip=185.46.16.165
2025-11-15 15:16:29,596 - app.logger - INFO - 🔍 Analyzing URL: https://www.google.com/search?q=%D1%82%D0%BE%D1%80%D1%80%D0%B5%D0%BD%D1%82+%D0%B8%D0%B3%D1%80%D1%8B&sca_esv=598136d600a67ef3&biw=1920&bih=1032&sxsrf=AE3TifOrwDympGyQiZYmkaN2_7gWfFQD9A:1763208050199&ei=cmsYacb2C_O5wPAPx9K-0QY&start=0&sa=N&sstk=Af77f_e7rS8mrnLqbskyIo_Ge_Ye9Tg-9mGvlY6EpYxQXdngusQcdsKXfG4YSHplVY2suwhY4y9Zms5a7xhrKm21dQxT25RvD9Z3lMSmbiFg2mF04p9fNz3ubln3LclnYItL&ved=2ahUKEwjG9_zrjfSQAxXzHBAIHUepL2o4FBDy0wN6BAgKEAY
2025-11-15 15:16:29,599 - app.logger - INFO - [CHECK_URL] Result (HOVER): safe=True, source=cache
2025-11-15 15:16:29,927 - app.logger - INFO - [CHECK_URL] Request from POPUP: url=https://www.google.com/search?q=%D1%82%D0%BE%D1%80, has_api_key=True, ip=185.46.16.165
2025-11-15 15:16:29,928 - app.logger - INFO - 🔍 Analyzing URL: https://www.google.com/search?q=%D1%82%D0%BE%D1%80%D1%80%D0%B5%D0%BD%D1%82+%D0%B8%D0%B3%D1%80%D1%8B&sca_esv=598136d600a67ef3&biw=1920&bih=1032&sxsrf=AE3TifOrwDympGyQiZYmkaN2_7gWfFQD9A:1763208050199&ei=cmsYacb2C_O5wPAPx9K-0QY&start=0&sa=N&sstk=Af77f_e7rS8mrnLqbskyIo_Ge_Ye9Tg-9mGvlY6EpYxQXdngusQcdsKXfG4YSHplVY2suwhY4y9Zms5a7xhrKm21dQxT25RvD9Z3lMSmbiFg2mF04p9fNz3ubln3LclnYItL&ved=2ahUKEwjG9_zrjfSQAxXzHBAIHUepL2o4FBDy0wN6BAgKEAY
2025-11-15 15:16:29,928 - app.logger - INFO - [CHECK_URL] Result (POPUP): safe=True, source=cache
2025-11-15 15:16:31,289 - app.logger - INFO - [CHECK_URL] Request from HOVER: url=https://itorrents-igruha.org/new-pc-games/, has_api_key=True, ip=185.46.16.165
2025-11-15 15:16:31,290 - app.logger - INFO - 🔍 Analyzing URL: https://itorrents-igruha.org/new-pc-games/
2025-11-15 15:16:31,292 - app.logger - INFO - 🔍 Checking external APIs for: https://itorrents-igruha.org/new-pc-games/
2025-11-15 15:16:31,292 - app.logger - INFO - 🔍 Combining external results for https://itorrents-igruha.org/new-pc-games/: {}
2025-11-15 15:16:31,292 - app.logger - INFO - 🔍 Final external API result for https://itorrents-igruha.org/new-pc-games/: {'safe': True, 'threat_type': None, 'details': 'All external scans clean', 'external_scans': {}, 'confidence': 50}
2025-11-15 15:16:31,292 - app.logger - INFO - 🔍 External API result: safe=True, threat_type=None
2025-11-15 15:16:31,292 - app.logger - INFO - ✅ External APIs found https://itorrents-igruha.org/new-pc-games/ to be safe
2025-11-15 15:16:31,298 - app.logger - INFO - [CHECK_URL] Result (HOVER): safe=True, source=combined
2025-11-15 15:16:32,006 - app.logger - INFO - [CHECK_URL] Request from HOVER: url=https://byxatab.com/, has_api_key=True, ip=185.46.16.165
2025-11-15 15:16:32,006 - app.logger - INFO - 🔍 Analyzing URL: https://byxatab.com/
2025-11-15 15:16:32,008 - app.logger - INFO - 🔍 Checking external APIs for: https://byxatab.com/
2025-11-15 15:16:32,009 - app.logger - INFO - 🔍 Combining external results for https://byxatab.com/: {}
2025-11-15 15:16:32,009 - app.logger - INFO - 🔍 Final external API result for https://byxatab.com/: {'safe': True, 'threat_type': None, 'details': 'All external scans clean', 'external_scans': {}, 'confidence': 50}
2025-11-15 15:16:32,009 - app.logger - INFO - 🔍 External API result: safe=True, threat_type=None
2025-11-15 15:16:32,009 - app.logger - INFO - ✅ External APIs found https://byxatab.com/ to be safe
2025-11-15 15:16:32,013 - app.logger - INFO - [CHECK_URL] Result (HOVER): safe=True, source=combined
2025-11-15 15:16:32,755 - app.logger - INFO - [CHECK_URL] Request from HOVER: url=https://byxatab.com/games/action/tempest-rising-20, has_api_key=True, ip=185.46.16.165
2025-11-15 15:16:32,755 - app.logger - INFO - 🔍 Analyzing URL: https://byxatab.com/games/action/tempest-rising-2025/5-1-0-3728
2025-11-15 15:16:32,759 - app.logger - INFO - [CHECK_URL] Result (HOVER): safe=True, source=cache
2025-11-15 15:16:33,472 - app.logger - INFO - [CHECK_URL] Request from HOVER: url=https://repack-byrutor.org/, has_api_key=True, ip=185.46.16.165
2025-11-15 15:16:33,473 - app.logger - INFO - 🔍 Analyzing URL: https://repack-byrutor.org/
2025-11-15 15:16:33,477 - app.logger - INFO - 🔍 Checking external APIs for: https://repack-byrutor.org/
2025-11-15 15:16:33,477 - app.logger - INFO - 🔍 Combining external results for https://repack-byrutor.org/: {}
2025-11-15 15:16:33,477 - app.logger - INFO - 🔍 Final external API result for https://repack-byrutor.org/: {'safe': True, 'threat_type': None, 'details': 'All external scans clean', 'external_scans': {}, 'confidence': 50}
2025-11-15 15:16:33,478 - app.logger - INFO - 🔍 External API result: safe=True, threat_type=None
2025-11-15 15:16:33,478 - app.logger - INFO - ✅ External APIs found https://repack-byrutor.org/ to be safe
2025-11-15 15:16:33,482 - app.logger - INFO - [CHECK_URL] Result (HOVER): safe=True, source=combined
2025-11-15 15:16:34,490 - app.logger - INFO - [CHECK_URL] Request from HOVER: url=https://44torrent.games/, has_api_key=True, ip=185.46.16.165
2025-11-15 15:16:34,491 - app.logger - INFO - 🔍 Analyzing URL: https://44torrent.games/
2025-11-15 15:16:34,493 - app.logger - INFO - 🔍 Checking external APIs for: https://44torrent.games/
2025-11-15 15:16:34,493 - app.logger - INFO - 🔍 Combining external results for https://44torrent.games/: {}
2025-11-15 15:16:34,493 - app.logger - INFO - 🔍 Final external API result for https://44torrent.games/: {'safe': True, 'threat_type': None, 'details': 'All external scans clean', 'external_scans': {}, 'confidence': 50}
2025-11-15 15:16:34,494 - app.logger - INFO - 🔍 External API result: safe=True, threat_type=None
2025-11-15 15:16:34,494 - app.logger - INFO - ✅ External APIs found https://44torrent.games/ to be safe
2025-11-15 15:16:34,498 - app.logger - INFO - [CHECK_URL] Result (HOVER): safe=True, source=combined
2025-11-15 15:16:35,377 - app.logger - INFO - [CHECK_URL] Request from HOVER: url=https://thelastgame.org/2024-god/, has_api_key=True, ip=185.46.16.165
2025-11-15 15:16:35,378 - app.logger - INFO - 🔍 Analyzing URL: https://thelastgame.org/2024-god/
2025-11-15 15:16:35,380 - app.logger - INFO - 🔍 Checking external APIs for: https://thelastgame.org/2024-god/
2025-11-15 15:16:35,381 - app.logger - INFO - 🔍 Combining external results for https://thelastgame.org/2024-god/: {}
2025-11-15 15:16:35,381 - app.logger - INFO - 🔍 Final external API result for https://thelastgame.org/2024-god/: {'safe': True, 'threat_type': None, 'details': 'All external scans clean', 'external_scans': {}, 'confidence': 50}
2025-11-15 15:16:35,381 - app.logger - INFO - 🔍 External API result: safe=True, threat_type=None
2025-11-15 15:16:35,381 - app.logger - INFO - ✅ External APIs found https://thelastgame.org/2024-god/ to be safe
2025-11-15 15:16:35,386 - app.logger - INFO - [CHECK_URL] Result (HOVER): safe=True, source=combined
2025-11-15 15:16:35,977 - app.logger - INFO - [CHECK_URL] Request from HOVER: url=https://thelastgame.org/, has_api_key=True, ip=185.46.16.165
2025-11-15 15:16:35,978 - app.logger - INFO - 🔍 Analyzing URL: https://thelastgame.org/
2025-11-15 15:16:35,984 - app.logger - INFO - [CHECK_URL] Result (HOVER): safe=True, source=cache
2025-11-15 15:20:38,952 - app.logger - INFO - [CHECK_URL] Request from POPUP: url=https://aegis.builders/vscode/?folder=/opt/Aegis, has_api_key=True, ip=185.46.16.165
2025-11-15 15:20:38,954 - app.logger - INFO - 🔍 Analyzing URL: https://aegis.builders/vscode/?folder=/opt/Aegis
2025-11-15 15:20:38,964 - app.logger - INFO - 🔍 Checking external APIs for: https://aegis.builders/vscode/?folder=/opt/Aegis
2025-11-15 15:20:38,964 - app.logger - INFO - 🔍 Combining external results for https://aegis.builders/vscode/?folder=/opt/Aegis: {}
2025-11-15 15:20:38,965 - app.logger - INFO - 🔍 Final external API result for https://aegis.builders/vscode/?folder=/opt/Aegis: {'safe': True, 'threat_type': None, 'details': 'All external scans clean', 'external_scans': {}, 'confidence': 50}
2025-11-15 15:20:38,965 - app.logger - INFO - 🔍 External API result: safe=True, threat_type=None
2025-11-15 15:20:38,965 - app.logger - INFO - ✅ External APIs found https://aegis.builders/vscode/?folder=/opt/Aegis to be safe
2025-11-15 15:20:38,972 - app.logger - INFO - [CHECK_URL] Result (POPUP): safe=True, source=combined
2025-11-15 15:20:52,612 - app.logger - INFO - [CHECK_URL] Request from HOVER: url=https://vk.com/torrent_igruha, has_api_key=True, ip=185.46.16.165
2025-11-15 15:20:52,613 - app.logger - INFO - 🔍 Analyzing URL: https://vk.com/torrent_igruha
2025-11-15 15:20:52,616 - app.logger - INFO - 🔍 Checking external APIs for: https://vk.com/torrent_igruha
2025-11-15 15:20:52,616 - app.logger - INFO - 🔍 Combining external results for https://vk.com/torrent_igruha: {}
2025-11-15 15:20:52,616 - app.logger - INFO - 🔍 Final external API result for https://vk.com/torrent_igruha: {'safe': True, 'threat_type': None, 'details': 'All external scans clean', 'external_scans': {}, 'confidence': 50}
2025-11-15 15:20:52,617 - app.logger - INFO - 🔍 External API result: safe=True, threat_type=None
2025-11-15 15:20:52,617 - app.logger - INFO - ✅ External APIs found https://vk.com/torrent_igruha to be safe
2025-11-15 15:20:52,622 - app.logger - INFO - [CHECK_URL] Result (HOVER): safe=True, source=combined
2025-11-15 15:20:55,749 - app.logger - INFO - [CHECK_URL] Request from HOVER: url=https://otvet.mail.ru/question/241833080, has_api_key=True, ip=185.46.16.165
2025-11-15 15:20:55,749 - app.logger - INFO - 🔍 Analyzing URL: https://otvet.mail.ru/question/241833080
2025-11-15 15:20:55,752 - app.logger - INFO - 🔍 Checking external APIs for: https://otvet.mail.ru/question/241833080
2025-11-15 15:20:55,752 - app.logger - INFO - 🔍 Combining external results for https://otvet.mail.ru/question/241833080: {}
2025-11-15 15:20:55,752 - app.logger - INFO - 🔍 Final external API result for https://otvet.mail.ru/question/241833080: {'safe': True, 'threat_type': None, 'details': 'All external scans clean', 'external_scans': {}, 'confidence': 50}
2025-11-15 15:20:55,752 - app.logger - INFO - 🔍 External API result: safe=True, threat_type=None
2025-11-15 15:20:55,752 - app.logger - INFO - ✅ External APIs found https://otvet.mail.ru/question/241833080 to be safe
2025-11-15 15:20:55,759 - app.logger - INFO - [CHECK_URL] Result (HOVER): safe=True, source=combined
2025-11-15 15:20:56,684 - app.logger - INFO - [CHECK_URL] Request from HOVER: url=https://ximepa.games/all-cat.html, has_api_key=True, ip=185.46.16.165
2025-11-15 15:20:56,684 - app.logger - INFO - 🔍 Analyzing URL: https://ximepa.games/all-cat.html
2025-11-15 15:20:56,687 - app.logger - INFO - 🔍 Checking external APIs for: https://ximepa.games/all-cat.html
2025-11-15 15:20:56,687 - app.logger - INFO - 🔍 Combining external results for https://ximepa.games/all-cat.html: {}
2025-11-15 15:20:56,687 - app.logger - INFO - 🔍 Final external API result for https://ximepa.games/all-cat.html: {'safe': True, 'threat_type': None, 'details': 'All external scans clean', 'external_scans': {}, 'confidence': 50}
2025-11-15 15:20:56,687 - app.logger - INFO - 🔍 External API result: safe=True, threat_type=None
2025-11-15 15:20:56,688 - app.logger - INFO - ✅ External APIs found https://ximepa.games/all-cat.html to be safe
2025-11-15 15:20:56,692 - app.logger - INFO - [CHECK_URL] Result (HOVER): safe=True, source=combined
2025-11-15 15:20:57,491 - app.logger - INFO - [CHECK_URL] Request from HOVER: url=https://ximepa.games/, has_api_key=True, ip=185.46.16.165
2025-11-15 15:20:57,492 - app.logger - INFO - 🔍 Analyzing URL: https://ximepa.games/
2025-11-15 15:20:57,495 - app.logger - INFO - [CHECK_URL] Result (HOVER): safe=True, source=cache
2025-11-15 15:21:00,152 - app.logger - INFO - [CHECK_URL] Request from POPUP: url=https://www.google.com/search?q=%D1%82%D0%BE%D1%80, has_api_key=True, ip=185.46.16.165
2025-11-15 15:21:00,152 - app.logger - INFO - 🔍 Analyzing URL: https://www.google.com/search?q=%D1%82%D0%BE%D1%80%D1%80%D0%B5%D0%BD%D1%82+%D0%B8%D0%B3%D1%80%D1%8B&sca_esv=598136d600a67ef3&sxsrf=AE3TifOrwDympGyQiZYmkaN2_7gWfFQD9A:1763208050199&ei=cmsYacb2C_O5wPAPx9K-0QY&start=0&sa=N&sstk=Af77f_e7rS8mrnLqbskyIo_Ge_Ye9Tg-9mGvlY6EpYxQXdngusQcdsKXfG4YSHplVY2suwhY4y9Zms5a7xhrKm21dQxT25RvD9Z3lMSmbiFg2mF04p9fNz3ubln3LclnYItL&ved=2ahUKEwjG9_zrjfSQAxXzHBAIHUepL2o4FBDy0wN6BAgKEAY&biw=1920&bih=1032&dpr=1
2025-11-15 15:21:00,156 - app.logger - INFO - 🔍 Checking external APIs for: https://www.google.com/search?q=%D1%82%D0%BE%D1%80%D1%80%D0%B5%D0%BD%D1%82+%D0%B8%D0%B3%D1%80%D1%8B&sca_esv=598136d600a67ef3&sxsrf=AE3TifOrwDympGyQiZYmkaN2_7gWfFQD9A:1763208050199&ei=cmsYacb2C_O5wPAPx9K-0QY&start=0&sa=N&sstk=Af77f_e7rS8mrnLqbskyIo_Ge_Ye9Tg-9mGvlY6EpYxQXdngusQcdsKXfG4YSHplVY2suwhY4y9Zms5a7xhrKm21dQxT25RvD9Z3lMSmbiFg2mF04p9fNz3ubln3LclnYItL&ved=2ahUKEwjG9_zrjfSQAxXzHBAIHUepL2o4FBDy0wN6BAgKEAY&biw=1920&bih=1032&dpr=1
2025-11-15 15:21:00,156 - app.logger - INFO - 🔍 Combining external results for https://www.google.com/search?q=%D1%82%D0%BE%D1%80%D1%80%D0%B5%D0%BD%D1%82+%D0%B8%D0%B3%D1%80%D1%8B&sca_esv=598136d600a67ef3&sxsrf=AE3TifOrwDympGyQiZYmkaN2_7gWfFQD9A:1763208050199&ei=cmsYacb2C_O5wPAPx9K-0QY&start=0&sa=N&sstk=Af77f_e7rS8mrnLqbskyIo_Ge_Ye9Tg-9mGvlY6EpYxQXdngusQcdsKXfG4YSHplVY2suwhY4y9Zms5a7xhrKm21dQxT25RvD9Z3lMSmbiFg2mF04p9fNz3ubln3LclnYItL&ved=2ahUKEwjG9_zrjfSQAxXzHBAIHUepL2o4FBDy0wN6BAgKEAY&biw=1920&bih=1032&dpr=1: {}
2025-11-15 15:21:00,156 - app.logger - INFO - 🔍 Final external API result for https://www.google.com/search?q=%D1%82%D0%BE%D1%80%D1%80%D0%B5%D0%BD%D1%82+%D0%B8%D0%B3%D1%80%D1%8B&sca_esv=598136d600a67ef3&sxsrf=AE3TifOrwDympGyQiZYmkaN2_7gWfFQD9A:1763208050199&ei=cmsYacb2C_O5wPAPx9K-0QY&start=0&sa=N&sstk=Af77f_e7rS8mrnLqbskyIo_Ge_Ye9Tg-9mGvlY6EpYxQXdngusQcdsKXfG4YSHplVY2suwhY4y9Zms5a7xhrKm21dQxT25RvD9Z3lMSmbiFg2mF04p9fNz3ubln3LclnYItL&ved=2ahUKEwjG9_zrjfSQAxXzHBAIHUepL2o4FBDy0wN6BAgKEAY&biw=1920&bih=1032&dpr=1: {'safe': True, 'threat_type': None, 'details': 'All external scans clean', 'external_scans': {}, 'confidence': 50}
2025-11-15 15:21:00,156 - app.logger - INFO - 🔍 External API result: safe=True, threat_type=None
2025-11-15 15:21:00,157 - app.logger - INFO - ✅ External APIs found https://www.google.com/search?q=%D1%82%D0%BE%D1%80%D1%80%D0%B5%D0%BD%D1%82+%D0%B8%D0%B3%D1%80%D1%8B&sca_esv=598136d600a67ef3&sxsrf=AE3TifOrwDympGyQiZYmkaN2_7gWfFQD9A:1763208050199&ei=cmsYacb2C_O5wPAPx9K-0QY&start=0&sa=N&sstk=Af77f_e7rS8mrnLqbskyIo_Ge_Ye9Tg-9mGvlY6EpYxQXdngusQcdsKXfG4YSHplVY2suwhY4y9Zms5a7xhrKm21dQxT25RvD9Z3lMSmbiFg2mF04p9fNz3ubln3LclnYItL&ved=2ahUKEwjG9_zrjfSQAxXzHBAIHUepL2o4FBDy0wN6BAgKEAY&biw=1920&bih=1032&dpr=1 to be safe
2025-11-15 15:21:00,164 - app.logger - INFO - [CHECK_URL] Result (POPUP): safe=True, source=combined
2025-11-15 15:23:43,143 - app.logger - INFO - [CHECK_URL] Request from POPUP: url=https://www.google.com/search?q=%D1%82%D0%BE%D1%80, has_api_key=True, ip=185.46.16.165
2025-11-15 15:23:43,144 - app.logger - INFO - 🔍 Analyzing URL: https://www.google.com/search?q=%D1%82%D0%BE%D1%80%D1%80%D0%B5%D0%BD%D1%82+%D0%B8%D0%B3%D1%80%D1%8B&sca_esv=598136d600a67ef3&sxsrf=AE3TifOrwDympGyQiZYmkaN2_7gWfFQD9A:1763208050199&ei=cmsYacb2C_O5wPAPx9K-0QY&start=0&sa=N&sstk=Af77f_e7rS8mrnLqbskyIo_Ge_Ye9Tg-9mGvlY6EpYxQXdngusQcdsKXfG4YSHplVY2suwhY4y9Zms5a7xhrKm21dQxT25RvD9Z3lMSmbiFg2mF04p9fNz3ubln3LclnYItL&ved=2ahUKEwjG9_zrjfSQAxXzHBAIHUepL2o4FBDy0wN6BAgKEAY&biw=1920&bih=1032&dpr=1
2025-11-15 15:23:43,144 - app.logger - INFO - [CHECK_URL] Result (POPUP): safe=True, source=combined
2025-11-15 15:23:55,571 - app.logger - INFO - [CHECK_URL] Request from POPUP: url=https://www.google.com/search?q=%D1%82%D0%BE%D1%80, has_api_key=True, ip=185.46.16.165
2025-11-15 15:23:55,571 - app.logger - INFO - 🔍 Analyzing URL: https://www.google.com/search?q=%D1%82%D0%BE%D1%80%D1%80%D0%B5%D0%BD%D1%82+%D0%B8%D0%B3%D1%80%D1%8B&sca_esv=598136d600a67ef3&sxsrf=AE3TifOrwDympGyQiZYmkaN2_7gWfFQD9A:1763208050199&ei=cmsYacb2C_O5wPAPx9K-0QY&start=0&sa=N&sstk=Af77f_e7rS8mrnLqbskyIo_Ge_Ye9Tg-9mGvlY6EpYxQXdngusQcdsKXfG4YSHplVY2suwhY4y9Zms5a7xhrKm21dQxT25RvD9Z3lMSmbiFg2mF04p9fNz3ubln3LclnYItL&ved=2ahUKEwjG9_zrjfSQAxXzHBAIHUepL2o4FBDy0wN6BAgKEAY&biw=1920&bih=1032&dpr=1
2025-11-15 15:23:55,572 - app.logger - INFO - [CHECK_URL] Result (POPUP): safe=True, source=combined
2025-11-15 15:24:13,888 - app.logger - INFO - [CHECK_URL] Request from HOVER: url=https://repack-byrutor.org/, has_api_key=True, ip=185.46.16.165
2025-11-15 15:24:13,888 - app.logger - INFO - 🔍 Analyzing URL: https://repack-byrutor.org/
2025-11-15 15:24:13,890 - app.logger - INFO - 🔍 Checking external APIs for: https://repack-byrutor.org/
2025-11-15 15:24:13,891 - app.logger - INFO - 🔍 Combining external results for https://repack-byrutor.org/: {}
2025-11-15 15:24:13,891 - app.logger - INFO - 🔍 Final external API result for https://repack-byrutor.org/: {'safe': True, 'threat_type': None, 'details': 'All external scans clean', 'external_scans': {}, 'confidence': 50}
2025-11-15 15:24:13,891 - app.logger - INFO - 🔍 External API result: safe=True, threat_type=None
2025-11-15 15:24:13,891 - app.logger - INFO - ✅ External APIs found https://repack-byrutor.org/ to be safe
2025-11-15 15:24:13,897 - app.logger - INFO - [CHECK_URL] Result (HOVER): safe=True, source=combined
2025-11-15 15:24:14,731 - app.logger - INFO - [CHECK_URL] Request from HOVER: url=https://www.youtube.com/watch?v=81yeMEwSF64, has_api_key=True, ip=185.46.16.165
2025-11-15 15:24:14,731 - app.logger - INFO - 🔍 Analyzing URL: https://www.youtube.com/watch?v=81yeMEwSF64
2025-11-15 15:24:14,736 - app.logger - INFO - 🔍 Checking external APIs for: https://www.youtube.com/watch?v=81yeMEwSF64
2025-11-15 15:24:14,736 - app.logger - INFO - 🔍 Combining external results for https://www.youtube.com/watch?v=81yeMEwSF64: {}
2025-11-15 15:24:14,736 - app.logger - INFO - 🔍 Final external API result for https://www.youtube.com/watch?v=81yeMEwSF64: {'safe': True, 'threat_type': None, 'details': 'All external scans clean', 'external_scans': {}, 'confidence': 50}
2025-11-15 15:24:14,737 - app.logger - INFO - 🔍 External API result: safe=True, threat_type=None
2025-11-15 15:24:14,737 - app.logger - INFO - ✅ External APIs found https://www.youtube.com/watch?v=81yeMEwSF64 to be safe
2025-11-15 15:24:14,742 - app.logger - INFO - [CHECK_URL] Result (HOVER): safe=True, source=combined
2025-11-15 15:24:15,306 - app.logger - INFO - [CHECK_URL] Request from HOVER: url=https://otvet.mail.ru/question/241833080, has_api_key=True, ip=185.46.16.165
2025-11-15 15:24:15,307 - app.logger - INFO - 🔍 Analyzing URL: https://otvet.mail.ru/question/241833080
2025-11-15 15:24:15,307 - app.logger - INFO - [CHECK_URL] Result (HOVER): safe=True, source=combined
2025-11-15 15:24:16,761 - app.logger - INFO - [CHECK_URL] Request from HOVER: url=https://ximepa.games/, has_api_key=True, ip=185.46.16.165
2025-11-15 15:24:16,761 - app.logger - INFO - 🔍 Analyzing URL: https://ximepa.games/
2025-11-15 15:24:16,761 - app.logger - INFO - [CHECK_URL] Result (HOVER): safe=True, source=cache
2025-11-15 15:24:18,926 - app.logger - INFO - [CHECK_URL] Request from POPUP: url=https://www.google.com/search?q=%D1%82%D0%BE%D1%80, has_api_key=True, ip=185.46.16.165
2025-11-15 15:24:18,926 - app.logger - INFO - 🔍 Analyzing URL: https://www.google.com/search?q=%D1%82%D0%BE%D1%80%D1%80%D0%B5%D0%BD%D1%82+%D0%B8%D0%B3%D1%80%D1%8B&sca_esv=598136d600a67ef3&sxsrf=AE3TifOrwDympGyQiZYmkaN2_7gWfFQD9A:1763208050199&ei=cmsYacb2C_O5wPAPx9K-0QY&start=0&sa=N&sstk=Af77f_e7rS8mrnLqbskyIo_Ge_Ye9Tg-9mGvlY6EpYxQXdngusQcdsKXfG4YSHplVY2suwhY4y9Zms5a7xhrKm21dQxT25RvD9Z3lMSmbiFg2mF04p9fNz3ubln3LclnYItL&ved=2ahUKEwjG9_zrjfSQAxXzHBAIHUepL2o4FBDy0wN6BAgKEAY&biw=1920&bih=1032&dpr=1
2025-11-15 15:24:18,927 - app.logger - INFO - [CHECK_URL] Result (POPUP): safe=True, source=combined
2025-11-15 15:24:53,006 - app.logger - INFO - [CHECK_URL] Request from POPUP: url=https://www.google.com/search?q=%D1%82%D0%BE%D1%80, has_api_key=True, ip=185.46.16.165
2025-11-15 15:24:53,007 - app.logger - INFO - 🔍 Analyzing URL: https://www.google.com/search?q=%D1%82%D0%BE%D1%80%D1%80%D0%B5%D0%BD%D1%82+%D0%B8%D0%B3%D1%80%D1%8B&sca_esv=598136d600a67ef3&sxsrf=AE3TifOrwDympGyQiZYmkaN2_7gWfFQD9A:1763208050199&ei=cmsYacb2C_O5wPAPx9K-0QY&start=0&sa=N&sstk=Af77f_e7rS8mrnLqbskyIo_Ge_Ye9Tg-9mGvlY6EpYxQXdngusQcdsKXfG4YSHplVY2suwhY4y9Zms5a7xhrKm21dQxT25RvD9Z3lMSmbiFg2mF04p9fNz3ubln3LclnYItL&ved=2ahUKEwjG9_zrjfSQAxXzHBAIHUepL2o4FBDy0wN6BAgKEAY&biw=1920&bih=1032&dpr=1
2025-11-15 15:24:53,007 - app.logger - INFO - [CHECK_URL] Result (POPUP): safe=True, source=combined
2025-11-15 15:25:11,606 - app.logger - INFO - [CHECK_URL] Request from POPUP: url=https://cscase.io/, has_api_key=True, ip=79.137.194.89
2025-11-15 15:25:11,606 - app.logger - INFO - 🔍 Analyzing URL: https://cscase.io/
2025-11-15 15:25:11,609 - app.logger - INFO - 🔍 Checking external APIs for: https://cscase.io/
2025-11-15 15:25:11,610 - app.logger - INFO - 🔍 Combining external results for https://cscase.io/: {}
2025-11-15 15:25:11,610 - app.logger - INFO - 🔍 Final external API result for https://cscase.io/: {'safe': True, 'threat_type': None, 'details': 'All external scans clean', 'external_scans': {}, 'confidence': 50}
2025-11-15 15:25:11,610 - app.logger - INFO - 🔍 External API result: safe=True, threat_type=None
2025-11-15 15:25:11,610 - app.logger - INFO - ✅ External APIs found https://cscase.io/ to be safe
2025-11-15 15:25:11,615 - app.logger - INFO - [CHECK_URL] Result (POPUP): safe=True, source=combined
2025-11-15 15:25:12,800 - app.logger - INFO - [CHECK_URL] Request from POPUP: url=https://casehunt.cc/, has_api_key=True, ip=79.137.194.89
2025-11-15 15:25:12,801 - app.logger - INFO - 🔍 Analyzing URL: https://casehunt.cc/
2025-11-15 15:25:12,804 - app.logger - INFO - 🔍 Checking external APIs for: https://casehunt.cc/
2025-11-15 15:25:12,804 - app.logger - INFO - 🔍 Combining external results for https://casehunt.cc/: {}
2025-11-15 15:25:12,805 - app.logger - INFO - 🔍 Final external API result for https://casehunt.cc/: {'safe': True, 'threat_type': None, 'details': 'All external scans clean', 'external_scans': {}, 'confidence': 50}
2025-11-15 15:25:12,805 - app.logger - INFO - 🔍 External API result: safe=True, threat_type=None
2025-11-15 15:25:12,805 - app.logger - INFO - ✅ External APIs found https://casehunt.cc/ to be safe
2025-11-15 15:25:12,809 - app.logger - INFO - [CHECK_URL] Result (POPUP): safe=True, source=combined
2025-11-15 15:25:13,977 - app.logger - INFO - [CHECK_URL] Request from POPUP: url=https://hellcase.com/, has_api_key=True, ip=79.137.194.89
2025-11-15 15:25:13,977 - app.logger - INFO - 🔍 Analyzing URL: https://hellcase.com/
2025-11-15 15:25:13,982 - app.logger - INFO - 🔍 Checking external APIs for: https://hellcase.com/
2025-11-15 15:25:13,982 - app.logger - INFO - 🔍 Combining external results for https://hellcase.com/: {}
2025-11-15 15:25:13,983 - app.logger - INFO - 🔍 Final external API result for https://hellcase.com/: {'safe': True, 'threat_type': None, 'details': 'All external scans clean', 'external_scans': {}, 'confidence': 50}
2025-11-15 15:25:13,983 - app.logger - INFO - 🔍 External API result: safe=True, threat_type=None
2025-11-15 15:25:13,983 - app.logger - INFO - ✅ External APIs found https://hellcase.com/ to be safe
2025-11-15 15:25:13,989 - app.logger - INFO - [CHECK_URL] Result (POPUP): safe=True, source=combined
2025-11-15 15:25:15,363 - app.logger - INFO - [CHECK_URL] Request from POPUP: url=https://bloodycase.com/ru, has_api_key=True, ip=79.137.194.89
2025-11-15 15:25:15,364 - app.logger - INFO - 🔍 Analyzing URL: https://bloodycase.com/ru
2025-11-15 15:25:15,367 - app.logger - INFO - 🔍 Checking external APIs for: https://bloodycase.com/ru
2025-11-15 15:25:15,368 - app.logger - INFO - 🔍 Combining external results for https://bloodycase.com/ru: {}
2025-11-15 15:25:15,368 - app.logger - INFO - 🔍 Final external API result for https://bloodycase.com/ru: {'safe': True, 'threat_type': None, 'details': 'All external scans clean', 'external_scans': {}, 'confidence': 50}
2025-11-15 15:25:15,368 - app.logger - INFO - 🔍 External API result: safe=True, threat_type=None
2025-11-15 15:25:15,368 - app.logger - INFO - ✅ External APIs found https://bloodycase.com/ru to be safe
2025-11-15 15:25:15,374 - app.logger - INFO - [CHECK_URL] Result (POPUP): safe=True, source=combined
2025-11-15 15:25:16,608 - app.logger - INFO - [CHECK_URL] Request from POPUP: url=https://key-drop.com/ru/, has_api_key=True, ip=79.137.194.89
2025-11-15 15:25:16,609 - app.logger - INFO - 🔍 Analyzing URL: https://key-drop.com/ru/
2025-11-15 15:25:16,611 - app.logger - INFO - 🔍 Checking external APIs for: https://key-drop.com/ru/
2025-11-15 15:25:16,612 - app.logger - INFO - 🔍 Combining external results for https://key-drop.com/ru/: {}
2025-11-15 15:25:16,612 - app.logger - INFO - 🔍 Final external API result for https://key-drop.com/ru/: {'safe': True, 'threat_type': None, 'details': 'All external scans clean', 'external_scans': {}, 'confidence': 50}
2025-11-15 15:25:16,612 - app.logger - INFO - 🔍 External API result: safe=True, threat_type=None
2025-11-15 15:25:16,612 - app.logger - INFO - ✅ External APIs found https://key-drop.com/ru/ to be safe
2025-11-15 15:25:16,617 - app.logger - INFO - [CHECK_URL] Result (POPUP): safe=True, source=combined
2025-11-15 15:25:17,425 - app.logger - INFO - [CHECK_URL] Request from POPUP: url=https://case.oki.gg/, has_api_key=True, ip=79.137.194.89
2025-11-15 15:25:17,425 - app.logger - INFO - 🔍 Analyzing URL: https://case.oki.gg/
2025-11-15 15:25:17,428 - app.logger - INFO - 🔍 Checking external APIs for: https://case.oki.gg/
2025-11-15 15:25:17,428 - app.logger - INFO - 🔍 Combining external results for https://case.oki.gg/: {}
2025-11-15 15:25:17,429 - app.logger - INFO - 🔍 Final external API result for https://case.oki.gg/: {'safe': True, 'threat_type': None, 'details': 'All external scans clean', 'external_scans': {}, 'confidence': 50}
2025-11-15 15:25:17,429 - app.logger - INFO - 🔍 External API result: safe=True, threat_type=None
2025-11-15 15:25:17,429 - app.logger - INFO - ✅ External APIs found https://case.oki.gg/ to be safe
2025-11-15 15:25:17,434 - app.logger - INFO - [CHECK_URL] Result (POPUP): safe=True, source=combined
2025-11-15 15:25:19,017 - app.logger - INFO - [CHECK_URL] Request from POPUP: url=https://convars.com/case/en, has_api_key=True, ip=79.137.194.89
2025-11-15 15:25:19,018 - app.logger - INFO - 🔍 Analyzing URL: https://convars.com/case/en
2025-11-15 15:25:19,020 - app.logger - INFO - 🔍 Checking external APIs for: https://convars.com/case/en
2025-11-15 15:25:19,021 - app.logger - INFO - 🔍 Combining external results for https://convars.com/case/en: {}
2025-11-15 15:25:19,021 - app.logger - INFO - 🔍 Final external API result for https://convars.com/case/en: {'safe': True, 'threat_type': None, 'details': 'All external scans clean', 'external_scans': {}, 'confidence': 50}
2025-11-15 15:25:19,021 - app.logger - INFO - 🔍 External API result: safe=True, threat_type=None
2025-11-15 15:25:19,021 - app.logger - INFO - ✅ External APIs found https://convars.com/case/en to be safe
2025-11-15 15:25:19,027 - app.logger - INFO - [CHECK_URL] Result (POPUP): safe=True, source=combined
2025-11-15 15:25:19,886 - app.logger - INFO - [CHECK_URL] Request from POPUP: url=https://csgo.net/ru, has_api_key=True, ip=79.137.194.89
2025-11-15 15:25:19,886 - app.logger - INFO - 🔍 Analyzing URL: https://csgo.net/ru
2025-11-15 15:25:19,889 - app.logger - INFO - 🔍 Checking external APIs for: https://csgo.net/ru
2025-11-15 15:25:19,889 - app.logger - INFO - 🔍 Combining external results for https://csgo.net/ru: {}
2025-11-15 15:25:19,889 - app.logger - INFO - 🔍 Final external API result for https://csgo.net/ru: {'safe': True, 'threat_type': None, 'details': 'All external scans clean', 'external_scans': {}, 'confidence': 50}
2025-11-15 15:25:19,889 - app.logger - INFO - 🔍 External API result: safe=True, threat_type=None
2025-11-15 15:25:19,890 - app.logger - INFO - ✅ External APIs found https://csgo.net/ru to be safe
2025-11-15 15:25:19,894 - app.logger - INFO - [CHECK_URL] Result (POPUP): safe=True, source=combined
2025-11-15 15:25:21,135 - app.logger - INFO - [CHECK_URL] Request from POPUP: url=https://csgo-skins.com/, has_api_key=True, ip=79.137.194.89
2025-11-15 15:25:21,136 - app.logger - INFO - 🔍 Analyzing URL: https://csgo-skins.com/
2025-11-15 15:25:21,139 - app.logger - INFO - 🔍 Checking external APIs for: https://csgo-skins.com/
2025-11-15 15:25:21,139 - app.logger - INFO - 🔍 Combining external results for https://csgo-skins.com/: {}
2025-11-15 15:25:21,139 - app.logger - INFO - 🔍 Final external API result for https://csgo-skins.com/: {'safe': True, 'threat_type': None, 'details': 'All external scans clean', 'external_scans': {}, 'confidence': 50}
2025-11-15 15:25:21,139 - app.logger - INFO - 🔍 External API result: safe=True, threat_type=None
2025-11-15 15:25:21,140 - app.logger - INFO - ✅ External APIs found https://csgo-skins.com/ to be safe
2025-11-15 15:25:21,144 - app.logger - INFO - [CHECK_URL] Result (POPUP): safe=True, source=combined
2025-11-15 15:25:22,249 - app.logger - INFO - [CHECK_URL] Request from POPUP: url=https://bountystars.com/ru, has_api_key=True, ip=79.137.194.89
2025-11-15 15:25:22,250 - app.logger - INFO - 🔍 Analyzing URL: https://bountystars.com/ru
2025-11-15 15:25:22,253 - app.logger - INFO - 🔍 Checking external APIs for: https://bountystars.com/ru
2025-11-15 15:25:22,253 - app.logger - INFO - 🔍 Combining external results for https://bountystars.com/ru: {}
2025-11-15 15:25:22,253 - app.logger - INFO - 🔍 Final external API result for https://bountystars.com/ru: {'safe': True, 'threat_type': None, 'details': 'All external scans clean', 'external_scans': {}, 'confidence': 50}
2025-11-15 15:25:22,254 - app.logger - INFO - 🔍 External API result: safe=True, threat_type=None
2025-11-15 15:25:22,254 - app.logger - INFO - ✅ External APIs found https://bountystars.com/ru to be safe
2025-11-15 15:25:22,259 - app.logger - INFO - [CHECK_URL] Result (POPUP): safe=True, source=combined
2025-11-15 15:25:23,161 - app.logger - INFO - [CHECK_URL] Request from POPUP: url=https://www.google.com/search?sca_esv=a60a04d61300, has_api_key=True, ip=79.137.194.89
2025-11-15 15:25:23,161 - app.logger - INFO - 🔍 Analyzing URL: https://www.google.com/search?sca_esv=a60a04d61300b47c&sxsrf=AE3TifPPhW7COS0eER3oOBAooBJLRUsBoQ:1763209509166&q=%D0%9A%D0%B5%D0%B9%D1%81%D1%8B+%D0%BA%D1%81+%D0%B3%D0%BE+%D0%B1%D0%B5%D1%81%D0%BF%D0%BB%D0%B0%D1%82%D0%BD%D0%BE+%D1%81%D0%B8%D0%BC%D1%83%D0%BB%D1%8F%D1%82%D0%BE%D1%80&sa=X&ved=2ahUKEwi1jNSjk_SQAxUj3wIHHZmGKskQ1QJ6BAg0EAE
2025-11-15 15:25:23,165 - app.logger - INFO - [CHECK_URL] Result (POPUP): safe=True, source=cache
2025-11-15 15:25:29,909 - app.logger - INFO - [CHECK_URL] Request from POPUP: url=https://rt.pornhub.com/, has_api_key=True, ip=79.137.194.89
2025-11-15 15:25:29,910 - app.logger - INFO - 🔍 Analyzing URL: https://rt.pornhub.com/
2025-11-15 15:25:29,913 - app.logger - INFO - 🔍 Checking external APIs for: https://rt.pornhub.com/
2025-11-15 15:25:29,913 - app.logger - INFO - 🔍 Combining external results for https://rt.pornhub.com/: {}
2025-11-15 15:25:29,914 - app.logger - INFO - 🔍 Final external API result for https://rt.pornhub.com/: {'safe': True, 'threat_type': None, 'details': 'All external scans clean', 'external_scans': {}, 'confidence': 50}
2025-11-15 15:25:29,914 - app.logger - INFO - 🔍 External API result: safe=True, threat_type=None
2025-11-15 15:25:29,914 - app.logger - INFO - ✅ External APIs found https://rt.pornhub.com/ to be safe
2025-11-15 15:25:29,920 - app.logger - INFO - [CHECK_URL] Result (POPUP): safe=True, source=combined
2025-11-15 15:25:30,697 - app.logger - INFO - [CHECK_URL] Request from POPUP: url=http://porno365.plus/categories, has_api_key=True, ip=79.137.194.89
2025-11-15 15:25:30,698 - app.logger - INFO - 🔍 Analyzing URL: http://porno365.plus/categories
2025-11-15 15:25:30,700 - app.logger - INFO - 🔍 Checking external APIs for: http://porno365.plus/categories
2025-11-15 15:25:30,701 - app.logger - INFO - 🔍 Combining external results for http://porno365.plus/categories: {}
2025-11-15 15:25:30,701 - app.logger - INFO - 🔍 Final external API result for http://porno365.plus/categories: {'safe': True, 'threat_type': None, 'details': 'All external scans clean', 'external_scans': {}, 'confidence': 50}
2025-11-15 15:25:30,701 - app.logger - INFO - 🔍 External API result: safe=True, threat_type=None
2025-11-15 15:25:30,701 - app.logger - INFO - ✅ External APIs found http://porno365.plus/categories to be safe
2025-11-15 15:25:30,706 - app.logger - INFO - [CHECK_URL] Result (POPUP): safe=True, source=combined
2025-11-15 15:25:31,448 - app.logger - INFO - [CHECK_URL] Request from POPUP: url=https://ru.xhamster.com/, has_api_key=True, ip=79.137.194.89
2025-11-15 15:25:31,448 - app.logger - INFO - 🔍 Analyzing URL: https://ru.xhamster.com/
2025-11-15 15:25:31,451 - app.logger - INFO - 🔍 Checking external APIs for: https://ru.xhamster.com/
2025-11-15 15:25:31,452 - app.logger - INFO - 🔍 Combining external results for https://ru.xhamster.com/: {}
2025-11-15 15:25:31,452 - app.logger - INFO - 🔍 Final external API result for https://ru.xhamster.com/: {'safe': True, 'threat_type': None, 'details': 'All external scans clean', 'external_scans': {}, 'confidence': 50}
2025-11-15 15:25:31,452 - app.logger - INFO - 🔍 External API result: safe=True, threat_type=None
2025-11-15 15:25:31,452 - app.logger - INFO - ✅ External APIs found https://ru.xhamster.com/ to be safe
2025-11-15 15:25:31,457 - app.logger - INFO - [CHECK_URL] Result (POPUP): safe=True, source=combined
2025-11-15 15:25:32,302 - app.logger - INFO - [CHECK_URL] Request from POPUP: url=https://rt.pornhub.org/, has_api_key=True, ip=79.137.194.89
2025-11-15 15:25:32,303 - app.logger - INFO - 🔍 Analyzing URL: https://rt.pornhub.org/
2025-11-15 15:25:32,306 - app.logger - INFO - 🔍 Checking external APIs for: https://rt.pornhub.org/
2025-11-15 15:25:32,306 - app.logger - INFO - 🔍 Combining external results for https://rt.pornhub.org/: {}
2025-11-15 15:25:32,306 - app.logger - INFO - 🔍 Final external API result for https://rt.pornhub.org/: {'safe': True, 'threat_type': None, 'details': 'All external scans clean', 'external_scans': {}, 'confidence': 50}
2025-11-15 15:25:32,306 - app.logger - INFO - 🔍 External API result: safe=True, threat_type=None
2025-11-15 15:25:32,306 - app.logger - INFO - ✅ External APIs found https://rt.pornhub.org/ to be safe
2025-11-15 15:25:32,313 - app.logger - INFO - [CHECK_URL] Result (POPUP): safe=True, source=combined
2025-11-15 15:25:32,962 - app.logger - INFO - [CHECK_URL] Request from POPUP: url=https://sex-studentki.live/hq-porn, has_api_key=True, ip=79.137.194.89
2025-11-15 15:25:32,962 - app.logger - INFO - 🔍 Analyzing URL: https://sex-studentki.live/hq-porn
2025-11-15 15:25:32,965 - app.logger - INFO - 🔍 Checking external APIs for: https://sex-studentki.live/hq-porn
2025-11-15 15:25:32,965 - app.logger - INFO - 🔍 Combining external results for https://sex-studentki.live/hq-porn: {}
2025-11-15 15:25:32,966 - app.logger - INFO - 🔍 Final external API result for https://sex-studentki.live/hq-porn: {'safe': True, 'threat_type': None, 'details': 'All external scans clean', 'external_scans': {}, 'confidence': 50}
2025-11-15 15:25:32,966 - app.logger - INFO - 🔍 External API result: safe=True, threat_type=None
2025-11-15 15:25:32,966 - app.logger - INFO - ✅ External APIs found https://sex-studentki.live/hq-porn to be safe
2025-11-15 15:25:32,972 - app.logger - INFO - [CHECK_URL] Result (POPUP): safe=True, source=combined
2025-11-15 15:25:34,144 - app.logger - INFO - [CHECK_URL] Request from POPUP: url=https://porno666.link/cat/, has_api_key=True, ip=79.137.194.89
2025-11-15 15:25:34,144 - app.logger - INFO - 🔍 Analyzing URL: https://porno666.link/cat/
2025-11-15 15:25:34,147 - app.logger - INFO - 🔍 Checking external APIs for: https://porno666.link/cat/
2025-11-15 15:25:34,147 - app.logger - INFO - 🔍 Combining external results for https://porno666.link/cat/: {}
2025-11-15 15:25:34,147 - app.logger - INFO - 🔍 Final external API result for https://porno666.link/cat/: {'safe': True, 'threat_type': None, 'details': 'All external scans clean', 'external_scans': {}, 'confidence': 50}
2025-11-15 15:25:34,148 - app.logger - INFO - 🔍 External API result: safe=True, threat_type=None
2025-11-15 15:25:34,148 - app.logger - INFO - ✅ External APIs found https://porno666.link/cat/ to be safe
2025-11-15 15:25:34,153 - app.logger - INFO - [CHECK_URL] Result (POPUP): safe=True, source=combined
2025-11-15 15:25:35,578 - app.logger - INFO - [CHECK_URL] Request from POPUP: url=https://bobr.tv/, has_api_key=True, ip=79.137.194.89
2025-11-15 15:25:35,578 - app.logger - INFO - 🔍 Analyzing URL: https://bobr.tv/
2025-11-15 15:25:35,581 - app.logger - INFO - 🔍 Checking external APIs for: https://bobr.tv/
2025-11-15 15:25:35,581 - app.logger - INFO - 🔍 Combining external results for https://bobr.tv/: {}
2025-11-15 15:25:35,581 - app.logger - INFO - 🔍 Final external API result for https://bobr.tv/: {'safe': True, 'threat_type': None, 'details': 'All external scans clean', 'external_scans': {}, 'confidence': 50}
2025-11-15 15:25:35,581 - app.logger - INFO - 🔍 External API result: safe=True, threat_type=None
2025-11-15 15:25:35,581 - app.logger - INFO - ✅ External APIs found https://bobr.tv/ to be safe
2025-11-15 15:25:35,587 - app.logger - INFO - [CHECK_URL] Result (POPUP): safe=True, source=combined
2025-11-15 15:25:36,387 - app.logger - INFO - [CHECK_URL] Request from POPUP: url=https://pornolena.cc/categories, has_api_key=True, ip=79.137.194.89
2025-11-15 15:25:36,387 - app.logger - INFO - 🔍 Analyzing URL: https://pornolena.cc/categories
2025-11-15 15:25:36,390 - app.logger - INFO - 🔍 Checking external APIs for: https://pornolena.cc/categories
2025-11-15 15:25:36,390 - app.logger - INFO - 🔍 Combining external results for https://pornolena.cc/categories: {}
2025-11-15 15:25:36,390 - app.logger - INFO - 🔍 Final external API result for https://pornolena.cc/categories: {'safe': True, 'threat_type': None, 'details': 'All external scans clean', 'external_scans': {}, 'confidence': 50}
2025-11-15 15:25:36,391 - app.logger - INFO - 🔍 External API result: safe=True, threat_type=None
2025-11-15 15:25:36,391 - app.logger - INFO - ✅ External APIs found https://pornolena.cc/categories to be safe
2025-11-15 15:25:36,396 - app.logger - INFO - [CHECK_URL] Result (POPUP): safe=True, source=combined
2025-11-15 15:25:37,600 - app.logger - INFO - [CHECK_URL] Request from POPUP: url=https://pornomoloko.com/, has_api_key=True, ip=79.137.194.89
2025-11-15 15:25:37,600 - app.logger - INFO - 🔍 Analyzing URL: https://pornomoloko.com/
2025-11-15 15:25:37,603 - app.logger - INFO - 🔍 Checking external APIs for: https://pornomoloko.com/
2025-11-15 15:25:37,603 - app.logger - INFO - 🔍 Combining external results for https://pornomoloko.com/: {}
2025-11-15 15:25:37,603 - app.logger - INFO - 🔍 Final external API result for https://pornomoloko.com/: {'safe': True, 'threat_type': None, 'details': 'All external scans clean', 'external_scans': {}, 'confidence': 50}
2025-11-15 15:25:37,603 - app.logger - INFO - 🔍 External API result: safe=True, threat_type=None
2025-11-15 15:25:37,603 - app.logger - INFO - ✅ External APIs found https://pornomoloko.com/ to be safe
2025-11-15 15:25:37,607 - app.logger - INFO - [CHECK_URL] Result (POPUP): safe=True, source=combined
2025-11-15 15:25:38,518 - app.logger - INFO - [CHECK_URL] Request from POPUP: url=http://porno365.sexy/, has_api_key=True, ip=79.137.194.89
2025-11-15 15:25:38,518 - app.logger - INFO - 🔍 Analyzing URL: http://porno365.sexy/
2025-11-15 15:25:38,524 - app.logger - INFO - 🔍 Checking external APIs for: http://porno365.sexy/
2025-11-15 15:25:38,524 - app.logger - INFO - 🔍 Combining external results for http://porno365.sexy/: {}
2025-11-15 15:25:38,524 - app.logger - INFO - 🔍 Final external API result for http://porno365.sexy/: {'safe': True, 'threat_type': None, 'details': 'All external scans clean', 'external_scans': {}, 'confidence': 50}
2025-11-15 15:25:38,524 - app.logger - INFO - 🔍 External API result: safe=True, threat_type=None
2025-11-15 15:25:38,525 - app.logger - INFO - ✅ External APIs found http://porno365.sexy/ to be safe
2025-11-15 15:25:38,529 - app.logger - INFO - [CHECK_URL] Result (POPUP): safe=True, source=combined
2025-11-15 15:25:41,826 - app.logger - INFO - [CHECK_URL] Request from POPUP: url=https://www.google.com/search?sca_esv=a60a04d61300, has_api_key=True, ip=79.137.194.89
2025-11-15 15:25:41,827 - app.logger - INFO - 🔍 Analyzing URL: https://www.google.com/search?sca_esv=a60a04d61300b47c&sxsrf=AE3TifMmGsR1ysb6lJkheyLW6yR9zdo33Q:1763209528711&udm=39&fbs=AIIjpHy8l9aS0Tp6l4uw1fJov28kjQA9_cNw295nFau_67Q62HnIMp8MZhPvwGnMdBPbn87bJLg9Ss8geEDGb24ZGFafrJ1XBuJqLproQbnoHPDg4PCF5YtEtOBIV8nklOuG-ErifM2nBYtsxEmFGPYZs7OT_Grt9TQKiIwCPQfSBx65TKeTHuD9R2qUL2DIrByRWLaOwNZgzMD3K4BnaRxUcqrwteW4IT9k5HCIslIBE_lPK6GxWbceH0-kzdt_WVU1HGUYRIK289JljHnC6hdaxka8vZR4MA&q=GJYHJ&sa=X&ved=2ahUKEwjAlf6sk_SQAxXR2QIHHaAbOMYQs6gLegQIFxAB
2025-11-15 15:25:41,831 - app.logger - INFO - [CHECK_URL] Result (POPUP): safe=True, source=cache
2025-11-15 15:27:03,997 - app.logger - WARNING - Blocked suspicious path: /wp-admin/setup-config.php
2025-11-15 15:48:27,204 - app.logger - WARNING - Blocked suspicious path: /wp-admin/setup-config.php
