2025-11-03 04:30:17,815 - app.logger - INFO - Logging system initialized with rotation
2025-11-03 14:49:03,855 - app.logger - INFO - Logging system initialized with rotation
2025-11-03 14:49:04,039 - app.logger - INFO - Database connection established successfully
2025-11-03 14:49:04,042 - app.database - INFO - Rate limits reset successfully
2025-11-03 14:49:04,044 - app.logger - INFO - Rate limits reset
2025-11-03 14:49:04,044 - app.logger - INFO - Background job manager started
2025-11-03 14:49:04,045 - app.logger - INFO - Background job manager started
2025-11-03 14:55:50,713 - app.logger - INFO - Logging system initialized with rotation
2025-11-03 14:55:50,889 - app.logger - INFO - Database connection established successfully
2025-11-03 14:55:50,890 - app.database - INFO - Rate limits reset successfully
2025-11-03 14:55:50,890 - app.logger - INFO - Rate limits reset
2025-11-03 14:55:50,890 - app.logger - INFO - Background job manager started
2025-11-03 14:55:50,890 - app.logger - INFO - Background job manager started
2025-11-03 14:58:25,566 - app.logger - INFO - Logging system initialized with rotation
2025-11-03 14:58:25,742 - app.logger - INFO - Database connection established successfully
2025-11-03 14:58:25,743 - app.database - INFO - Rate limits reset successfully
2025-11-03 14:58:25,743 - app.logger - INFO - Rate limits reset
2025-11-03 14:58:25,743 - app.logger - INFO - Background job manager started
2025-11-03 14:58:25,743 - app.logger - INFO - Background job manager started
2025-11-03 15:05:26,526 - app.logger - INFO - Logging system initialized with rotation
2025-11-03 15:05:26,717 - app.logger - INFO - Database connection established successfully
2025-11-03 15:05:26,718 - app.database - INFO - Rate limits reset successfully
2025-11-03 15:05:26,718 - app.logger - INFO - Rate limits reset
2025-11-03 15:05:26,719 - app.logger - INFO - Background job manager started
2025-11-03 15:05:26,719 - app.logger - INFO - Background job manager started
