2025-11-26 21:08:49,274 - app.logger - INFO - Logging system initialized with rotation
2025-11-26 21:08:49,293 - app.database - INFO - Initializing database at: /opt/Aegis/data/antivirus.db
2025-11-26 21:08:49,300 - app.database - INFO - Database initialized successfully with all tables
2025-11-26 21:08:49,418 - app.logger - INFO - [ENV] env.env loaded: yes (/opt/aegis/antivirus-core/app/env.env)
2025-11-26 21:08:49,418 - app.logger - INFO - [ENV] VIRUSTOTAL_API_KEY: 8958...96ce
2025-11-26 21:08:49,419 - app.logger - INFO - [External APIs] Enabled map: {'virustotal': True, 'google_safe_browsing': False, 'abuseipdb': True}
2025-11-26 21:08:49,488 - app.logger - INFO - 🚀 AEGIS Server starting up...
2025-11-26 21:08:49,489 - app.logger - INFO - ✅ Database tables verified
2025-11-26 21:08:49,489 - app.logger - INFO - ✅ AEGIS Server startup complete
2025-11-26 21:08:49,490 - app.logger - INFO - Database connection established successfully
2025-11-26 21:08:49,493 - app.database - INFO - Rate limits reset successfully
2025-11-26 21:08:49,493 - app.logger - INFO - Rate limits reset
2025-11-26 21:08:49,494 - app.logger - INFO - Background job manager started
2025-11-26 21:08:49,494 - app.logger - INFO - Background job manager started
2025-11-26 21:08:49,495 - app.logger - INFO - WebSocket cleanup task started
2025-11-26 21:08:50,993 - app.logger - INFO - [WS] WebSocket connection attempt from 91.238.89.66
2025-11-26 21:08:50,995 - app.logger - INFO - [WS] WebSocket connection accepted from 91.238.89.66
2025-11-26 21:08:51,003 - app.logger - INFO - [WS] Client connected: id=b817a74a-d65b-4571-929b-36c19109dbb8, ip=91.238.89.66
2025-11-26 21:12:48,327 - app.database - ERROR - Get all logs error: no such table: logs
2025-11-26 21:12:48,389 - app.logger - INFO - [WS] Starting URL analysis for: https://api.aegis.builders/admin/ui/logs (context: link_check)
2025-11-26 21:12:48,390 - app.logger - INFO - 🔍 Analyzing URL: https://api.aegis.builders/admin/ui/logs
2025-11-26 21:12:48,398 - app.logger - WARNING - ⚠️ Private/internal URL detected, skipping external APIs: https://api.aegis.builders/admin/ui/logs
2025-11-26 21:12:48,402 - app.logger - INFO - [WS] URL analysis completed for https://api.aegis.builders/admin/ui/logs: safe=None, source=internal_only
2025-11-26 21:12:48,403 - app.logger - INFO - [WS] Sent analysis_result for https://api.aegis.builders/admin/ui/logs to client b817a74a-d65b-4571-929b-36c19109dbb8
2025-11-26 21:12:48,404 - app.logger - INFO - [WS] Starting URL analysis for: https://api.aegis.builders/admin/ui/logs (context: hover)
2025-11-26 21:12:48,405 - app.logger - INFO - 🔍 Analyzing URL: https://api.aegis.builders/admin/ui/logs
2025-11-26 21:12:48,405 - app.logger - INFO - [WS] URL analysis completed for https://api.aegis.builders/admin/ui/logs: safe=None, source=internal_only
2025-11-26 21:12:48,406 - app.logger - INFO - [WS] Sent analysis_result for https://api.aegis.builders/admin/ui/logs to client b817a74a-d65b-4571-929b-36c19109dbb8
2025-11-26 21:12:48,769 - app.logger - INFO - [WS] Starting URL analysis for: https://api.aegis.builders/admin/ui/ip (context: hover)
2025-11-26 21:12:48,769 - app.logger - INFO - 🔍 Analyzing URL: https://api.aegis.builders/admin/ui/ip
2025-11-26 21:12:48,772 - app.logger - WARNING - ⚠️ Private/internal URL detected, skipping external APIs: https://api.aegis.builders/admin/ui/ip
2025-11-26 21:12:48,776 - app.logger - INFO - [WS] URL analysis completed for https://api.aegis.builders/admin/ui/ip: safe=None, source=internal_only
2025-11-26 21:12:48,777 - app.logger - INFO - [WS] Sent analysis_result for https://api.aegis.builders/admin/ui/ip to client b817a74a-d65b-4571-929b-36c19109dbb8
2025-11-26 21:12:49,178 - app.logger - INFO - [WS] Starting URL analysis for: https://api.aegis.builders/admin/ui/ip (context: link_check)
2025-11-26 21:12:49,178 - app.logger - INFO - 🔍 Analyzing URL: https://api.aegis.builders/admin/ui/ip
2025-11-26 21:12:49,178 - app.logger - INFO - [WS] URL analysis completed for https://api.aegis.builders/admin/ui/ip: safe=None, source=internal_only
2025-11-26 21:12:49,179 - app.logger - INFO - [WS] Sent analysis_result for https://api.aegis.builders/admin/ui/ip to client b817a74a-d65b-4571-929b-36c19109dbb8
2025-11-26 21:12:57,065 - app.logger - INFO - [WS] Starting URL analysis for: https://www.virustotal.com/gui/user/NKubaRR/apikey (context: popup)
2025-11-26 21:12:57,065 - app.logger - INFO - 🔍 Analyzing URL: https://www.virustotal.com/gui/user/NKubaRR/apikey
2025-11-26 21:12:57,069 - app.logger - WARNING - ⚠️ Private/internal URL detected, skipping external APIs: https://www.virustotal.com/gui/user/NKubaRR/apikey
2025-11-26 21:12:57,074 - app.logger - INFO - [WS] URL analysis completed for https://www.virustotal.com/gui/user/NKubaRR/apikey: safe=None, source=internal_only
2025-11-26 21:12:57,075 - app.logger - INFO - [WS] Sent analysis_result for https://www.virustotal.com/gui/user/NKubaRR/apikey to client b817a74a-d65b-4571-929b-36c19109dbb8
2025-11-26 21:13:02,874 - app.logger - INFO - [WS] Starting URL analysis for: https://www.virustotal.com/gui/user/NKubaRR/apikey (context: popup)
2025-11-26 21:13:02,875 - app.logger - INFO - 🔍 Analyzing URL: https://www.virustotal.com/gui/user/NKubaRR/apikey
2025-11-26 21:13:02,876 - app.logger - INFO - [WS] URL analysis completed for https://www.virustotal.com/gui/user/NKubaRR/apikey: safe=None, source=internal_only
2025-11-26 21:13:02,876 - app.logger - INFO - [WS] Sent analysis_result for https://www.virustotal.com/gui/user/NKubaRR/apikey to client b817a74a-d65b-4571-929b-36c19109dbb8
2025-11-26 21:13:04,620 - app.logger - INFO - [WS] Starting URL analysis for: https://www.virustotal.com/gui/user/NKubaRR/apikey (context: popup)
2025-11-26 21:13:04,621 - app.logger - INFO - 🔍 Analyzing URL: https://www.virustotal.com/gui/user/NKubaRR/apikey
2025-11-26 21:13:04,621 - app.logger - INFO - [WS] URL analysis completed for https://www.virustotal.com/gui/user/NKubaRR/apikey: safe=None, source=internal_only
2025-11-26 21:13:04,622 - app.logger - INFO - [WS] Sent analysis_result for https://www.virustotal.com/gui/user/NKubaRR/apikey to client b817a74a-d65b-4571-929b-36c19109dbb8
2025-11-26 21:13:04,622 - app.logger - INFO - [WS] Starting URL analysis for: https://www.virustotal.com/gui/user/NKubaRR/apikey (context: popup)
2025-11-26 21:13:04,622 - app.logger - INFO - 🔍 Analyzing URL: https://www.virustotal.com/gui/user/NKubaRR/apikey
2025-11-26 21:13:04,623 - app.logger - INFO - [WS] URL analysis completed for https://www.virustotal.com/gui/user/NKubaRR/apikey: safe=None, source=internal_only
2025-11-26 21:13:04,623 - app.logger - INFO - [WS] Sent analysis_result for https://www.virustotal.com/gui/user/NKubaRR/apikey to client b817a74a-d65b-4571-929b-36c19109dbb8
2025-11-26 21:13:11,707 - app.logger - INFO - [WS] Starting URL analysis for: https://www.youtube.com/watch?v=81yeMEwSF64 (context: hover)
2025-11-26 21:13:11,709 - app.logger - INFO - 🔍 Analyzing URL: https://www.youtube.com/watch?v=81yeMEwSF64
2025-11-26 21:13:11,712 - app.logger - INFO - ✅ Trusted domain detected: www.youtube.com - marking as safe immediately
2025-11-26 21:13:11,715 - app.logger - INFO - [WS] URL analysis completed for https://www.youtube.com/watch?v=81yeMEwSF64: safe=True, source=trusted_domain
2025-11-26 21:13:11,716 - app.logger - INFO - [WS] Sent analysis_result for https://www.youtube.com/watch?v=81yeMEwSF64 to client b817a74a-d65b-4571-929b-36c19109dbb8
2025-11-26 21:13:13,264 - app.logger - INFO - [WS] Starting URL analysis for: https://games-torrents.org/ (context: hover)
2025-11-26 21:13:13,265 - app.logger - INFO - 🔍 Analyzing URL: https://games-torrents.org/
2025-11-26 21:13:13,272 - app.logger - INFO - [WS] URL analysis completed for https://games-torrents.org/: safe=False, source=local_db
2025-11-26 21:13:13,273 - app.logger - INFO - [WS] Sent analysis_result for https://games-torrents.org/ to client b817a74a-d65b-4571-929b-36c19109dbb8
2025-11-26 21:13:14,747 - app.logger - INFO - [WS] Starting URL analysis for: https://byxatab.com/ (context: hover)
2025-11-26 21:13:14,749 - app.logger - INFO - 🔍 Analyzing URL: https://byxatab.com/
2025-11-26 21:13:14,754 - app.logger - INFO - [WS] URL analysis completed for https://byxatab.com/: safe=False, source=local_db
2025-11-26 21:13:14,755 - app.logger - INFO - [WS] Sent analysis_result for https://byxatab.com/ to client b817a74a-d65b-4571-929b-36c19109dbb8
2025-11-26 21:13:15,933 - app.logger - INFO - [WS] Starting URL analysis for: https://itorrents-igruha.org/new-pc-games/ (context: hover)
2025-11-26 21:13:15,934 - app.logger - INFO - 🔍 Analyzing URL: https://itorrents-igruha.org/new-pc-games/
2025-11-26 21:13:15,941 - app.logger - INFO - [WS] URL analysis completed for https://itorrents-igruha.org/new-pc-games/: safe=False, source=local_db
2025-11-26 21:13:15,942 - app.logger - INFO - [WS] Sent analysis_result for https://itorrents-igruha.org/new-pc-games/ to client b817a74a-d65b-4571-929b-36c19109dbb8
2025-11-26 21:13:17,577 - app.logger - INFO - [WS] Starting URL analysis for: https://vk.com/torrent_igruha (context: hover)
2025-11-26 21:13:17,579 - app.logger - INFO - 🔍 Analyzing URL: https://vk.com/torrent_igruha
2025-11-26 21:13:17,583 - app.logger - INFO - 🔍 Checking external APIs for: https://vk.com/torrent_igruha
2025-11-26 21:13:18,007 - app.logger - INFO - Found URL in VirusTotal database: https://vk.com/torrent_igruha
2025-11-26 21:13:18,009 - app.logger - INFO - 🔍 Combining external results for https://vk.com/torrent_igruha: {'virustotal': {'data': {'id': '64ec7572795a5e1f5161d6fc5932c4c0bcd5490a76935104c4bebf0f6f721638', 'type': 'url', 'links': {'self': 'https://www.virustotal.com/api/v3/urls/64ec7572795a5e1f5161d6fc5932c4c0bcd5490a76935104c4bebf0f6f721638'}, 'attributes': {'last_http_response_code': 200, 'url': 'https://vk.com/torrent_igruha', 'last_analysis_results': {'Bkav': {'method': 'blacklist', 'engine_name': 'Bkav', 'category': 'undetected', 'result': 'unrated'}, 'CMC Threat Intelligence': {'method': 'blacklist', 'engine_name': 'CMC Threat Intelligence', 'category': 'harmless', 'result': 'clean'}, '0xSI_f33d': {'method': 'blacklist', 'engine_name': '0xSI_f33d', 'category': 'undetected', 'result': 'unrated'}, 'ViriBack': {'method': 'blacklist', 'engine_name': 'ViriBack', 'category': 'harmless', 'result': 'clean'}, 'MalwareURL': {'method': 'blacklist', 'engine_name': 'MalwareURL', 'category': 'undetected', 'result': 'unrated'}, 'PhishLabs': {'method': 'blacklist', 'engine_name': 'PhishLabs', 'category': 'undetected', 'result': 'unrated'}, 'K7AntiVirus': {'method': 'blacklist', 'engine_name': 'K7AntiVirus', 'category': 'harmless', 'result': 'clean'}, 'CINS Army': {'method': 'blacklist', 'engine_name': 'CINS Army', 'category': 'harmless', 'result': 'clean'}, 'Quttera': {'method': 'blacklist', 'engine_name': 'Quttera', 'category': 'harmless', 'result': 'clean'}, 'BlockList': {'method': 'blacklist', 'engine_name': 'BlockList', 'category': 'harmless', 'result': 'clean'}, 'PrecisionSec': {'method': 'blacklist', 'engine_name': 'PrecisionSec', 'category': 'undetected', 'result': 'unrated'}, 'OpenPhish': {'method': 'blacklist', 'engine_name': 'OpenPhish', 'category': 'harmless', 'result': 'clean'}, 'VX Vault': {'method': 'blacklist', 'engine_name': 'VX Vault', 'category': 'harmless', 'result': 'clean'}, 'Feodo Tracker': {'method': 'blacklist', 'engine_name': 'Feodo Tracker', 'category': 'harmless', 'result': 'clean'}, 'ADMINUSLabs': {'method': 'blacklist', 'engine_name': 'ADMINUSLabs', 'category': 'harmless', 'result': 'clean'}, 'Scantitan': {'method': 'blacklist', 'engine_name': 'Scantitan', 'category': 'harmless', 'result': 'clean'}, 'AlienVault': {'method': 'blacklist', 'engine_name': 'AlienVault', 'category': 'harmless', 'result': 'clean'}, 'Sophos': {'method': 'blacklist', 'engine_name': 'Sophos', 'category': 'harmless', 'result': 'clean'}, 'Phishtank': {'method': 'blacklist', 'engine_name': 'Phishtank', 'category': 'harmless', 'result': 'clean'}, 'ESTsecurity': {'method': 'blacklist', 'engine_name': 'ESTsecurity', 'category': 'harmless', 'result': 'clean'}, 'Spam404': {'method': 'blacklist', 'engine_name': 'Spam404', 'category': 'harmless', 'result': 'clean'}, 'CRDF': {'method': 'blacklist', 'engine_name': 'CRDF', 'category': 'harmless', 'result': 'clean'}, 'Rising': {'method': 'blacklist', 'engine_name': 'Rising', 'category': 'harmless', 'result': 'clean'}, 'Fortinet': {'method': 'blacklist', 'engine_name': 'Fortinet', 'category': 'harmless', 'result': 'clean'}, 'alphaMountain.ai': {'method': 'blacklist', 'engine_name': 'alphaMountain.ai', 'category': 'harmless', 'result': 'clean'}, 'Lionic': {'method': 'blacklist', 'engine_name': 'Lionic', 'category': 'harmless', 'result': 'clean'}, 'Cyble': {'method': 'blacklist', 'engine_name': 'Cyble', 'category': 'harmless', 'result': 'clean'}, 'Seclookup': {'method': 'blacklist', 'engine_name': 'Seclookup', 'category': 'harmless', 'result': 'clean'}, 'Xcitium Verdict Cloud': {'method': 'blacklist', 'engine_name': 'Xcitium Verdict Cloud', 'category': 'undetected', 'result': 'unrated'}, 'Artists Against 419': {'method': 'blacklist', 'engine_name': 'Artists Against 419', 'category': 'harmless', 'result': 'clean'}, 'Google Safebrowsing': {'method': 'blacklist', 'engine_name': 'Google Safebrowsing', 'category': 'harmless', 'result': 'clean'}, 'SafeToOpen': {'method': 'blacklist', 'engine_name': 'SafeToOpen', 'category': 'undetected', 'result': 'unrated'}, 'ArcSight Threat Intelligence': {'method': 'blacklist', 'engine_name': 'ArcSight Threat Intelligence', 'category': 'undetected', 'result': 'unrated'}, 'Cyan': {'method': 'blacklist', 'engine_name': 'Cyan', 'category': 'undetected', 'result': 'unrated'}, 'Juniper Networks': {'method': 'blacklist', 'engine_name': 'Juniper Networks', 'category': 'harmless', 'result': 'clean'}, 'Heimdal Security': {'method': 'blacklist', 'engine_name': 'Heimdal Security', 'category': 'harmless', 'result': 'clean'}, 'AutoShun': {'method': 'blacklist', 'engine_name': 'AutoShun', 'category': 'undetected', 'result': 'unrated'}, 'Trustwave': {'method': 'blacklist', 'engine_name': 'Trustwave', 'category': 'harmless', 'result': 'clean'}, 'CyRadar': {'method': 'blacklist', 'engine_name': 'CyRadar', 'category': 'harmless', 'result': 'clean'}, 'Dr.Web': {'method': 'blacklist', 'engine_name': 'Dr.Web', 'category': 'harmless', 'result': 'clean'}, 'Emsisoft': {'method': 'blacklist', 'engine_name': 'Emsisoft', 'category': 'harmless', 'result': 'clean'}, 'Abusix': {'method': 'blacklist', 'engine_name': 'Abusix', 'category': 'harmless', 'result': 'clean'}, 'Webroot': {'method': 'blacklist', 'engine_name': 'Webroot', 'category': 'harmless', 'result': 'clean'}, 'Avira': {'method': 'blacklist', 'engine_name': 'Avira', 'category': 'harmless', 'result': 'clean'}, 'Snort IP sample list': {'method': 'blacklist', 'engine_name': 'Snort IP sample list', 'category': 'harmless', 'result': 'clean'}, 'securolytics': {'method': 'blacklist', 'engine_name': 'securolytics', 'category': 'harmless', 'result': 'clean'}, 'Antiy-AVL': {'method': 'blacklist', 'engine_name': 'Antiy-AVL', 'category': 'harmless', 'result': 'clean'}, 'AlphaSOC': {'method': 'blacklist', 'engine_name': 'AlphaSOC', 'category': 'undetected', 'result': 'unrated'}, 'Acronis': {'method': 'blacklist', 'engine_name': 'Acronis', 'category': 'harmless', 'result': 'clean'}, 'Quick Heal': {'method': 'blacklist', 'engine_name': 'Quick Heal', 'category': 'harmless', 'result': 'clean'}, 'URLQuery': {'method': 'blacklist', 'engine_name': 'URLQuery', 'category': 'harmless', 'result': 'clean'}, 'Ermes': {'method': 'blacklist', 'engine_name': 'Ermes', 'category': 'undetected', 'result': 'unrated'}, 'Viettel Threat Intelligence': {'method': 'blacklist', 'engine_name': 'Viettel Threat Intelligence', 'category': 'harmless', 'result': 'clean'}, 'DNS8': {'method': 'blacklist', 'engine_name': 'DNS8', 'category': 'harmless', 'result': 'clean'}, 'AILabs (MONITORAPP)': {'method': 'blacklist', 'engine_name': 'AILabs (MONITORAPP)', 'category': 'harmless', 'result': 'clean'}, 'benkow.cc': {'method': 'blacklist', 'engine_name': 'benkow.cc', 'category': 'harmless', 'result': 'clean'}, 'EmergingThreats': {'method': 'blacklist', 'engine_name': 'EmergingThreats', 'category': 'harmless', 'result': 'clean'}, 'Chong Lua Dao': {'method': 'blacklist', 'engine_name': 'Chong Lua Dao', 'category': 'harmless', 'result': 'clean'}, 'Yandex Safebrowsing': {'method': 'blacklist', 'engine_name': 'Yandex Safebrowsing', 'category': 'harmless', 'result': 'clean'}, 'Lumu': {'method': 'blacklist', 'engine_name': 'Lumu', 'category': 'undetected', 'result': 'unrated'}, 'Kaspersky': {'method': 'blacklist', 'engine_name': 'Kaspersky', 'category': 'harmless', 'result': 'clean'}, 'Sucuri SiteCheck': {'method': 'blacklist', 'engine_name': 'Sucuri SiteCheck', 'category': 'harmless', 'result': 'clean'}, 'desenmascara.me': {'method': 'blacklist', 'engine_name': 'desenmascara.me', 'category': 'harmless', 'result': 'clean'}, 'CrowdSec': {'method': 'blacklist', 'engine_name': 'CrowdSec', 'category': 'undetected', 'result': 'unrated'}, 'Cluster25': {'method': 'blacklist', 'engine_name': 'Cluster25', 'category': 'undetected', 'result': 'unrated'}, 'SOCRadar': {'method': 'blacklist', 'engine_name': 'SOCRadar', 'category': 'undetected', 'result': 'unrated'}, 'URLhaus': {'method': 'blacklist', 'engine_name': 'URLhaus', 'category': 'harmless', 'result': 'clean'}, 'PREBYTES': {'method': 'blacklist', 'engine_name': 'PREBYTES', 'category': 'harmless', 'result': 'clean'}, 'StopForumSpam': {'method': 'blacklist', 'engine_name': 'StopForumSpam', 'category': 'harmless', 'result': 'clean'}, 'Blueliv': {'method': 'blacklist', 'engine_name': 'Blueliv', 'category': 'harmless', 'result': 'clean'}, 'Netcraft': {'method': 'blacklist', 'engine_name': 'Netcraft', 'category': 'undetected', 'result': 'unrated'}, 'ZeroCERT': {'method': 'blacklist', 'engine_name': 'ZeroCERT', 'category': 'harmless', 'result': 'clean'}, 'Phishing Database': {'method': 'blacklist', 'engine_name': 'Phishing Database', 'category': 'harmless', 'result': 'clean'}, 'MalwarePatrol': {'method': 'blacklist', 'engine_name': 'MalwarePatrol', 'category': 'harmless', 'result': 'clean'}, 'Sangfor': {'method': 'blacklist', 'engine_name': 'Sangfor', 'category': 'harmless', 'result': 'clean'}, 'IPsum': {'method': 'blacklist', 'engine_name': 'IPsum', 'category': 'harmless', 'result': 'clean'}, 'Malwared': {'method': 'blacklist', 'engine_name': 'Malwared', 'category': 'harmless', 'result': 'clean'}, 'BitDefender': {'method': 'blacklist', 'engine_name': 'BitDefender', 'category': 'harmless', 'result': 'clean'}, 'GreenSnow': {'method': 'blacklist', 'engine_name': 'GreenSnow', 'category': 'harmless', 'result': 'clean'}, 'G-Data': {'method': 'blacklist', 'engine_name': 'G-Data', 'category': 'harmless', 'result': 'clean'}, 'VIPRE': {'method': 'blacklist', 'engine_name': 'VIPRE', 'category': 'undetected', 'result': 'unrated'}, 'SCUMWARE.org': {'method': 'blacklist', 'engine_name': 'SCUMWARE.org', 'category': 'harmless', 'result': 'clean'}, 'PhishFort': {'method': 'blacklist', 'engine_name': 'PhishFort', 'category': 'undetected', 'result': 'unrated'}, 'malwares.com URL checker': {'method': 'blacklist', 'engine_name': 'malwares.com URL checker', 'category': 'harmless', 'result': 'clean'}, 'Forcepoint ThreatSeeker': {'method': 'blacklist', 'engine_name': 'Forcepoint ThreatSeeker', 'category': 'harmless', 'result': 'clean'}, 'Criminal IP': {'method': 'blacklist', 'engine_name': 'Criminal IP', 'category': 'harmless', 'result': 'clean'}, 'Certego': {'method': 'blacklist', 'engine_name': 'Certego', 'category': 'harmless', 'result': 'clean'}, 'ESET': {'method': 'blacklist', 'engine_name': 'ESET', 'category': 'harmless', 'result': 'clean'}, 'Threatsourcing': {'method': 'blacklist', 'engine_name': 'Threatsourcing', 'category': 'harmless', 'result': 'clean'}, 'ThreatHive': {'method': 'blacklist', 'engine_name': 'ThreatHive', 'category': 'harmless', 'result': 'clean'}, 'Bfore.Ai PreCrime': {'method': 'blacklist', 'engine_name': 'Bfore.Ai PreCrime', 'category': 'harmless', 'result': 'clean'}}, 'redirection_chain': ['https://vk.com/torrent_igruha'], 'last_analysis_date': 1704543186, 'last_submission_date': 1704543186, 'last_modification_date': 1713345773, 'threat_names': [], 'last_final_url': 'https://vk.com/badbrowser.php', 'tags': [], 'title': 'Your browser is out of date', 'categories': {'Sophos': 'social networks', 'BitDefender': 'socialnetworks', 'Xcitium Verdict Cloud': 'social networking', 'Forcepoint ThreatSeeker': 'social networking', 'Dr.Web': 'social networks/adult content/violence'}, 'last_http_response_cookies': {'remixir': 'DELETED', 'remixlang': '3', 'remixstlid': '9114603050344444636_jhqZbdWfoNS53dazrHhkszQNFkbWVtLcEVquMhtRNFc'}, 'tld': 'com', 'last_http_response_headers': {'X-Trace-Id': 'SV8_6qpGiebIu38rLfadbEwphkpvuQ', 'Content-Type': 'text/html; charset=windows-1251', 'Content-Length': '3180', 'X-Content-Type-Options': 'nosniff', 'X-Powered-By': 'KPHP/7.4.115466', 'Set-Cookie': 'remixir=DELETED; expires=Thu, 01 Jan 1970 00:00:01 GMT; path=/; domain=.vk.com; secure; HttpOnly; SameSite=None, remixlang=3; expires=Wed, 08 Jan 2025 01:21:20 GMT; path=/; domain=.vk.com; secure; SameSite=None, remixstlid=9114603050344444636_jhqZbdWfoNS53dazrHhkszQNFkbWVtLcEVquMhtRNFc; expires=Sun, 05 Jan 2025 12:13:09 GMT; path=/; domain=.vk.com; secure; SameSite=None', 'Strict-Transport-Security': 'max-age=15768000', 'Server': 'kittenx', 'Connection': 'keep-alive', 'Cache-control': 'max-age=345600', 'Date': 'Sat, 06 Jan 2024 12:13:09 GMT', 'X-Frame-Options': 'deny', 'X-Frontend': 'front225207', 'Access-Control-Expose-Headers': 'X-Frontend'}, 'last_http_response_content_length': 3180, 'total_votes': {'harmless': 0, 'malicious': 0}, 'last_analysis_stats': {'malicious': 0, 'suspicious': 0, 'undetected': 19, 'harmless': 72, 'timeout': 0}, 'first_submission_date': 1592131088, 'last_http_response_content_sha256': 'a928f786481295928df9c476d93a9d2631f261ab4ef92795d43d643457c747d8', 'reputation': 0, 'times_submitted': 4}}}}
2025-11-26 21:13:18,011 - app.logger - INFO - [VirusTotal] Raw stats: malicious=0 suspicious=0 undetected=19 harmless=72 total=91 ratio=0/91 (results=0)
2025-11-26 21:13:18,012 - app.logger - INFO - [VirusTotal] Parsed result (conservative): {'safe': None, 'threat_type': None, 'details': 'VirusTotal result unclear, treated as unknown', 'external_scan': 'virustotal', 'confidence': 0, 'detection_ratio': '0/91', 'raw_data': {'malicious_detections': 0, 'suspicious_detections': 0, 'undetected': 19, 'harmless': 72, 'total_engines': 91, 'undetected_ratio': 0.2087912087912088, 'harmless_ratio': 0.7912087912087912, 'is_young': False}}
2025-11-26 21:13:18,013 - app.logger - INFO - 🔍 VirusTotal parsed result: {'safe': None, 'threat_type': None, 'details': 'VirusTotal result unclear, treated as unknown', 'external_scan': 'virustotal', 'confidence': 0, 'detection_ratio': '0/91', 'raw_data': {'malicious_detections': 0, 'suspicious_detections': 0, 'undetected': 19, 'harmless': 72, 'total_engines': 91, 'undetected_ratio': 0.2087912087912088, 'harmless_ratio': 0.7912087912087912, 'is_young': False}}
2025-11-26 21:13:18,013 - app.logger - INFO - 🔍 Final external API result for https://vk.com/torrent_igruha: safe=None, threat_type=None, details=Unable to determine safety
2025-11-26 21:13:18,014 - app.logger - INFO - 🔍 External API result: safe=None, threat_type=None
2025-11-26 21:13:18,014 - app.logger - WARNING - ⚠️ External APIs returned unclear result for https://vk.com/torrent_igruha: safe=None
2025-11-26 21:13:18,016 - app.logger - WARNING - External APIs returned None for https://vk.com/torrent_igruha, treating as unknown
2025-11-26 21:13:18,019 - app.logger - INFO - [WS] URL analysis completed for https://vk.com/torrent_igruha: safe=None, source=unknown
2025-11-26 21:13:18,021 - app.logger - INFO - [WS] Sent analysis_result for https://vk.com/torrent_igruha to client b817a74a-d65b-4571-929b-36c19109dbb8
2025-11-26 21:13:19,344 - app.logger - INFO - [WS] Starting URL analysis for: https://repack-byrutor.org/ (context: hover)
2025-11-26 21:13:19,345 - app.logger - INFO - 🔍 Analyzing URL: https://repack-byrutor.org/
2025-11-26 21:13:19,350 - app.logger - INFO - [WS] URL analysis completed for https://repack-byrutor.org/: safe=False, source=local_db
2025-11-26 21:13:19,351 - app.logger - INFO - [WS] Sent analysis_result for https://repack-byrutor.org/ to client b817a74a-d65b-4571-929b-36c19109dbb8
2025-11-26 21:13:20,716 - app.logger - INFO - [WS] Starting URL analysis for: https://otvet.mail.ru/question/241833080 (context: hover)
2025-11-26 21:13:20,717 - app.logger - INFO - 🔍 Analyzing URL: https://otvet.mail.ru/question/241833080
2025-11-26 21:13:20,719 - app.logger - INFO - 🔍 Checking external APIs for: https://otvet.mail.ru/question/241833080
2025-11-26 21:13:21,045 - app.logger - ERROR - API error 404: {"error": {"code": "NotFoundError", "message": "URL \"aHR0cHM6Ly9vdHZldC5tYWlsLnJ1L3F1ZXN0aW9uLzI0MTgzMzA4MA\" not found"}}
2025-11-26 21:13:21,045 - app.logger - INFO - URL not found in VirusTotal database, submitting for analysis: https://otvet.mail.ru/question/241833080
2025-11-26 21:13:21,325 - app.logger - INFO - URL submitted for analysis, ID: u-eef57cbe6fe0c9564327cf0d364f3aa9f952f34b56c7c97129730bc71265c3ba-03baa1c8
2025-11-26 21:13:21,569 - app.logger - INFO - VirusTotal analysis status (u-eef57cbe6fe0c9564327cf0d364f3aa9f952f34b56c7c97129730bc71265c3ba-03baa1c8): queued (attempt 1/5)
2025-11-26 21:13:24,126 - app.logger - INFO - VirusTotal analysis status (u-eef57cbe6fe0c9564327cf0d364f3aa9f952f34b56c7c97129730bc71265c3ba-03baa1c8): queued (attempt 2/5)
2025-11-26 21:13:27,424 - app.logger - INFO - VirusTotal analysis status (u-eef57cbe6fe0c9564327cf0d364f3aa9f952f34b56c7c97129730bc71265c3ba-03baa1c8): queued (attempt 3/5)
2025-11-26 21:13:28,722 - app.logger - ERROR - External API check timed out for https://otvet.mail.ru/question/241833080
2025-11-26 21:13:28,723 - app.logger - WARNING - External APIs did not return result for https://otvet.mail.ru/question/241833080, returning unknown
2025-11-26 21:13:28,726 - app.logger - INFO - [WS] URL analysis completed for https://otvet.mail.ru/question/241833080: safe=None, source=unknown
2025-11-26 21:13:28,727 - app.logger - INFO - [WS] Sent analysis_result for https://otvet.mail.ru/question/241833080 to client b817a74a-d65b-4571-929b-36c19109dbb8
2025-11-26 21:13:28,728 - app.logger - INFO - [WS] Starting URL analysis for: https://otvet.mail.ru/question/241833080 (context: hover)
2025-11-26 21:13:28,728 - app.logger - INFO - 🔍 Analyzing URL: https://otvet.mail.ru/question/241833080
2025-11-26 21:13:28,728 - app.logger - INFO - [WS] URL analysis completed for https://otvet.mail.ru/question/241833080: safe=None, source=unknown
2025-11-26 21:13:28,729 - app.logger - INFO - [WS] Sent analysis_result for https://otvet.mail.ru/question/241833080 to client b817a74a-d65b-4571-929b-36c19109dbb8
2025-11-26 21:13:28,729 - app.logger - INFO - [WS] Starting URL analysis for: https://thelastgame.org/ (context: hover)
2025-11-26 21:13:28,729 - app.logger - INFO - 🔍 Analyzing URL: https://thelastgame.org/
2025-11-26 21:13:28,734 - app.logger - INFO - [WS] URL analysis completed for https://thelastgame.org/: safe=False, source=local_db
2025-11-26 21:13:28,734 - app.logger - INFO - [WS] Sent analysis_result for https://thelastgame.org/ to client b817a74a-d65b-4571-929b-36c19109dbb8
2025-11-26 21:13:28,735 - app.logger - INFO - [WS] Starting URL analysis for: https://otvet.mail.ru/question/241833080 (context: hover)
2025-11-26 21:13:28,735 - app.logger - INFO - 🔍 Analyzing URL: https://otvet.mail.ru/question/241833080
2025-11-26 21:13:28,735 - app.logger - INFO - [WS] URL analysis completed for https://otvet.mail.ru/question/241833080: safe=None, source=unknown
2025-11-26 21:13:28,735 - app.logger - INFO - [WS] Sent analysis_result for https://otvet.mail.ru/question/241833080 to client b817a74a-d65b-4571-929b-36c19109dbb8
2025-11-26 21:13:33,004 - app.logger - INFO - [WS] Starting URL analysis for: https://www.google.com/search?q=%D1%82%D0%BE%D1%80%D1%80%D0%B5%D0%BD%D1%82+%D0%B8%D0%B3%D1%80%D1%8B&sca_esv=f4f0d3251154213d&sxsrf=AE3TifNSZwZUHWh-8hjMcl2KyQ1NP6tArA:1764102688507&ei=IBImabvUHtim1fIP0ef3qA4&start=0&sa=N&sstk=Af77f_c1VnU2N_Hxjv8Z771rCOAJ-BaLmPX4xdWJ4cYENVOIFSOVl7KoOPZwi99eXcKqmIBohyOaN-8cMtyRhhof-l-9_Hq7Akndc-PfUgg70SH_GXzrUeK1auU-od_nHjSl&ved=2ahUKEwi75OHQko6RAxVYU1UIHdHzHeU4ChDy0wN6BAgJEAQ&biw=1920&bih=1032&dpr=1 (context: popup)
2025-11-26 21:13:33,005 - app.logger - INFO - 🔍 Analyzing URL: https://www.google.com/search?q=%D1%82%D0%BE%D1%80%D1%80%D0%B5%D0%BD%D1%82+%D0%B8%D0%B3%D1%80%D1%8B&sca_esv=f4f0d3251154213d&sxsrf=AE3TifNSZwZUHWh-8hjMcl2KyQ1NP6tArA:1764102688507&ei=IBImabvUHtim1fIP0ef3qA4&start=0&sa=N&sstk=Af77f_c1VnU2N_Hxjv8Z771rCOAJ-BaLmPX4xdWJ4cYENVOIFSOVl7KoOPZwi99eXcKqmIBohyOaN-8cMtyRhhof-l-9_Hq7Akndc-PfUgg70SH_GXzrUeK1auU-od_nHjSl&ved=2ahUKEwi75OHQko6RAxVYU1UIHdHzHeU4ChDy0wN6BAgJEAQ&biw=1920&bih=1032&dpr=1
2025-11-26 21:13:33,008 - app.logger - INFO - ✅ Trusted domain detected: www.google.com - marking as safe immediately
2025-11-26 21:13:33,013 - app.logger - INFO - [WS] URL analysis completed for https://www.google.com/search?q=%D1%82%D0%BE%D1%80%D1%80%D0%B5%D0%BD%D1%82+%D0%B8%D0%B3%D1%80%D1%8B&sca_esv=f4f0d3251154213d&sxsrf=AE3TifNSZwZUHWh-8hjMcl2KyQ1NP6tArA:1764102688507&ei=IBImabvUHtim1fIP0ef3qA4&start=0&sa=N&sstk=Af77f_c1VnU2N_Hxjv8Z771rCOAJ-BaLmPX4xdWJ4cYENVOIFSOVl7KoOPZwi99eXcKqmIBohyOaN-8cMtyRhhof-l-9_Hq7Akndc-PfUgg70SH_GXzrUeK1auU-od_nHjSl&ved=2ahUKEwi75OHQko6RAxVYU1UIHdHzHeU4ChDy0wN6BAgJEAQ&biw=1920&bih=1032&dpr=1: safe=True, source=trusted_domain
2025-11-26 21:13:33,014 - app.logger - INFO - [WS] Sent analysis_result for https://www.google.com/search?q=%D1%82%D0%BE%D1%80%D1%80%D0%B5%D0%BD%D1%82+%D0%B8%D0%B3%D1%80%D1%8B&sca_esv=f4f0d3251154213d&sxsrf=AE3TifNSZwZUHWh-8hjMcl2KyQ1NP6tArA:1764102688507&ei=IBImabvUHtim1fIP0ef3qA4&start=0&sa=N&sstk=Af77f_c1VnU2N_Hxjv8Z771rCOAJ-BaLmPX4xdWJ4cYENVOIFSOVl7KoOPZwi99eXcKqmIBohyOaN-8cMtyRhhof-l-9_Hq7Akndc-PfUgg70SH_GXzrUeK1auU-od_nHjSl&ved=2ahUKEwi75OHQko6RAxVYU1UIHdHzHeU4ChDy0wN6BAgJEAQ&biw=1920&bih=1032&dpr=1 to client b817a74a-d65b-4571-929b-36c19109dbb8
2025-11-26 21:14:08,771 - app.logger - INFO - [WS] Starting URL analysis for: https://api.aegis.builders/admin/ui/ip (context: popup)
2025-11-26 21:14:08,772 - app.logger - INFO - 🔍 Analyzing URL: https://api.aegis.builders/admin/ui/ip
2025-11-26 21:14:08,773 - app.logger - INFO - [WS] URL analysis completed for https://api.aegis.builders/admin/ui/ip: safe=None, source=internal_only
2025-11-26 21:14:08,773 - app.logger - INFO - [WS] Sent analysis_result for https://api.aegis.builders/admin/ui/ip to client b817a74a-d65b-4571-929b-36c19109dbb8
2025-11-26 21:24:51,345 - app.logger - INFO - [WS] Client disconnected gracefully: b817a74a-d65b-4571-929b-36c19109dbb8
2025-11-26 21:24:51,349 - app.logger - INFO - [WS] Client disconnected: id=b817a74a-d65b-4571-929b-36c19109dbb8, reason=cleanup
2025-11-26 21:24:51,913 - app.logger - INFO - [WS] WebSocket connection attempt from 91.238.89.66
2025-11-26 21:24:51,915 - app.logger - INFO - [WS] WebSocket connection accepted from 91.238.89.66
2025-11-26 21:24:51,922 - app.logger - INFO - [WS] Client connected: id=3c07ba49-0aec-4117-ac43-bc0fa26d9fe7, ip=91.238.89.66
2025-11-26 21:24:57,115 - app.logger - INFO - [WS] Starting URL analysis for: https://www.google.com/search?q=%D1%82%D0%BE%D1%80%D1%80%D0%B5%D0%BD%D1%82+%D0%B8%D0%B3%D1%80%D1%8B&sca_esv=f4f0d3251154213d&sxsrf=AE3TifNSZwZUHWh-8hjMcl2KyQ1NP6tArA:1764102688507&ei=IBImabvUHtim1fIP0ef3qA4&start=0&sa=N&sstk=Af77f_c1VnU2N_Hxjv8Z771rCOAJ-BaLmPX4xdWJ4cYENVOIFSOVl7KoOPZwi99eXcKqmIBohyOaN-8cMtyRhhof-l-9_Hq7Akndc-PfUgg70SH_GXzrUeK1auU-od_nHjSl&ved=2ahUKEwi75OHQko6RAxVYU1UIHdHzHeU4ChDy0wN6BAgJEAQ&biw=1920&bih=1032&dpr=1 (context: popup)
2025-11-26 21:24:57,117 - app.logger - INFO - 🔍 Analyzing URL: https://www.google.com/search?q=%D1%82%D0%BE%D1%80%D1%80%D0%B5%D0%BD%D1%82+%D0%B8%D0%B3%D1%80%D1%8B&sca_esv=f4f0d3251154213d&sxsrf=AE3TifNSZwZUHWh-8hjMcl2KyQ1NP6tArA:1764102688507&ei=IBImabvUHtim1fIP0ef3qA4&start=0&sa=N&sstk=Af77f_c1VnU2N_Hxjv8Z771rCOAJ-BaLmPX4xdWJ4cYENVOIFSOVl7KoOPZwi99eXcKqmIBohyOaN-8cMtyRhhof-l-9_Hq7Akndc-PfUgg70SH_GXzrUeK1auU-od_nHjSl&ved=2ahUKEwi75OHQko6RAxVYU1UIHdHzHeU4ChDy0wN6BAgJEAQ&biw=1920&bih=1032&dpr=1
2025-11-26 21:24:57,119 - app.logger - INFO - ✅ Trusted domain detected: www.google.com - marking as safe immediately
2025-11-26 21:24:57,123 - app.logger - INFO - [WS] URL analysis completed for https://www.google.com/search?q=%D1%82%D0%BE%D1%80%D1%80%D0%B5%D0%BD%D1%82+%D0%B8%D0%B3%D1%80%D1%8B&sca_esv=f4f0d3251154213d&sxsrf=AE3TifNSZwZUHWh-8hjMcl2KyQ1NP6tArA:1764102688507&ei=IBImabvUHtim1fIP0ef3qA4&start=0&sa=N&sstk=Af77f_c1VnU2N_Hxjv8Z771rCOAJ-BaLmPX4xdWJ4cYENVOIFSOVl7KoOPZwi99eXcKqmIBohyOaN-8cMtyRhhof-l-9_Hq7Akndc-PfUgg70SH_GXzrUeK1auU-od_nHjSl&ved=2ahUKEwi75OHQko6RAxVYU1UIHdHzHeU4ChDy0wN6BAgJEAQ&biw=1920&bih=1032&dpr=1: safe=True, source=trusted_domain
2025-11-26 21:24:57,124 - app.logger - INFO - [WS] Sent analysis_result for https://www.google.com/search?q=%D1%82%D0%BE%D1%80%D1%80%D0%B5%D0%BD%D1%82+%D0%B8%D0%B3%D1%80%D1%8B&sca_esv=f4f0d3251154213d&sxsrf=AE3TifNSZwZUHWh-8hjMcl2KyQ1NP6tArA:1764102688507&ei=IBImabvUHtim1fIP0ef3qA4&start=0&sa=N&sstk=Af77f_c1VnU2N_Hxjv8Z771rCOAJ-BaLmPX4xdWJ4cYENVOIFSOVl7KoOPZwi99eXcKqmIBohyOaN-8cMtyRhhof-l-9_Hq7Akndc-PfUgg70SH_GXzrUeK1auU-od_nHjSl&ved=2ahUKEwi75OHQko6RAxVYU1UIHdHzHeU4ChDy0wN6BAgJEAQ&biw=1920&bih=1032&dpr=1 to client 3c07ba49-0aec-4117-ac43-bc0fa26d9fe7
2025-11-26 21:27:24,109 - app.logger - INFO - [WS] Starting URL analysis for: https://nikita.aegis.builders/?folder=/opt/aegis (context: popup)
2025-11-26 21:27:24,112 - app.logger - INFO - 🔍 Analyzing URL: https://nikita.aegis.builders/?folder=/opt/aegis
2025-11-26 21:27:24,121 - app.logger - INFO - 🔍 Checking external APIs for: https://nikita.aegis.builders/?folder=%2Fopt%2Faegis
2025-11-26 21:27:24,439 - app.logger - ERROR - API error 404: {"error": {"code": "NotFoundError", "message": "URL \"aHR0cHM6Ly9uaWtpdGEuYWVnaXMuYnVpbGRlcnMvP2ZvbGRlcj0lMkZvcHQlMkZhZWdpcw\" not found"}}
2025-11-26 21:27:24,440 - app.logger - INFO - URL not found in VirusTotal database, submitting for analysis: https://nikita.aegis.builders/?folder=%2Fopt%2Faegis
2025-11-26 21:27:25,060 - app.logger - INFO - URL submitted for analysis, ID: u-56ef1439a1a8788d16955014b13c9f03acb330eb7d105b35c746d21cd605fa09-0ac34656
2025-11-26 21:27:25,296 - app.logger - INFO - VirusTotal analysis status (u-56ef1439a1a8788d16955014b13c9f03acb330eb7d105b35c746d21cd605fa09-0ac34656): queued (attempt 1/5)
2025-11-26 21:27:27,040 - app.logger - INFO - VirusTotal analysis status (u-56ef1439a1a8788d16955014b13c9f03acb330eb7d105b35c746d21cd605fa09-0ac34656): queued (attempt 2/5)
2025-11-26 21:27:30,272 - app.logger - INFO - VirusTotal analysis status (u-56ef1439a1a8788d16955014b13c9f03acb330eb7d105b35c746d21cd605fa09-0ac34656): queued (attempt 3/5)
2025-11-26 21:27:32,123 - app.logger - ERROR - External API check timed out for https://nikita.aegis.builders/?folder=%2Fopt%2Faegis
2025-11-26 21:27:32,125 - app.logger - WARNING - External APIs did not return result for https://nikita.aegis.builders/?folder=%2Fopt%2Faegis, returning unknown
2025-11-26 21:27:32,130 - app.logger - INFO - [WS] URL analysis completed for https://nikita.aegis.builders/?folder=/opt/aegis: safe=None, source=unknown
2025-11-26 21:27:32,131 - app.logger - INFO - [WS] Sent analysis_result for https://nikita.aegis.builders/?folder=/opt/aegis to client 3c07ba49-0aec-4117-ac43-bc0fa26d9fe7
2025-11-26 21:38:20,894 - app.logger - INFO - [WS] Starting URL analysis for: https://nikita.aegis.builders/?folder=/opt/aegis (context: popup)
2025-11-26 21:38:20,897 - app.logger - INFO - 🔍 Analyzing URL: https://nikita.aegis.builders/?folder=/opt/aegis
2025-11-26 21:38:20,900 - app.logger - INFO - 🔍 Checking external APIs for: https://nikita.aegis.builders/?folder=%2Fopt%2Faegis
2025-11-26 21:38:21,277 - app.logger - INFO - Found URL in VirusTotal database: https://nikita.aegis.builders/?folder=%2Fopt%2Faegis
2025-11-26 21:38:21,279 - app.logger - INFO - 🔍 Combining external results for https://nikita.aegis.builders/?folder=%2Fopt%2Faegis: {'virustotal': {'data': {'id': '56ef1439a1a8788d16955014b13c9f03acb330eb7d105b35c746d21cd605fa09', 'type': 'url', 'links': {'self': 'https://www.virustotal.com/api/v3/urls/56ef1439a1a8788d16955014b13c9f03acb330eb7d105b35c746d21cd605fa09'}, 'attributes': {'times_submitted': 1, 'last_modification_date': 1764181960, 'last_analysis_stats': {'malicious': 0, 'suspicious': 0, 'undetected': 31, 'harmless': 67, 'timeout': 0}, 'categories': {'Forcepoint ThreatSeeker': 'dynamic content'}, 'html_meta': {'viewport': ['width=device-width, initial-scale=1.0, maximum-scale=1.0, minimum-scale=1.0, user-scalable=no'], 'color-scheme': ['light dark']}, 'last_http_response_headers': {'Server': 'nginx/1.18.0 (Ubuntu)', 'Transfer-Encoding': 'chunked', 'Vary': 'Accept-Encoding', 'Connection': 'keep-alive', 'Content-Encoding': 'gzip', 'Content-Type': 'text/html; charset=utf-8', 'Date': 'Wed, 26 Nov 2025 18:27:34 GMT', 'ETag': 'W/"a3d-vAcvMw298BWxzznYZhViajU+LE8"'}, 'url': 'https://nikita.aegis.builders/?folder=/opt/aegis', 'last_http_response_code': 200, 'title': 'code-server login', 'total_votes': {'harmless': 0, 'malicious': 0}, 'last_final_url': 'https://nikita.aegis.builders/login?folder=/opt/aegis&to=', 'last_http_response_content_sha256': '789ec19740dac34f8053530622976626b3636d46ef728431f61cd873ae07305b', 'last_analysis_results': {'Artists Against 419': {'method': 'blacklist', 'engine_name': 'Artists Against 419', 'category': 'harmless', 'result': 'clean'}, 'Acronis': {'method': 'blacklist', 'engine_name': 'Acronis', 'category': 'harmless', 'result': 'clean'}, 'Abusix': {'method': 'blacklist', 'engine_name': 'Abusix', 'category': 'harmless', 'result': 'clean'}, 'ADMINUSLabs': {'method': 'blacklist', 'engine_name': 'ADMINUSLabs', 'category': 'harmless', 'result': 'clean'}, 'Lionic': {'method': 'blacklist', 'engine_name': 'Lionic', 'category': 'harmless', 'result': 'clean'}, 'Criminal IP': {'method': 'blacklist', 'engine_name': 'Criminal IP', 'category': 'harmless', 'result': 'clean'}, 'AILabs (MONITORAPP)': {'method': 'blacklist', 'engine_name': 'AILabs (MONITORAPP)', 'category': 'harmless', 'result': 'clean'}, 'AlienVault': {'method': 'blacklist', 'engine_name': 'AlienVault', 'category': 'harmless', 'result': 'clean'}, 'alphaMountain.ai': {'method': 'blacklist', 'engine_name': 'alphaMountain.ai', 'category': 'undetected', 'result': 'unrated'}, 'AlphaSOC': {'method': 'blacklist', 'engine_name': 'AlphaSOC', 'category': 'undetected', 'result': 'unrated'}, 'Antiy-AVL': {'method': 'blacklist', 'engine_name': 'Antiy-AVL', 'category': 'harmless', 'result': 'clean'}, 'ArcSight Threat Intelligence': {'method': 'blacklist', 'engine_name': 'ArcSight Threat Intelligence', 'category': 'undetected', 'result': 'unrated'}, 'AutoShun': {'method': 'blacklist', 'engine_name': 'AutoShun', 'category': 'undetected', 'result': 'unrated'}, 'Axur': {'method': 'blacklist', 'engine_name': 'Axur', 'category': 'undetected', 'result': 'unrated'}, 'benkow.cc': {'method': 'blacklist', 'engine_name': 'benkow.cc', 'category': 'harmless', 'result': 'clean'}, 'Bfore.Ai PreCrime': {'method': 'blacklist', 'engine_name': 'Bfore.Ai PreCrime', 'category': 'undetected', 'result': 'unrated'}, 'BitDefender': {'method': 'blacklist', 'engine_name': 'BitDefender', 'category': 'harmless', 'result': 'clean'}, 'Bkav': {'method': 'blacklist', 'engine_name': 'Bkav', 'category': 'undetected', 'result': 'unrated'}, 'BlockList': {'method': 'blacklist', 'engine_name': 'BlockList', 'category': 'harmless', 'result': 'clean'}, 'Blueliv': {'method': 'blacklist', 'engine_name': 'Blueliv', 'category': 'harmless', 'result': 'clean'}, 'Certego': {'method': 'blacklist', 'engine_name': 'Certego', 'category': 'harmless', 'result': 'clean'}, 'ChainPatrol': {'method': 'blacklist', 'engine_name': 'ChainPatrol', 'category': 'undetected', 'result': 'unrated'}, 'Chong Lua Dao': {'method': 'blacklist', 'engine_name': 'Chong Lua Dao', 'category': 'harmless', 'result': 'clean'}, 'CINS Army': {'method': 'blacklist', 'engine_name': 'CINS Army', 'category': 'harmless', 'result': 'clean'}, 'Snort IP sample list': {'method': 'blacklist', 'engine_name': 'Snort IP sample list', 'category': 'harmless', 'result': 'clean'}, 'Cluster25': {'method': 'blacklist', 'engine_name': 'Cluster25', 'category': 'undetected', 'result': 'unrated'}, 'CMC Threat Intelligence': {'method': 'blacklist', 'engine_name': 'CMC Threat Intelligence', 'category': 'harmless', 'result': 'clean'}, 'Xcitium Verdict Cloud': {'method': 'blacklist', 'engine_name': 'Xcitium Verdict Cloud', 'category': 'harmless', 'result': 'clean'}, 'CRDF': {'method': 'blacklist', 'engine_name': 'CRDF', 'category': 'harmless', 'result': 'clean'}, 'CSIS Security Group': {'method': 'blacklist', 'engine_name': 'CSIS Security Group', 'category': 'undetected', 'result': 'unrated'}, 'Cyan': {'method': 'blacklist', 'engine_name': 'Cyan', 'category': 'undetected', 'result': 'unrated'}, 'Cyble': {'method': 'blacklist', 'engine_name': 'Cyble', 'category': 'harmless', 'result': 'clean'}, 'CyRadar': {'method': 'blacklist', 'engine_name': 'CyRadar', 'category': 'harmless', 'result': 'clean'}, 'desenmascara.me': {'method': 'blacklist', 'engine_name': 'desenmascara.me', 'category': 'harmless', 'result': 'clean'}, 'DNS8': {'method': 'blacklist', 'engine_name': 'DNS8', 'category': 'harmless', 'result': 'clean'}, 'Dr.Web': {'method': 'blacklist', 'engine_name': 'Dr.Web', 'category': 'harmless', 'result': 'clean'}, 'Emsisoft': {'method': 'blacklist', 'engine_name': 'Emsisoft', 'category': 'harmless', 'result': 'clean'}, 'Ermes': {'method': 'blacklist', 'engine_name': 'Ermes', 'category': 'undetected', 'result': 'unrated'}, 'ESET': {'method': 'blacklist', 'engine_name': 'ESET', 'category': 'harmless', 'result': 'clean'}, 'ESTsecurity': {'method': 'blacklist', 'engine_name': 'ESTsecurity', 'category': 'harmless', 'result': 'clean'}, 'EmergingThreats': {'method': 'blacklist', 'engine_name': 'EmergingThreats', 'category': 'harmless', 'result': 'clean'}, 'Feodo Tracker': {'method': 'blacklist', 'engine_name': 'Feodo Tracker', 'category': 'harmless', 'result': 'clean'}, 'Fortinet': {'method': 'blacklist', 'engine_name': 'Fortinet', 'category': 'harmless', 'result': 'clean'}, 'G-Data': {'method': 'blacklist', 'engine_name': 'G-Data', 'category': 'harmless', 'result': 'clean'}, 'Google Safebrowsing': {'method': 'blacklist', 'engine_name': 'Google Safebrowsing', 'category': 'harmless', 'result': 'clean'}, 'GCP Abuse Intelligence': {'method': 'blacklist', 'engine_name': 'GCP Abuse Intelligence', 'category': 'undetected', 'result': 'unrated'}, 'GreenSnow': {'method': 'blacklist', 'engine_name': 'GreenSnow', 'category': 'harmless', 'result': 'clean'}, 'Gridinsoft': {'method': 'blacklist', 'engine_name': 'Gridinsoft', 'category': 'undetected', 'result': 'unrated'}, 'Heimdal Security': {'method': 'blacklist', 'engine_name': 'Heimdal Security', 'category': 'harmless', 'result': 'clean'}, 'Hunt.io Intelligence': {'method': 'blacklist', 'engine_name': 'Hunt.io Intelligence', 'category': 'undetected', 'result': 'unrated'}, 'IPsum': {'method': 'blacklist', 'engine_name': 'IPsum', 'category': 'harmless', 'result': 'clean'}, 'Juniper Networks': {'method': 'blacklist', 'engine_name': 'Juniper Networks', 'category': 'harmless', 'result': 'clean'}, 'Kaspersky': {'method': 'blacklist', 'engine_name': 'Kaspersky', 'category': 'undetected', 'result': 'unrated'}, 'Lumu': {'method': 'blacklist', 'engine_name': 'Lumu', 'category': 'undetected', 'result': 'unrated'}, 'Malwared': {'method': 'blacklist', 'engine_name': 'Malwared', 'category': 'harmless', 'result': 'clean'}, 'MalwareURL': {'method': 'blacklist', 'engine_name': 'MalwareURL', 'category': 'undetected', 'result': 'unrated'}, 'MalwarePatrol': {'method': 'blacklist', 'engine_name': 'MalwarePatrol', 'category': 'harmless', 'result': 'clean'}, 'malwares.com URL checker': {'method': 'blacklist', 'engine_name': 'malwares.com URL checker', 'category': 'harmless', 'result': 'clean'}, 'Mimecast': {'method': 'blacklist', 'engine_name': 'Mimecast', 'category': 'undetected', 'result': 'unrated'}, 'Netcraft': {'method': 'blacklist', 'engine_name': 'Netcraft', 'category': 'undetected', 'result': 'unrated'}, 'OpenPhish': {'method': 'blacklist', 'engine_name': 'OpenPhish', 'category': 'harmless', 'result': 'clean'}, '0xSI_f33d': {'method': 'blacklist', 'engine_name': '0xSI_f33d', 'category': 'undetected', 'result': 'unrated'}, 'Phishing Database': {'method': 'blacklist', 'engine_name': 'Phishing Database', 'category': 'harmless', 'result': 'clean'}, 'PhishFort': {'method': 'blacklist', 'engine_name': 'PhishFort', 'category': 'undetected', 'result': 'unrated'}, 'PhishLabs': {'method': 'blacklist', 'engine_name': 'PhishLabs', 'category': 'undetected', 'result': 'unrated'}, 'Phishtank': {'method': 'blacklist', 'engine_name': 'Phishtank', 'category': 'harmless', 'result': 'clean'}, 'PREBYTES': {'method': 'blacklist', 'engine_name': 'PREBYTES', 'category': 'harmless', 'result': 'clean'}, 'PrecisionSec': {'method': 'blacklist', 'engine_name': 'PrecisionSec', 'category': 'undetected', 'result': 'unrated'}, 'Quick Heal': {'method': 'blacklist', 'engine_name': 'Quick Heal', 'category': 'harmless', 'result': 'clean'}, 'Quttera': {'method': 'blacklist', 'engine_name': 'Quttera', 'category': 'harmless', 'result': 'clean'}, 'Rising': {'method': 'blacklist', 'engine_name': 'Rising', 'category': 'harmless', 'result': 'clean'}, 'SafeToOpen': {'method': 'blacklist', 'engine_name': 'SafeToOpen', 'category': 'undetected', 'result': 'unrated'}, 'Sangfor': {'method': 'blacklist', 'engine_name': 'Sangfor', 'category': 'harmless', 'result': 'clean'}, 'Sansec eComscan': {'method': 'blacklist', 'engine_name': 'Sansec eComscan', 'category': 'undetected', 'result': 'unrated'}, 'Scantitan': {'method': 'blacklist', 'engine_name': 'Scantitan', 'category': 'harmless', 'result': 'clean'}, 'SCUMWARE.org': {'method': 'blacklist', 'engine_name': 'SCUMWARE.org', 'category': 'harmless', 'result': 'clean'}, 'Seclookup': {'method': 'blacklist', 'engine_name': 'Seclookup', 'category': 'harmless', 'result': 'clean'}, 'SOCRadar': {'method': 'blacklist', 'engine_name': 'SOCRadar', 'category': 'undetected', 'result': 'unrated'}, 'Sophos': {'method': 'blacklist', 'engine_name': 'Sophos', 'category': 'harmless', 'result': 'clean'}, 'Spam404': {'method': 'blacklist', 'engine_name': 'Spam404', 'category': 'harmless', 'result': 'clean'}, 'StopForumSpam': {'method': 'blacklist', 'engine_name': 'StopForumSpam', 'category': 'harmless', 'result': 'clean'}, 'Sucuri SiteCheck': {'method': 'blacklist', 'engine_name': 'Sucuri SiteCheck', 'category': 'harmless', 'result': 'clean'}, 'securolytics': {'method': 'blacklist', 'engine_name': 'securolytics', 'category': 'harmless', 'result': 'clean'}, 'Threatsourcing': {'method': 'blacklist', 'engine_name': 'Threatsourcing', 'category': 'harmless', 'result': 'clean'}, 'ThreatHive': {'method': 'blacklist', 'engine_name': 'ThreatHive', 'category': 'harmless', 'result': 'clean'}, 'Trustwave': {'method': 'blacklist', 'engine_name': 'Trustwave', 'category': 'harmless', 'result': 'clean'}, 'Underworld': {'method': 'blacklist', 'engine_name': 'Underworld', 'category': 'undetected', 'result': 'unrated'}, 'URLhaus': {'method': 'blacklist', 'engine_name': 'URLhaus', 'category': 'harmless', 'result': 'clean'}, 'URLQuery': {'method': 'blacklist', 'engine_name': 'URLQuery', 'category': 'undetected', 'result': 'unrated'}, 'Viettel Threat Intelligence': {'method': 'blacklist', 'engine_name': 'Viettel Threat Intelligence', 'category': 'harmless', 'result': 'clean'}, 'VIPRE': {'method': 'blacklist', 'engine_name': 'VIPRE', 'category': 'undetected', 'result': 'unrated'}, 'ViriBack': {'method': 'blacklist', 'engine_name': 'ViriBack', 'category': 'harmless', 'result': 'clean'}, 'VX Vault': {'method': 'blacklist', 'engine_name': 'VX Vault', 'category': 'harmless', 'result': 'clean'}, 'Webroot': {'method': 'blacklist', 'engine_name': 'Webroot', 'category': 'harmless', 'result': 'clean'}, 'Forcepoint ThreatSeeker': {'method': 'blacklist', 'engine_name': 'Forcepoint ThreatSeeker', 'category': 'harmless', 'result': 'clean'}, 'Yandex Safebrowsing': {'method': 'blacklist', 'engine_name': 'Yandex Safebrowsing', 'category': 'harmless', 'result': 'clean'}, 'ZeroCERT': {'method': 'blacklist', 'engine_name': 'ZeroCERT', 'category': 'harmless', 'result': 'clean'}, 'ZeroFox': {'method': 'blacklist', 'engine_name': 'ZeroFox', 'category': 'undetected', 'result': 'unrated'}}, 'tags': ['password-input'], 'last_submission_date': 1764181644, 'last_http_response_content_length': 2621, 'reputation': 0, 'last_analysis_date': 1764181644, 'redirection_chain': ['https://nikita.aegis.builders/?folder=/opt/aegis'], 'first_submission_date': 1764181644, 'tld': 'builders', 'threat_names': []}}}}
2025-11-26 21:38:21,281 - app.logger - INFO - [VirusTotal] Raw stats: malicious=0 suspicious=0 undetected=31 harmless=67 total=98 ratio=0/98 (results=0)
2025-11-26 21:38:21,282 - app.logger - INFO - [VirusTotal] Parsed result (conservative): {'safe': False, 'threat_type': 'suspicious', 'details': 'VirusTotal uncertain but treated as unsafe (undetected_ratio=0.32, young=True)', 'external_scan': 'virustotal', 'confidence': 70, 'detection_ratio': '0/98', 'raw_data': {'malicious_detections': 0, 'suspicious_detections': 0, 'undetected': 31, 'harmless': 67, 'total_engines': 98, 'undetected_ratio': 0.3163265306122449, 'harmless_ratio': 0.6836734693877551, 'is_young': True}}
2025-11-26 21:38:21,283 - app.logger - INFO - 🔍 VirusTotal parsed result: {'safe': False, 'threat_type': 'suspicious', 'details': 'VirusTotal uncertain but treated as unsafe (undetected_ratio=0.32, young=True)', 'external_scan': 'virustotal', 'confidence': 70, 'detection_ratio': '0/98', 'raw_data': {'malicious_detections': 0, 'suspicious_detections': 0, 'undetected': 31, 'harmless': 67, 'total_engines': 98, 'undetected_ratio': 0.3163265306122449, 'harmless_ratio': 0.6836734693877551, 'is_young': True}}
2025-11-26 21:38:21,283 - app.logger - INFO - 🔍 Final external API result for https://nikita.aegis.builders/?folder=%2Fopt%2Faegis: safe=False, threat_type=malicious, details=VirusTotal uncertain but treated as unsafe (undetected_ratio=0.32, young=True)
2025-11-26 21:38:21,284 - app.logger - INFO - 🔍 External API result: safe=False, threat_type=malicious
2025-11-26 21:38:21,284 - app.logger - WARNING - 🚨 External APIs detected threat for https://nikita.aegis.builders/?folder=%2Fopt%2Faegis: {'safe': False, 'threat_type': 'malicious', 'details': 'VirusTotal uncertain but treated as unsafe (undetected_ratio=0.32, young=True)', 'external_scans': {'virustotal': {'safe': False, 'threat_type': 'suspicious', 'details': 'VirusTotal uncertain but treated as unsafe (undetected_ratio=0.32, young=True)', 'external_scan': 'virustotal', 'confidence': 70, 'detection_ratio': '0/98', 'raw_data': {'malicious_detections': 0, 'suspicious_detections': 0, 'undetected': 31, 'harmless': 67, 'total_engines': 98, 'undetected_ratio': 0.3163265306122449, 'harmless_ratio': 0.6836734693877551, 'is_young': True}}}, 'confidence': 70}
2025-11-26 21:38:21,287 - app.database - INFO - Malicious URL added: https://nikita.aegis.builders/?folder=%2Fopt%2Faegis
2025-11-26 21:38:21,290 - app.logger - INFO - [WS] URL analysis completed for https://nikita.aegis.builders/?folder=/opt/aegis: safe=False, source=external_apis
2025-11-26 21:38:21,291 - app.logger - INFO - [WS] Sent analysis_result for https://nikita.aegis.builders/?folder=/opt/aegis to client 3c07ba49-0aec-4117-ac43-bc0fa26d9fe7
2025-11-26 21:38:31,135 - app.logger - INFO - [WS] Starting URL analysis for: https://www.google.com/search?q=%D1%82%D0%BE%D1%80%D1%80%D0%B5%D0%BD%D1%82+%D0%B8%D0%B3%D1%80%D1%8B&sca_esv=f4f0d3251154213d&sxsrf=AE3TifNSZwZUHWh-8hjMcl2KyQ1NP6tArA:1764102688507&ei=IBImabvUHtim1fIP0ef3qA4&start=0&sa=N&sstk=Af77f_c1VnU2N_Hxjv8Z771rCOAJ-BaLmPX4xdWJ4cYENVOIFSOVl7KoOPZwi99eXcKqmIBohyOaN-8cMtyRhhof-l-9_Hq7Akndc-PfUgg70SH_GXzrUeK1auU-od_nHjSl&ved=2ahUKEwi75OHQko6RAxVYU1UIHdHzHeU4ChDy0wN6BAgJEAQ&biw=1920&bih=1032&dpr=1 (context: popup)
2025-11-26 21:38:31,138 - app.logger - INFO - 🔍 Analyzing URL: https://www.google.com/search?q=%D1%82%D0%BE%D1%80%D1%80%D0%B5%D0%BD%D1%82+%D0%B8%D0%B3%D1%80%D1%8B&sca_esv=f4f0d3251154213d&sxsrf=AE3TifNSZwZUHWh-8hjMcl2KyQ1NP6tArA:1764102688507&ei=IBImabvUHtim1fIP0ef3qA4&start=0&sa=N&sstk=Af77f_c1VnU2N_Hxjv8Z771rCOAJ-BaLmPX4xdWJ4cYENVOIFSOVl7KoOPZwi99eXcKqmIBohyOaN-8cMtyRhhof-l-9_Hq7Akndc-PfUgg70SH_GXzrUeK1auU-od_nHjSl&ved=2ahUKEwi75OHQko6RAxVYU1UIHdHzHeU4ChDy0wN6BAgJEAQ&biw=1920&bih=1032&dpr=1
2025-11-26 21:38:31,140 - app.logger - INFO - ✅ Trusted domain detected: www.google.com - marking as safe immediately
2025-11-26 21:38:31,144 - app.logger - INFO - [WS] URL analysis completed for https://www.google.com/search?q=%D1%82%D0%BE%D1%80%D1%80%D0%B5%D0%BD%D1%82+%D0%B8%D0%B3%D1%80%D1%8B&sca_esv=f4f0d3251154213d&sxsrf=AE3TifNSZwZUHWh-8hjMcl2KyQ1NP6tArA:1764102688507&ei=IBImabvUHtim1fIP0ef3qA4&start=0&sa=N&sstk=Af77f_c1VnU2N_Hxjv8Z771rCOAJ-BaLmPX4xdWJ4cYENVOIFSOVl7KoOPZwi99eXcKqmIBohyOaN-8cMtyRhhof-l-9_Hq7Akndc-PfUgg70SH_GXzrUeK1auU-od_nHjSl&ved=2ahUKEwi75OHQko6RAxVYU1UIHdHzHeU4ChDy0wN6BAgJEAQ&biw=1920&bih=1032&dpr=1: safe=True, source=trusted_domain
2025-11-26 21:38:31,145 - app.logger - INFO - [WS] Sent analysis_result for https://www.google.com/search?q=%D1%82%D0%BE%D1%80%D1%80%D0%B5%D0%BD%D1%82+%D0%B8%D0%B3%D1%80%D1%8B&sca_esv=f4f0d3251154213d&sxsrf=AE3TifNSZwZUHWh-8hjMcl2KyQ1NP6tArA:1764102688507&ei=IBImabvUHtim1fIP0ef3qA4&start=0&sa=N&sstk=Af77f_c1VnU2N_Hxjv8Z771rCOAJ-BaLmPX4xdWJ4cYENVOIFSOVl7KoOPZwi99eXcKqmIBohyOaN-8cMtyRhhof-l-9_Hq7Akndc-PfUgg70SH_GXzrUeK1auU-od_nHjSl&ved=2ahUKEwi75OHQko6RAxVYU1UIHdHzHeU4ChDy0wN6BAgJEAQ&biw=1920&bih=1032&dpr=1 to client 3c07ba49-0aec-4117-ac43-bc0fa26d9fe7
2025-11-26 21:38:36,008 - app.logger - INFO - [WS] Starting URL analysis for: https://vk.com/torrent_igruha (context: hover)
2025-11-26 21:38:36,009 - app.logger - INFO - 🔍 Analyzing URL: https://vk.com/torrent_igruha
2025-11-26 21:38:36,012 - app.logger - INFO - 🔍 Checking external APIs for: https://vk.com/torrent_igruha
2025-11-26 21:38:36,347 - app.logger - INFO - Found URL in VirusTotal database: https://vk.com/torrent_igruha
2025-11-26 21:38:36,349 - app.logger - INFO - 🔍 Combining external results for https://vk.com/torrent_igruha: {'virustotal': {'data': {'id': '64ec7572795a5e1f5161d6fc5932c4c0bcd5490a76935104c4bebf0f6f721638', 'type': 'url', 'links': {'self': 'https://www.virustotal.com/api/v3/urls/64ec7572795a5e1f5161d6fc5932c4c0bcd5490a76935104c4bebf0f6f721638'}, 'attributes': {'tld': 'com', 'last_http_response_content_length': 3180, 'total_votes': {'harmless': 0, 'malicious': 0}, 'url': 'https://vk.com/torrent_igruha', 'last_http_response_cookies': {'remixir': 'DELETED', 'remixlang': '3', 'remixstlid': '9114603050344444636_jhqZbdWfoNS53dazrHhkszQNFkbWVtLcEVquMhtRNFc'}, 'categories': {'Sophos': 'social networks', 'BitDefender': 'socialnetworks', 'Xcitium Verdict Cloud': 'social networking', 'Forcepoint ThreatSeeker': 'social networking', 'Dr.Web': 'social networks/adult content/violence'}, 'last_submission_date': 1704543186, 'last_http_response_code': 200, 'last_analysis_results': {'Bkav': {'method': 'blacklist', 'engine_name': 'Bkav', 'category': 'undetected', 'result': 'unrated'}, 'CMC Threat Intelligence': {'method': 'blacklist', 'engine_name': 'CMC Threat Intelligence', 'category': 'harmless', 'result': 'clean'}, '0xSI_f33d': {'method': 'blacklist', 'engine_name': '0xSI_f33d', 'category': 'undetected', 'result': 'unrated'}, 'ViriBack': {'method': 'blacklist', 'engine_name': 'ViriBack', 'category': 'harmless', 'result': 'clean'}, 'MalwareURL': {'method': 'blacklist', 'engine_name': 'MalwareURL', 'category': 'undetected', 'result': 'unrated'}, 'PhishLabs': {'method': 'blacklist', 'engine_name': 'PhishLabs', 'category': 'undetected', 'result': 'unrated'}, 'K7AntiVirus': {'method': 'blacklist', 'engine_name': 'K7AntiVirus', 'category': 'harmless', 'result': 'clean'}, 'CINS Army': {'method': 'blacklist', 'engine_name': 'CINS Army', 'category': 'harmless', 'result': 'clean'}, 'Quttera': {'method': 'blacklist', 'engine_name': 'Quttera', 'category': 'harmless', 'result': 'clean'}, 'BlockList': {'method': 'blacklist', 'engine_name': 'BlockList', 'category': 'harmless', 'result': 'clean'}, 'PrecisionSec': {'method': 'blacklist', 'engine_name': 'PrecisionSec', 'category': 'undetected', 'result': 'unrated'}, 'OpenPhish': {'method': 'blacklist', 'engine_name': 'OpenPhish', 'category': 'harmless', 'result': 'clean'}, 'VX Vault': {'method': 'blacklist', 'engine_name': 'VX Vault', 'category': 'harmless', 'result': 'clean'}, 'Feodo Tracker': {'method': 'blacklist', 'engine_name': 'Feodo Tracker', 'category': 'harmless', 'result': 'clean'}, 'ADMINUSLabs': {'method': 'blacklist', 'engine_name': 'ADMINUSLabs', 'category': 'harmless', 'result': 'clean'}, 'Scantitan': {'method': 'blacklist', 'engine_name': 'Scantitan', 'category': 'harmless', 'result': 'clean'}, 'AlienVault': {'method': 'blacklist', 'engine_name': 'AlienVault', 'category': 'harmless', 'result': 'clean'}, 'Sophos': {'method': 'blacklist', 'engine_name': 'Sophos', 'category': 'harmless', 'result': 'clean'}, 'Phishtank': {'method': 'blacklist', 'engine_name': 'Phishtank', 'category': 'harmless', 'result': 'clean'}, 'ESTsecurity': {'method': 'blacklist', 'engine_name': 'ESTsecurity', 'category': 'harmless', 'result': 'clean'}, 'Spam404': {'method': 'blacklist', 'engine_name': 'Spam404', 'category': 'harmless', 'result': 'clean'}, 'CRDF': {'method': 'blacklist', 'engine_name': 'CRDF', 'category': 'harmless', 'result': 'clean'}, 'Rising': {'method': 'blacklist', 'engine_name': 'Rising', 'category': 'harmless', 'result': 'clean'}, 'Fortinet': {'method': 'blacklist', 'engine_name': 'Fortinet', 'category': 'harmless', 'result': 'clean'}, 'alphaMountain.ai': {'method': 'blacklist', 'engine_name': 'alphaMountain.ai', 'category': 'harmless', 'result': 'clean'}, 'Lionic': {'method': 'blacklist', 'engine_name': 'Lionic', 'category': 'harmless', 'result': 'clean'}, 'Cyble': {'method': 'blacklist', 'engine_name': 'Cyble', 'category': 'harmless', 'result': 'clean'}, 'Seclookup': {'method': 'blacklist', 'engine_name': 'Seclookup', 'category': 'harmless', 'result': 'clean'}, 'Xcitium Verdict Cloud': {'method': 'blacklist', 'engine_name': 'Xcitium Verdict Cloud', 'category': 'undetected', 'result': 'unrated'}, 'Artists Against 419': {'method': 'blacklist', 'engine_name': 'Artists Against 419', 'category': 'harmless', 'result': 'clean'}, 'Google Safebrowsing': {'method': 'blacklist', 'engine_name': 'Google Safebrowsing', 'category': 'harmless', 'result': 'clean'}, 'SafeToOpen': {'method': 'blacklist', 'engine_name': 'SafeToOpen', 'category': 'undetected', 'result': 'unrated'}, 'ArcSight Threat Intelligence': {'method': 'blacklist', 'engine_name': 'ArcSight Threat Intelligence', 'category': 'undetected', 'result': 'unrated'}, 'Cyan': {'method': 'blacklist', 'engine_name': 'Cyan', 'category': 'undetected', 'result': 'unrated'}, 'Juniper Networks': {'method': 'blacklist', 'engine_name': 'Juniper Networks', 'category': 'harmless', 'result': 'clean'}, 'Heimdal Security': {'method': 'blacklist', 'engine_name': 'Heimdal Security', 'category': 'harmless', 'result': 'clean'}, 'AutoShun': {'method': 'blacklist', 'engine_name': 'AutoShun', 'category': 'undetected', 'result': 'unrated'}, 'Trustwave': {'method': 'blacklist', 'engine_name': 'Trustwave', 'category': 'harmless', 'result': 'clean'}, 'CyRadar': {'method': 'blacklist', 'engine_name': 'CyRadar', 'category': 'harmless', 'result': 'clean'}, 'Dr.Web': {'method': 'blacklist', 'engine_name': 'Dr.Web', 'category': 'harmless', 'result': 'clean'}, 'Emsisoft': {'method': 'blacklist', 'engine_name': 'Emsisoft', 'category': 'harmless', 'result': 'clean'}, 'Abusix': {'method': 'blacklist', 'engine_name': 'Abusix', 'category': 'harmless', 'result': 'clean'}, 'Webroot': {'method': 'blacklist', 'engine_name': 'Webroot', 'category': 'harmless', 'result': 'clean'}, 'Avira': {'method': 'blacklist', 'engine_name': 'Avira', 'category': 'harmless', 'result': 'clean'}, 'Snort IP sample list': {'method': 'blacklist', 'engine_name': 'Snort IP sample list', 'category': 'harmless', 'result': 'clean'}, 'securolytics': {'method': 'blacklist', 'engine_name': 'securolytics', 'category': 'harmless', 'result': 'clean'}, 'Antiy-AVL': {'method': 'blacklist', 'engine_name': 'Antiy-AVL', 'category': 'harmless', 'result': 'clean'}, 'AlphaSOC': {'method': 'blacklist', 'engine_name': 'AlphaSOC', 'category': 'undetected', 'result': 'unrated'}, 'Acronis': {'method': 'blacklist', 'engine_name': 'Acronis', 'category': 'harmless', 'result': 'clean'}, 'Quick Heal': {'method': 'blacklist', 'engine_name': 'Quick Heal', 'category': 'harmless', 'result': 'clean'}, 'URLQuery': {'method': 'blacklist', 'engine_name': 'URLQuery', 'category': 'harmless', 'result': 'clean'}, 'Ermes': {'method': 'blacklist', 'engine_name': 'Ermes', 'category': 'undetected', 'result': 'unrated'}, 'Viettel Threat Intelligence': {'method': 'blacklist', 'engine_name': 'Viettel Threat Intelligence', 'category': 'harmless', 'result': 'clean'}, 'DNS8': {'method': 'blacklist', 'engine_name': 'DNS8', 'category': 'harmless', 'result': 'clean'}, 'AILabs (MONITORAPP)': {'method': 'blacklist', 'engine_name': 'AILabs (MONITORAPP)', 'category': 'harmless', 'result': 'clean'}, 'benkow.cc': {'method': 'blacklist', 'engine_name': 'benkow.cc', 'category': 'harmless', 'result': 'clean'}, 'EmergingThreats': {'method': 'blacklist', 'engine_name': 'EmergingThreats', 'category': 'harmless', 'result': 'clean'}, 'Chong Lua Dao': {'method': 'blacklist', 'engine_name': 'Chong Lua Dao', 'category': 'harmless', 'result': 'clean'}, 'Yandex Safebrowsing': {'method': 'blacklist', 'engine_name': 'Yandex Safebrowsing', 'category': 'harmless', 'result': 'clean'}, 'Lumu': {'method': 'blacklist', 'engine_name': 'Lumu', 'category': 'undetected', 'result': 'unrated'}, 'Kaspersky': {'method': 'blacklist', 'engine_name': 'Kaspersky', 'category': 'harmless', 'result': 'clean'}, 'Sucuri SiteCheck': {'method': 'blacklist', 'engine_name': 'Sucuri SiteCheck', 'category': 'harmless', 'result': 'clean'}, 'desenmascara.me': {'method': 'blacklist', 'engine_name': 'desenmascara.me', 'category': 'harmless', 'result': 'clean'}, 'CrowdSec': {'method': 'blacklist', 'engine_name': 'CrowdSec', 'category': 'undetected', 'result': 'unrated'}, 'Cluster25': {'method': 'blacklist', 'engine_name': 'Cluster25', 'category': 'undetected', 'result': 'unrated'}, 'SOCRadar': {'method': 'blacklist', 'engine_name': 'SOCRadar', 'category': 'undetected', 'result': 'unrated'}, 'URLhaus': {'method': 'blacklist', 'engine_name': 'URLhaus', 'category': 'harmless', 'result': 'clean'}, 'PREBYTES': {'method': 'blacklist', 'engine_name': 'PREBYTES', 'category': 'harmless', 'result': 'clean'}, 'StopForumSpam': {'method': 'blacklist', 'engine_name': 'StopForumSpam', 'category': 'harmless', 'result': 'clean'}, 'Blueliv': {'method': 'blacklist', 'engine_name': 'Blueliv', 'category': 'harmless', 'result': 'clean'}, 'Netcraft': {'method': 'blacklist', 'engine_name': 'Netcraft', 'category': 'undetected', 'result': 'unrated'}, 'ZeroCERT': {'method': 'blacklist', 'engine_name': 'ZeroCERT', 'category': 'harmless', 'result': 'clean'}, 'Phishing Database': {'method': 'blacklist', 'engine_name': 'Phishing Database', 'category': 'harmless', 'result': 'clean'}, 'MalwarePatrol': {'method': 'blacklist', 'engine_name': 'MalwarePatrol', 'category': 'harmless', 'result': 'clean'}, 'Sangfor': {'method': 'blacklist', 'engine_name': 'Sangfor', 'category': 'harmless', 'result': 'clean'}, 'IPsum': {'method': 'blacklist', 'engine_name': 'IPsum', 'category': 'harmless', 'result': 'clean'}, 'Malwared': {'method': 'blacklist', 'engine_name': 'Malwared', 'category': 'harmless', 'result': 'clean'}, 'BitDefender': {'method': 'blacklist', 'engine_name': 'BitDefender', 'category': 'harmless', 'result': 'clean'}, 'GreenSnow': {'method': 'blacklist', 'engine_name': 'GreenSnow', 'category': 'harmless', 'result': 'clean'}, 'G-Data': {'method': 'blacklist', 'engine_name': 'G-Data', 'category': 'harmless', 'result': 'clean'}, 'VIPRE': {'method': 'blacklist', 'engine_name': 'VIPRE', 'category': 'undetected', 'result': 'unrated'}, 'SCUMWARE.org': {'method': 'blacklist', 'engine_name': 'SCUMWARE.org', 'category': 'harmless', 'result': 'clean'}, 'PhishFort': {'method': 'blacklist', 'engine_name': 'PhishFort', 'category': 'undetected', 'result': 'unrated'}, 'malwares.com URL checker': {'method': 'blacklist', 'engine_name': 'malwares.com URL checker', 'category': 'harmless', 'result': 'clean'}, 'Forcepoint ThreatSeeker': {'method': 'blacklist', 'engine_name': 'Forcepoint ThreatSeeker', 'category': 'harmless', 'result': 'clean'}, 'Criminal IP': {'method': 'blacklist', 'engine_name': 'Criminal IP', 'category': 'harmless', 'result': 'clean'}, 'Certego': {'method': 'blacklist', 'engine_name': 'Certego', 'category': 'harmless', 'result': 'clean'}, 'ESET': {'method': 'blacklist', 'engine_name': 'ESET', 'category': 'harmless', 'result': 'clean'}, 'Threatsourcing': {'method': 'blacklist', 'engine_name': 'Threatsourcing', 'category': 'harmless', 'result': 'clean'}, 'ThreatHive': {'method': 'blacklist', 'engine_name': 'ThreatHive', 'category': 'harmless', 'result': 'clean'}, 'Bfore.Ai PreCrime': {'method': 'blacklist', 'engine_name': 'Bfore.Ai PreCrime', 'category': 'harmless', 'result': 'clean'}}, 'last_modification_date': 1713345773, 'redirection_chain': ['https://vk.com/torrent_igruha'], 'tags': [], 'last_http_response_content_sha256': 'a928f786481295928df9c476d93a9d2631f261ab4ef92795d43d643457c747d8', 'title': 'Your browser is out of date', 'last_analysis_stats': {'malicious': 0, 'suspicious': 0, 'undetected': 19, 'harmless': 72, 'timeout': 0}, 'last_analysis_date': 1704543186, 'times_submitted': 4, 'threat_names': [], 'first_submission_date': 1592131088, 'last_http_response_headers': {'X-Trace-Id': 'SV8_6qpGiebIu38rLfadbEwphkpvuQ', 'Content-Type': 'text/html; charset=windows-1251', 'Content-Length': '3180', 'X-Content-Type-Options': 'nosniff', 'X-Powered-By': 'KPHP/7.4.115466', 'Set-Cookie': 'remixir=DELETED; expires=Thu, 01 Jan 1970 00:00:01 GMT; path=/; domain=.vk.com; secure; HttpOnly; SameSite=None, remixlang=3; expires=Wed, 08 Jan 2025 01:21:20 GMT; path=/; domain=.vk.com; secure; SameSite=None, remixstlid=9114603050344444636_jhqZbdWfoNS53dazrHhkszQNFkbWVtLcEVquMhtRNFc; expires=Sun, 05 Jan 2025 12:13:09 GMT; path=/; domain=.vk.com; secure; SameSite=None', 'Strict-Transport-Security': 'max-age=15768000', 'Server': 'kittenx', 'Connection': 'keep-alive', 'Cache-control': 'max-age=345600', 'Date': 'Sat, 06 Jan 2024 12:13:09 GMT', 'X-Frame-Options': 'deny', 'X-Frontend': 'front225207', 'Access-Control-Expose-Headers': 'X-Frontend'}, 'reputation': 0, 'last_final_url': 'https://vk.com/badbrowser.php'}}}}
2025-11-26 21:38:36,350 - app.logger - INFO - [VirusTotal] Raw stats: malicious=0 suspicious=0 undetected=19 harmless=72 total=91 ratio=0/91 (results=0)
2025-11-26 21:38:36,350 - app.logger - INFO - [VirusTotal] Parsed result (conservative): {'safe': None, 'threat_type': None, 'details': 'VirusTotal result unclear, treated as unknown', 'external_scan': 'virustotal', 'confidence': 0, 'detection_ratio': '0/91', 'raw_data': {'malicious_detections': 0, 'suspicious_detections': 0, 'undetected': 19, 'harmless': 72, 'total_engines': 91, 'undetected_ratio': 0.2087912087912088, 'harmless_ratio': 0.7912087912087912, 'is_young': False}}
2025-11-26 21:38:36,351 - app.logger - INFO - 🔍 VirusTotal parsed result: {'safe': None, 'threat_type': None, 'details': 'VirusTotal result unclear, treated as unknown', 'external_scan': 'virustotal', 'confidence': 0, 'detection_ratio': '0/91', 'raw_data': {'malicious_detections': 0, 'suspicious_detections': 0, 'undetected': 19, 'harmless': 72, 'total_engines': 91, 'undetected_ratio': 0.2087912087912088, 'harmless_ratio': 0.7912087912087912, 'is_young': False}}
2025-11-26 21:38:36,351 - app.logger - INFO - 🔍 Final external API result for https://vk.com/torrent_igruha: safe=None, threat_type=None, details=Unable to determine safety
2025-11-26 21:38:36,352 - app.logger - INFO - 🔍 External API result: safe=None, threat_type=None
2025-11-26 21:38:36,352 - app.logger - WARNING - ⚠️ External APIs returned unclear result for https://vk.com/torrent_igruha: safe=None
2025-11-26 21:38:36,353 - app.logger - WARNING - External APIs returned None for https://vk.com/torrent_igruha, treating as unknown
2025-11-26 21:38:36,356 - app.logger - INFO - [WS] URL analysis completed for https://vk.com/torrent_igruha: safe=None, source=unknown
2025-11-26 21:38:36,357 - app.logger - INFO - [WS] Sent analysis_result for https://vk.com/torrent_igruha to client 3c07ba49-0aec-4117-ac43-bc0fa26d9fe7
2025-11-26 21:38:37,813 - app.logger - INFO - [WS] Starting URL analysis for: https://ximepa.games/ (context: hover)
2025-11-26 21:38:37,814 - app.logger - INFO - 🔍 Analyzing URL: https://ximepa.games/
2025-11-26 21:38:37,821 - app.logger - INFO - 🔍 Checking external APIs for: https://ximepa.games/
2025-11-26 21:38:38,156 - app.logger - INFO - Found URL in VirusTotal database: https://ximepa.games/
2025-11-26 21:38:38,158 - app.logger - INFO - 🔍 Combining external results for https://ximepa.games/: {'virustotal': {'data': {'id': 'd2cfe16c00dbcf1c7a9b4c3d2037e667a52d78e3b4fab28818729b4b356eb424', 'type': 'url', 'links': {'self': 'https://www.virustotal.com/api/v3/urls/d2cfe16c00dbcf1c7a9b4c3d2037e667a52d78e3b4fab28818729b4b356eb424'}, 'attributes': {'total_votes': {'harmless': 0, 'malicious': 0}, 'last_analysis_date': 1761876612, 'categories': {'Forcepoint ThreatSeeker': 'games'}, 'first_submission_date': 1682771523, 'last_http_response_code': 200, 'last_http_response_content_length': 40706, 'tags': ['trackers', 'external-resources'], 'title': 'Скачать ПК игры торрент бесплатно', 'last_final_url': 'https://ximepa.games/', 'reputation': 0, 'last_analysis_stats': {'malicious': 0, 'suspicious': 0, 'undetected': 29, 'harmless': 69, 'timeout': 0}, 'last_analysis_results': {'Artists Against 419': {'method': 'blacklist', 'engine_name': 'Artists Against 419', 'category': 'harmless', 'result': 'clean'}, 'Acronis': {'method': 'blacklist', 'engine_name': 'Acronis', 'category': 'harmless', 'result': 'clean'}, 'Abusix': {'method': 'blacklist', 'engine_name': 'Abusix', 'category': 'harmless', 'result': 'clean'}, 'ADMINUSLabs': {'method': 'blacklist', 'engine_name': 'ADMINUSLabs', 'category': 'harmless', 'result': 'clean'}, 'Lionic': {'method': 'blacklist', 'engine_name': 'Lionic', 'category': 'harmless', 'result': 'clean'}, 'Criminal IP': {'method': 'blacklist', 'engine_name': 'Criminal IP', 'category': 'harmless', 'result': 'clean'}, 'AILabs (MONITORAPP)': {'method': 'blacklist', 'engine_name': 'AILabs (MONITORAPP)', 'category': 'harmless', 'result': 'clean'}, 'AlienVault': {'method': 'blacklist', 'engine_name': 'AlienVault', 'category': 'harmless', 'result': 'clean'}, 'alphaMountain.ai': {'method': 'blacklist', 'engine_name': 'alphaMountain.ai', 'category': 'undetected', 'result': 'unrated'}, 'AlphaSOC': {'method': 'blacklist', 'engine_name': 'AlphaSOC', 'category': 'undetected', 'result': 'unrated'}, 'Antiy-AVL': {'method': 'blacklist', 'engine_name': 'Antiy-AVL', 'category': 'harmless', 'result': 'clean'}, 'ArcSight Threat Intelligence': {'method': 'blacklist', 'engine_name': 'ArcSight Threat Intelligence', 'category': 'undetected', 'result': 'unrated'}, 'AutoShun': {'method': 'blacklist', 'engine_name': 'AutoShun', 'category': 'undetected', 'result': 'unrated'}, 'Axur': {'method': 'blacklist', 'engine_name': 'Axur', 'category': 'undetected', 'result': 'unrated'}, 'benkow.cc': {'method': 'blacklist', 'engine_name': 'benkow.cc', 'category': 'harmless', 'result': 'clean'}, 'Bfore.Ai PreCrime': {'method': 'blacklist', 'engine_name': 'Bfore.Ai PreCrime', 'category': 'undetected', 'result': 'unrated'}, 'BitDefender': {'method': 'blacklist', 'engine_name': 'BitDefender', 'category': 'harmless', 'result': 'clean'}, 'Bkav': {'method': 'blacklist', 'engine_name': 'Bkav', 'category': 'undetected', 'result': 'unrated'}, 'BlockList': {'method': 'blacklist', 'engine_name': 'BlockList', 'category': 'harmless', 'result': 'clean'}, 'Blueliv': {'method': 'blacklist', 'engine_name': 'Blueliv', 'category': 'harmless', 'result': 'clean'}, 'Certego': {'method': 'blacklist', 'engine_name': 'Certego', 'category': 'harmless', 'result': 'clean'}, 'ChainPatrol': {'method': 'blacklist', 'engine_name': 'ChainPatrol', 'category': 'undetected', 'result': 'unrated'}, 'Chong Lua Dao': {'method': 'blacklist', 'engine_name': 'Chong Lua Dao', 'category': 'harmless', 'result': 'clean'}, 'CINS Army': {'method': 'blacklist', 'engine_name': 'CINS Army', 'category': 'harmless', 'result': 'clean'}, 'Snort IP sample list': {'method': 'blacklist', 'engine_name': 'Snort IP sample list', 'category': 'harmless', 'result': 'clean'}, 'Cluster25': {'method': 'blacklist', 'engine_name': 'Cluster25', 'category': 'undetected', 'result': 'unrated'}, 'CMC Threat Intelligence': {'method': 'blacklist', 'engine_name': 'CMC Threat Intelligence', 'category': 'harmless', 'result': 'clean'}, 'Xcitium Verdict Cloud': {'method': 'blacklist', 'engine_name': 'Xcitium Verdict Cloud', 'category': 'harmless', 'result': 'clean'}, 'CRDF': {'method': 'blacklist', 'engine_name': 'CRDF', 'category': 'harmless', 'result': 'clean'}, 'CSIS Security Group': {'method': 'blacklist', 'engine_name': 'CSIS Security Group', 'category': 'undetected', 'result': 'unrated'}, 'Cyan': {'method': 'blacklist', 'engine_name': 'Cyan', 'category': 'harmless', 'result': 'clean'}, 'Cyble': {'method': 'blacklist', 'engine_name': 'Cyble', 'category': 'harmless', 'result': 'clean'}, 'CyRadar': {'method': 'blacklist', 'engine_name': 'CyRadar', 'category': 'harmless', 'result': 'clean'}, 'desenmascara.me': {'method': 'blacklist', 'engine_name': 'desenmascara.me', 'category': 'harmless', 'result': 'clean'}, 'DNS8': {'method': 'blacklist', 'engine_name': 'DNS8', 'category': 'harmless', 'result': 'clean'}, 'Dr.Web': {'method': 'blacklist', 'engine_name': 'Dr.Web', 'category': 'harmless', 'result': 'clean'}, 'Emsisoft': {'method': 'blacklist', 'engine_name': 'Emsisoft', 'category': 'harmless', 'result': 'clean'}, 'Ermes': {'method': 'blacklist', 'engine_name': 'Ermes', 'category': 'undetected', 'result': 'unrated'}, 'ESET': {'method': 'blacklist', 'engine_name': 'ESET', 'category': 'harmless', 'result': 'clean'}, 'ESTsecurity': {'method': 'blacklist', 'engine_name': 'ESTsecurity', 'category': 'harmless', 'result': 'clean'}, 'EmergingThreats': {'method': 'blacklist', 'engine_name': 'EmergingThreats', 'category': 'harmless', 'result': 'clean'}, 'Feodo Tracker': {'method': 'blacklist', 'engine_name': 'Feodo Tracker', 'category': 'harmless', 'result': 'clean'}, 'Fortinet': {'method': 'blacklist', 'engine_name': 'Fortinet', 'category': 'harmless', 'result': 'clean'}, 'G-Data': {'method': 'blacklist', 'engine_name': 'G-Data', 'category': 'harmless', 'result': 'clean'}, 'Google Safebrowsing': {'method': 'blacklist', 'engine_name': 'Google Safebrowsing', 'category': 'harmless', 'result': 'clean'}, 'GCP Abuse Intelligence': {'method': 'blacklist', 'engine_name': 'GCP Abuse Intelligence', 'category': 'undetected', 'result': 'unrated'}, 'GreenSnow': {'method': 'blacklist', 'engine_name': 'GreenSnow', 'category': 'harmless', 'result': 'clean'}, 'Gridinsoft': {'method': 'blacklist', 'engine_name': 'Gridinsoft', 'category': 'undetected', 'result': 'unrated'}, 'Heimdal Security': {'method': 'blacklist', 'engine_name': 'Heimdal Security', 'category': 'harmless', 'result': 'clean'}, 'Hunt.io Intelligence': {'method': 'blacklist', 'engine_name': 'Hunt.io Intelligence', 'category': 'undetected', 'result': 'unrated'}, 'IPsum': {'method': 'blacklist', 'engine_name': 'IPsum', 'category': 'harmless', 'result': 'clean'}, 'Juniper Networks': {'method': 'blacklist', 'engine_name': 'Juniper Networks', 'category': 'harmless', 'result': 'clean'}, 'Kaspersky': {'method': 'blacklist', 'engine_name': 'Kaspersky', 'category': 'harmless', 'result': 'clean'}, 'Lumu': {'method': 'blacklist', 'engine_name': 'Lumu', 'category': 'undetected', 'result': 'unrated'}, 'Malwared': {'method': 'blacklist', 'engine_name': 'Malwared', 'category': 'harmless', 'result': 'clean'}, 'MalwareURL': {'method': 'blacklist', 'engine_name': 'MalwareURL', 'category': 'undetected', 'result': 'unrated'}, 'MalwarePatrol': {'method': 'blacklist', 'engine_name': 'MalwarePatrol', 'category': 'harmless', 'result': 'clean'}, 'malwares.com URL checker': {'method': 'blacklist', 'engine_name': 'malwares.com URL checker', 'category': 'harmless', 'result': 'clean'}, 'Mimecast': {'method': 'blacklist', 'engine_name': 'Mimecast', 'category': 'undetected', 'result': 'unrated'}, 'Netcraft': {'method': 'blacklist', 'engine_name': 'Netcraft', 'category': 'undetected', 'result': 'unrated'}, 'OpenPhish': {'method': 'blacklist', 'engine_name': 'OpenPhish', 'category': 'harmless', 'result': 'clean'}, '0xSI_f33d': {'method': 'blacklist', 'engine_name': '0xSI_f33d', 'category': 'undetected', 'result': 'unrated'}, 'Phishing Database': {'method': 'blacklist', 'engine_name': 'Phishing Database', 'category': 'harmless', 'result': 'clean'}, 'PhishFort': {'method': 'blacklist', 'engine_name': 'PhishFort', 'category': 'undetected', 'result': 'unrated'}, 'PhishLabs': {'method': 'blacklist', 'engine_name': 'PhishLabs', 'category': 'undetected', 'result': 'unrated'}, 'Phishtank': {'method': 'blacklist', 'engine_name': 'Phishtank', 'category': 'harmless', 'result': 'clean'}, 'PREBYTES': {'method': 'blacklist', 'engine_name': 'PREBYTES', 'category': 'harmless', 'result': 'clean'}, 'PrecisionSec': {'method': 'blacklist', 'engine_name': 'PrecisionSec', 'category': 'undetected', 'result': 'unrated'}, 'Quick Heal': {'method': 'blacklist', 'engine_name': 'Quick Heal', 'category': 'harmless', 'result': 'clean'}, 'Quttera': {'method': 'blacklist', 'engine_name': 'Quttera', 'category': 'harmless', 'result': 'clean'}, 'Rising': {'method': 'blacklist', 'engine_name': 'Rising', 'category': 'harmless', 'result': 'clean'}, 'SafeToOpen': {'method': 'blacklist', 'engine_name': 'SafeToOpen', 'category': 'undetected', 'result': 'unrated'}, 'Sangfor': {'method': 'blacklist', 'engine_name': 'Sangfor', 'category': 'harmless', 'result': 'clean'}, 'Sansec eComscan': {'method': 'blacklist', 'engine_name': 'Sansec eComscan', 'category': 'undetected', 'result': 'unrated'}, 'Scantitan': {'method': 'blacklist', 'engine_name': 'Scantitan', 'category': 'harmless', 'result': 'clean'}, 'SCUMWARE.org': {'method': 'blacklist', 'engine_name': 'SCUMWARE.org', 'category': 'harmless', 'result': 'clean'}, 'Seclookup': {'method': 'blacklist', 'engine_name': 'Seclookup', 'category': 'harmless', 'result': 'clean'}, 'SOCRadar': {'method': 'blacklist', 'engine_name': 'SOCRadar', 'category': 'undetected', 'result': 'unrated'}, 'Sophos': {'method': 'blacklist', 'engine_name': 'Sophos', 'category': 'harmless', 'result': 'clean'}, 'Spam404': {'method': 'blacklist', 'engine_name': 'Spam404', 'category': 'harmless', 'result': 'clean'}, 'StopForumSpam': {'method': 'blacklist', 'engine_name': 'StopForumSpam', 'category': 'harmless', 'result': 'clean'}, 'Sucuri SiteCheck': {'method': 'blacklist', 'engine_name': 'Sucuri SiteCheck', 'category': 'harmless', 'result': 'clean'}, 'securolytics': {'method': 'blacklist', 'engine_name': 'securolytics', 'category': 'harmless', 'result': 'clean'}, 'Threatsourcing': {'method': 'blacklist', 'engine_name': 'Threatsourcing', 'category': 'harmless', 'result': 'clean'}, 'ThreatHive': {'method': 'blacklist', 'engine_name': 'ThreatHive', 'category': 'harmless', 'result': 'clean'}, 'Trustwave': {'method': 'blacklist', 'engine_name': 'Trustwave', 'category': 'harmless', 'result': 'clean'}, 'Underworld': {'method': 'blacklist', 'engine_name': 'Underworld', 'category': 'undetected', 'result': 'unrated'}, 'URLhaus': {'method': 'blacklist', 'engine_name': 'URLhaus', 'category': 'harmless', 'result': 'clean'}, 'URLQuery': {'method': 'blacklist', 'engine_name': 'URLQuery', 'category': 'undetected', 'result': 'unrated'}, 'Viettel Threat Intelligence': {'method': 'blacklist', 'engine_name': 'Viettel Threat Intelligence', 'category': 'harmless', 'result': 'clean'}, 'VIPRE': {'method': 'blacklist', 'engine_name': 'VIPRE', 'category': 'undetected', 'result': 'unrated'}, 'ViriBack': {'method': 'blacklist', 'engine_name': 'ViriBack', 'category': 'harmless', 'result': 'clean'}, 'VX Vault': {'method': 'blacklist', 'engine_name': 'VX Vault', 'category': 'harmless', 'result': 'clean'}, 'Webroot': {'method': 'blacklist', 'engine_name': 'Webroot', 'category': 'harmless', 'result': 'clean'}, 'Forcepoint ThreatSeeker': {'method': 'blacklist', 'engine_name': 'Forcepoint ThreatSeeker', 'category': 'harmless', 'result': 'clean'}, 'Yandex Safebrowsing': {'method': 'blacklist', 'engine_name': 'Yandex Safebrowsing', 'category': 'harmless', 'result': 'clean'}, 'ZeroCERT': {'method': 'blacklist', 'engine_name': 'ZeroCERT', 'category': 'harmless', 'result': 'clean'}, 'ZeroFox': {'method': 'blacklist', 'engine_name': 'ZeroFox', 'category': 'undetected', 'result': 'unrated'}}, 'outgoing_links': ['https://www.liveinternet.ru/click', 'https://mc.yandex.ru/metrika/tag.js', 'https://yandex.ru/ads/system/context.js', 'https://yastatic.net/safeframe-bundles/0.83/host.js', 'https://mc.yandex.ru/watch/92720215', 'https://counter.yadro.ru/hit?t16.1;r;s800*600*24;uhttps%3A//ximepa.games/;h%u0421%u043A%u0430%u0447%u0430%u0442%u044C%20%u041F%u041A%20%u0438%u0433%u0440%u044B%20%u0442%u043E%u0440%u0440%u0435%u043D%u0442%20%u0431%u0435%u0441%u043F%u043B%u0430%u0442%u043D%u043E;0.39464901692697163', 'https://ogffa.net/sm/getcode?apiKey=cce1be80c7250998ea6a724fe14084a0', 'https://counter.yadro.ru/hit?t16.1'], 'threat_names': [], 'url': 'https://ximepa.games/', 'redirection_chain': ['https://ximepa.games/'], 'html_meta': {'viewport': [' initial-scale=1.0, width=device-width'], 'charset': ['utf-8'], 'title': ['Скачать ПК игры торрент бесплатно'], 'description': ['Скачать ПК игры через торрент бесплатно. Скачать игры торрент на компьютер бесплатно на максимальной скорости. Скачать игры на ПК.'], 'keywords': ['игры, ПК, торрент, скачать, бесплатно, PC, torrent, без регистрации, на максимальной скорости, игры на компьютер, игры на ПК, торрент игры, бесплатно'], 'generator': ['DataLife Engine (https://dle-news.ru)'], 'twitter:card': ['summary'], 'twitter:title': ['Скачать ПК игры торрент бесплатно'], 'twitter:description': ['Скачать ПК игры через торрент бесплатно. Скачать игры торрент на компьютер бесплатно на максимальной скорости. Скачать игры на ПК.'], 'og:type': ['article'], 'og:site_name': ['Скачать ПК игры торрент бесплатно'], 'og:title': ['Скачать ПК игры торрент бесплатно'], 'og:description': ['Скачать ПК игры через торрент бесплатно. Скачать игры торрент на компьютер бесплатно на максимальной скорости. Скачать игры на ПК.'], 'msapplication-TileColor': ['#da532c'], 'msapplication-config': ['/uploads/fotos/ico/browserconfig.xml'], 'theme-color': ['#ffffff']}, 'last_submission_date': 1761876612, 'times_submitted': 10, 'last_http_response_headers': {'content-encoding': 'gzip', 'content-type': 'text/html; charset=utf-8', 'strict-transport-security': 'max-age=31536000', 'x-powered-by': 'PHP/8.1.31', 'date': 'Fri, 31 Oct 2025 02:16:12 GMT', 'expires': 'Thu, 19 Nov 1981 08:52:00 GMT', 'last-modified': 'Thu, 30 Oct 2025 20:07:17 GMT', 'pragma': 'no-cache', 'server': 'nginx/1.22.0', 'x-frame-options': 'SAMEORIGIN', 'cache-control': 'no-store, no-cache, must-revalidate'}, 'tld': 'games', 'last_modification_date': 1761890041, 'trackers': {'Google Tag Manager': [{'url': 'https://www.googletagmanager.com/gtag/js?id=G-B223PH7X9K', 'timestamp': 1699582298, 'id': 'G-B223PH7X9K'}], 'LiveInternet': [{'url': '//counter.yadro.ru/hit?t16.1;r"+escape(d.referrer)+((typeof(s)=="undefined")?"":";s"+s.width+"*"+s.height+"*"+(s.colorDepth?s.colorDepth:s.pixelDepth))+";u"+escape(d.URL)+";h"+escape(d.title.substring(0,150))+";"+Math.random()', 'id': 't16.1', 'timestamp': 1761876612}], 'Yandex': [{'url': 'https://mc.yandex.ru/watch/92720215', 'id': '92720215', 'timestamp': 1761876612}]}, 'last_http_response_content_sha256': '1f68fd9278d917b6677f518cc0a0f79136a33e02faea32c153e7c309b0205285'}}}}
2025-11-26 21:38:38,160 - app.logger - INFO - [VirusTotal] Raw stats: malicious=0 suspicious=0 undetected=29 harmless=69 total=98 ratio=0/98 (results=0)
2025-11-26 21:38:38,160 - app.logger - INFO - [VirusTotal] Parsed result (conservative): {'safe': None, 'threat_type': None, 'details': 'VirusTotal result unclear, treated as unknown', 'external_scan': 'virustotal', 'confidence': 0, 'detection_ratio': '0/98', 'raw_data': {'malicious_detections': 0, 'suspicious_detections': 0, 'undetected': 29, 'harmless': 69, 'total_engines': 98, 'undetected_ratio': 0.29591836734693877, 'harmless_ratio': 0.7040816326530612, 'is_young': False}}
2025-11-26 21:38:38,161 - app.logger - INFO - 🔍 VirusTotal parsed result: {'safe': None, 'threat_type': None, 'details': 'VirusTotal result unclear, treated as unknown', 'external_scan': 'virustotal', 'confidence': 0, 'detection_ratio': '0/98', 'raw_data': {'malicious_detections': 0, 'suspicious_detections': 0, 'undetected': 29, 'harmless': 69, 'total_engines': 98, 'undetected_ratio': 0.29591836734693877, 'harmless_ratio': 0.7040816326530612, 'is_young': False}}
2025-11-26 21:38:38,161 - app.logger - INFO - 🔍 Final external API result for https://ximepa.games/: safe=None, threat_type=None, details=Unable to determine safety
2025-11-26 21:38:38,161 - app.logger - INFO - 🔍 External API result: safe=None, threat_type=None
2025-11-26 21:38:38,162 - app.logger - WARNING - ⚠️ External APIs returned unclear result for https://ximepa.games/: safe=None
2025-11-26 21:38:38,162 - app.logger - WARNING - External APIs returned None for https://ximepa.games/, treating as unknown
2025-11-26 21:38:38,167 - app.logger - INFO - [WS] URL analysis completed for https://ximepa.games/: safe=None, source=unknown
2025-11-26 21:38:38,168 - app.logger - INFO - [WS] Sent analysis_result for https://ximepa.games/ to client 3c07ba49-0aec-4117-ac43-bc0fa26d9fe7
