2025-11-13 09:38:11,317 - app.logger - INFO - Logging system initialized with rotation
2025-11-13 09:38:11,331 - app.database - INFO - Database initialized successfully with all tables
2025-11-13 09:38:11,532 - app.logger - INFO - Database connection established successfully
2025-11-13 09:38:11,533 - app.database - INFO - Rate limits reset successfully
2025-11-13 09:38:11,534 - app.logger - INFO - Rate limits reset
2025-11-13 09:38:11,534 - app.logger - INFO - Background job manager started
2025-11-13 09:38:11,534 - app.logger - INFO - Background job manager started
2025-11-13 09:40:11,835 - app.logger - INFO - Background job manager stopped
2025-11-13 09:40:11,836 - app.logger - INFO - Background job manager stopped
2025-11-13 09:40:17,914 - app.logger - INFO - Logging system initialized with rotation
2025-11-13 09:40:17,925 - app.database - INFO - Database initialized successfully with all tables
2025-11-13 09:40:18,114 - app.logger - INFO - Database connection established successfully
2025-11-13 09:40:18,115 - app.database - INFO - Rate limits reset successfully
2025-11-13 09:40:18,116 - app.logger - INFO - Rate limits reset
2025-11-13 09:40:18,116 - app.logger - INFO - Background job manager started
2025-11-13 09:40:18,116 - app.logger - INFO - Background job manager started
2025-11-13 09:40:31,880 - app.logger - INFO - Background job manager stopped
2025-11-13 09:40:31,881 - app.logger - INFO - Background job manager stopped
2025-11-13 09:40:37,867 - app.logger - INFO - Logging system initialized with rotation
2025-11-13 09:40:37,879 - app.database - INFO - Database initialized successfully with all tables
2025-11-13 09:40:38,135 - app.logger - INFO - Database connection established successfully
2025-11-13 09:40:38,136 - app.database - INFO - Rate limits reset successfully
2025-11-13 09:40:38,137 - app.logger - INFO - Rate limits reset
2025-11-13 09:40:38,137 - app.logger - INFO - Background job manager started
2025-11-13 09:40:38,137 - app.logger - INFO - Background job manager started
2025-11-13 09:40:48,187 - app.logger - INFO - Background job manager stopped
2025-11-13 09:40:48,188 - app.logger - INFO - Background job manager stopped
2025-11-13 09:40:49,087 - app.logger - INFO - Logging system initialized with rotation
2025-11-13 09:40:49,097 - app.database - INFO - Database initialized successfully with all tables
2025-11-13 09:40:49,292 - app.logger - INFO - Database connection established successfully
2025-11-13 09:40:49,293 - app.database - INFO - Rate limits reset successfully
2025-11-13 09:40:49,294 - app.logger - INFO - Rate limits reset
2025-11-13 09:40:49,294 - app.logger - INFO - Background job manager started
2025-11-13 09:40:49,294 - app.logger - INFO - Background job manager started
2025-11-13 09:42:45,724 - app.logger - INFO - Background job manager stopped
2025-11-13 09:42:45,725 - app.logger - INFO - Background job manager stopped
2025-11-13 09:42:51,776 - app.logger - INFO - Logging system initialized with rotation
2025-11-13 09:42:51,788 - app.database - INFO - Database initialized successfully with all tables
2025-11-13 09:42:51,997 - app.logger - INFO - Database connection established successfully
2025-11-13 09:42:51,998 - app.database - INFO - Rate limits reset successfully
2025-11-13 09:42:51,999 - app.logger - INFO - Rate limits reset
2025-11-13 09:42:51,999 - app.logger - INFO - Background job manager started
2025-11-13 09:42:51,999 - app.logger - INFO - Background job manager started
2025-11-13 09:44:24,552 - app.logger - INFO - Background job manager stopped
2025-11-13 09:44:24,553 - app.logger - INFO - Background job manager stopped
2025-11-13 09:44:30,772 - app.logger - INFO - Logging system initialized with rotation
2025-11-13 09:44:30,787 - app.database - INFO - Database initialized successfully with all tables
2025-11-13 09:44:31,032 - app.logger - INFO - Database connection established successfully
2025-11-13 09:44:31,033 - app.database - INFO - Rate limits reset successfully
2025-11-13 09:44:31,033 - app.logger - INFO - Rate limits reset
2025-11-13 09:44:31,034 - app.logger - INFO - Background job manager started
2025-11-13 09:44:31,034 - app.logger - INFO - Background job manager started
2025-11-13 09:49:25,259 - app.logger - INFO - Background job manager stopped
2025-11-13 09:49:25,260 - app.logger - INFO - Background job manager stopped
2025-11-13 09:49:26,216 - app.logger - INFO - Logging system initialized with rotation
2025-11-13 09:49:26,228 - app.database - INFO - Database initialized successfully with all tables
2025-11-13 09:49:26,417 - app.logger - INFO - Database connection established successfully
2025-11-13 09:49:26,418 - app.database - INFO - Rate limits reset successfully
2025-11-13 09:49:26,418 - app.logger - INFO - Rate limits reset
2025-11-13 09:49:26,418 - app.logger - INFO - Background job manager started
2025-11-13 09:49:26,418 - app.logger - INFO - Background job manager started
2025-11-13 10:05:46,806 - app.logger - INFO - [HEALTH HOVER] Status: healthy, Components: {'database': 'connected', 'external_apis': 'available', 'authentication': 'ok', 'memory': 'unavailable'}
2025-11-13 10:05:46,846 - app.logger - INFO - [CHECK_URL] Request from HOVER: url=https://yandex.ru/maps/35/krasnodar/panorama/, has_api_key=True, ip=127.0.0.1
2025-11-13 10:05:46,847 - app.logger - INFO - 🔍 Analyzing URL: https://yandex.ru/maps/35/krasnodar/panorama/
2025-11-13 10:05:46,855 - app.logger - INFO - 🔍 Checking external APIs for: https://yandex.ru/maps/35/krasnodar/panorama/
2025-11-13 10:05:47,469 - app.logger - ERROR - API error 404: {"error": {"code": "NotFoundError", "message": "URL \"872cef21b17d97ef2b30ac030f7bf0dcdba0a834cd62a53b495ee9c7019f87a6\" not found"}}
2025-11-13 10:05:47,469 - app.logger - INFO - URL not found in VirusTotal database, submitting for analysis: https://yandex.ru/maps/35/krasnodar/panorama/
2025-11-13 10:05:47,719 - app.logger - ERROR - API error 400: {"error": {"code": "BadRequestError", "message": "Argument \"url\" is missing"}}
2025-11-13 10:05:47,720 - app.logger - ERROR - VirusTotal URL submission failed: None
2025-11-13 10:05:47,721 - app.logger - INFO - 🔍 Combining external results for https://yandex.ru/maps/35/krasnodar/panorama/: {'virustotal': None}
2025-11-13 10:05:47,722 - app.logger - INFO - 🔍 Final external API result for https://yandex.ru/maps/35/krasnodar/panorama/: {'safe': True, 'threat_type': None, 'details': 'All external scans clean', 'external_scans': {}, 'confidence': 50}
2025-11-13 10:05:47,722 - app.logger - INFO - 🔍 External API result: safe=True, threat_type=None
2025-11-13 10:05:47,722 - app.logger - INFO - ✅ External APIs found https://yandex.ru/maps/35/krasnodar/panorama/ to be safe
2025-11-13 10:05:47,730 - app.logger - INFO - [CHECK_URL] Result (HOVER): safe=True, source=combined
2025-11-13 10:05:50,707 - app.logger - INFO - [CHECK_URL] Request from POPUP: url=https://yandex.ru/maps/35/krasnodar/panorama/, has_api_key=True, ip=127.0.0.1
2025-11-13 10:05:50,708 - app.logger - INFO - 🔍 Analyzing URL: https://yandex.ru/maps/35/krasnodar/panorama/
2025-11-13 10:05:50,708 - app.logger - INFO - [CHECK_URL] Result (POPUP): safe=True, source=combined
2025-11-13 10:22:57,533 - app.logger - INFO - [HEALTH HOVER] Status: healthy, Components: {'database': 'connected', 'external_apis': 'available', 'authentication': 'ok', 'memory': 'unavailable'}
2025-11-13 10:22:57,602 - app.logger - INFO - [CHECK_URL] Request from HOVER: url=https://yookassa.ru/, has_api_key=True, ip=127.0.0.1
2025-11-13 10:22:57,603 - app.logger - INFO - 🔍 Analyzing URL: https://yookassa.ru/
2025-11-13 10:22:57,609 - app.logger - INFO - 🔍 Checking external APIs for: https://yookassa.ru/
2025-11-13 10:22:57,969 - app.logger - INFO - Found URL in VirusTotal database: https://yookassa.ru/
2025-11-13 10:22:57,971 - app.logger - INFO - 🔍 Combining external results for https://yookassa.ru/: {'virustotal': {'data': {'id': 'e17fbf98b016b572116a94f95ba36f910d738c024aa966b506224bbe65db0d38', 'type': 'url', 'links': {'self': 'https://www.virustotal.com/api/v3/urls/e17fbf98b016b572116a94f95ba36f910d738c024aa966b506224bbe65db0d38'}, 'attributes': {'categories': {'alphaMountain.ai': 'Information Technology (alphaMountain.ai)', 'BitDefender': 'onlinepay', 'Sophos': 'information technology', 'Forcepoint ThreatSeeker': 'business and economy'}, 'tags': ['trackers', 'external-resources', 'contains-zip'], 'total_votes': {'harmless': 0, 'malicious': 0}, 'last_submission_date': 1760425053, 'times_submitted': 56, 'url': 'https://yookassa.ru/', 'last_http_response_content_sha256': '55fcf7603e09d8d5a55b66058ec159fc0cd89dc57e16ecf6dd1b92e866f26a96', 'reputation': 0, 'redirection_chain': ['https://yookassa.ru/'], 'last_final_url': 'https://yookassa.ru/', 'last_http_response_code': 200, 'last_http_response_content_length': 279865, 'html_meta': {'description': ['Приём платежей, выплаты клиентам, отправка чеков в налоговую без аренды онлайн-кассы и другие платёжные решения'], 'og:type': ['website'], 'og:locale': ['ru_RU'], 'og:url': ['https://yookassa.ru/'], 'og:title': ['ЮKassa — сервис для приёма платежей в интернете'], 'og:description': ['Приём платежей, выплаты клиентам, отправка чеков в налоговую без аренды онлайн-кассы и другие платёжные решения'], 'og:image': ['https://static.yoomoney.ru/kassa-site-front/media/og-yookassa-1200-630.png'], 'og:image:type': ['image/png'], 'twitter:title': ['ЮKassa — сервис для приёма платежей в интернете'], 'twitter:description': ['Приём платежей, выплаты клиентам, отправка чеков в налоговую без аренды онлайн-кассы и другие платёжные решения'], 'twitter:card': ['summary_large_image'], 'twitter:image': ['https://static.yoomoney.ru/kassa-site-front/media/og-yookassa-1200-630.png'], 'viewport': ['width=device-width,maximum-scale=1,initial-scale=1,user-scalable=0'], 'apple-mobile-web-app-capable': ['yes'], 'mobile-web-app-capable': ['yes'], 'format-detection': ['telephone=no'], 'theme-color': ['#ffffff'], 'msapplication-TileColor': ['#1a3d8a'], 'msapplication-config': ['https://static.yoomoney.ru/files-front/resources/head/checkout/browserconfig.xml']}, 'threat_names': [], 'outgoing_links': ['https://promo.yookassa.ru/plati_chastyami', 'https://www.insales.ru/page/yookassa_evotor/?&erid=2RanynK4Nye', 'https://promo.yookassa.ru/agents', 'https://yoomoney.ru/document/vernem-do-50-ballami-yoomoney-vashim-pokupatelyam', 'https://yoomoney.ru/page?id=527708&lang=ru', 'https://promo.yookassa.ru/pokupki_v_credit', 'https://yoomoney.ru/page?id=527067&lang=ru', 'https://static.yoomoney.ru/files-front/resources/yookassa/Logo_partner.zip', 'https://yoomoney.ru/page?id=525652&lang=ru', 'https://promo.yookassa.ru/app-ios', 'https://promo.yookassa.ru/app', 'https://vk.com/yookassa', 'https://www.youtube.com/channel/UCAkrR86Vl3euv4ILSHWPNsQ', 'https://zen.yandex.ru/yookassa', 'https://t.me/+cuuAc-TxX904NGI6', 'https://vc.ru/yoomoney', 'https://yoomoney.ru/?lang=ru', 'https://st.top100.ru/top100/3.17.19/mgc.js', 'https://counter.sbermarketing.ru/DSPCounter.js', 'https://st.top100.ru/top100/top100.js', 'https://abt.s3.yandex.net/expjs/latest/exp.js', 'https://static.yoomoney.ru/files-front/libs/site-yandex-all/2.0.0/site-yandex-all.js', 'https://top-fwz1.mail.ru/js/code.js', 'https://vk.com/js/api/openapi.js?169', 'https://mc.yandex.ru/metrika/tag.js', 'https://static.yoomoney.ru/kassa-site-front/media/logo-mobile.1ca81c5ca50f37d83885.svg', 'https://static.yoomoney.ru/kassa-site-front/media/bnpl.65883d3d1c0aa98afe8f.png', 'https://static.yoomoney.ru/kassa-site-front/media/yoochecks.6062f3c7818bd0e911bb.png', 'https://static.yoomoney.ru/kassa-site-front/media/smile-desktop.2d7bb3985759c360458e.svg', 'https://static.yoomoney.ru/kassa-site-front/media/methods-desktop.ae89fa54128f004c6dbd.svg', 'https://static.yoomoney.ru/kassa-site-front/media/cashback-desktop.d9f4892bae0f29e978f9.png', 'https://static.yoomoney.ru/kassa-site-front/media/checks-desktop.a63d6f0122cf0b52b877.png', 'https://static.yoomoney.ru/kassa-site-front/media/connection-desktop.fbc2cec73924c85e550b.png', 'https://static.yoomoney.ru/kassa-site-front/media/methods-desktop.1bca26f79ef0682d7f80.png', 'https://static.yoomoney.ru/kassa-site-front/media/commission-desktop.f1efae6eb2eb01b9036c.png', 'https://static.yoomoney.ru/kassa-site-front/media/support-desktop.7bdf5d669c36a8ffabdc.png', 'https://static.yoomoney.ru/kassa-site-front/media/integration-desktop.8e415ad4a7388645664e.png', 'https://static.yoomoney.ru/kassa-site-front/media/service-desktop.e4436c8de7bec930d68b.svg', 'https://static.yoomoney.ru/kassa-site-front/media/rbk-desktop.78e7bdd33cc56adf54b0.svg', 'https://static.yoomoney.ru/kassa-site-front/media/dns.2dfefc7b51b3fc07dc15.svg', 'https://static.yoomoney.ru/kassa-site-front/media/stoloto.22ef0eeaf0d8480d9c0f.svg', 'https://static.yoomoney.ru/kassa-site-front/media/profi.11703b24a31086221fde.svg', 'https://static.yoomoney.ru/kassa-site-front/media/sdek.70b93f7d34068c36e768.svg', 'https://static.yoomoney.ru/kassa-site-front/media/rzd.5a8c4b0aba7c84de52cf.svg', 'https://static.yoomoney.ru/kassa-site-front/media/urent.cbf441b48e0e48205fe9.svg', 'https://static.yoomoney.ru/kassa-site-front/media/soglasie.6e549ced9fe8725599c7.svg', 'https://static.yoomoney.ru/kassa-site-front/media/timepad.5790d635eb01c79afd4d.svg', 'https://static.yoomoney.ru/kassa-site-front/media/okko.e9d213e870c3474a1203.svg', 'https://static.yoomoney.ru/kassa-site-front/media/nethouse.6377e76fd4c2088cab64.svg', 'https://static.yoomoney.ru/kassa-site-front/media/qrCode.4f7f97b236ef50f568dd.svg', 'https://static.yoomoney.ru/files-front/libs/react/17.0.2/react-with-dom.min.js', 'https://static.yoomoney.ru/kassa-site-front/main.ru.4cc11ffa7d3e00193d4ec27f8b593ef0.js', 'https://static.yoomoney.ru/kassa-site-front/main.0354dbbe0f7f063cceb3.js', 'https://privacy-cs.mail.ru/static/sync-loader.js', 'https://top-fwz1.mail.ru/js/dyn-goal-config.js?ids=3231980,3254633', 'https://ad.adriver.ru', 'https://static.yoomoney.ru/kassa-site-front/', 'https://static.yoomoney.ru/files-front/libs/core-js-symbol/3.21.1/core-js-symbol.js)'], 'last_analysis_stats': {'malicious': 0, 'suspicious': 0, 'undetected': 29, 'harmless': 69, 'timeout': 0}, 'first_submission_date': 1605698772, 'last_modification_date': 1760440015, 'last_analysis_results': {'Artists Against 419': {'method': 'blacklist', 'engine_name': 'Artists Against 419', 'category': 'harmless', 'result': 'clean'}, 'Acronis': {'method': 'blacklist', 'engine_name': 'Acronis', 'category': 'harmless', 'result': 'clean'}, 'Abusix': {'method': 'blacklist', 'engine_name': 'Abusix', 'category': 'harmless', 'result': 'clean'}, 'ADMINUSLabs': {'method': 'blacklist', 'engine_name': 'ADMINUSLabs', 'category': 'harmless', 'result': 'clean'}, 'Lionic': {'method': 'blacklist', 'engine_name': 'Lionic', 'category': 'harmless', 'result': 'clean'}, 'Criminal IP': {'method': 'blacklist', 'engine_name': 'Criminal IP', 'category': 'harmless', 'result': 'clean'}, 'AILabs (MONITORAPP)': {'method': 'blacklist', 'engine_name': 'AILabs (MONITORAPP)', 'category': 'harmless', 'result': 'clean'}, 'AlienVault': {'method': 'blacklist', 'engine_name': 'AlienVault', 'category': 'harmless', 'result': 'clean'}, 'alphaMountain.ai': {'method': 'blacklist', 'engine_name': 'alphaMountain.ai', 'category': 'harmless', 'result': 'clean'}, 'AlphaSOC': {'method': 'blacklist', 'engine_name': 'AlphaSOC', 'category': 'undetected', 'result': 'unrated'}, 'Antiy-AVL': {'method': 'blacklist', 'engine_name': 'Antiy-AVL', 'category': 'harmless', 'result': 'clean'}, 'ArcSight Threat Intelligence': {'method': 'blacklist', 'engine_name': 'ArcSight Threat Intelligence', 'category': 'undetected', 'result': 'unrated'}, 'AutoShun': {'method': 'blacklist', 'engine_name': 'AutoShun', 'category': 'undetected', 'result': 'unrated'}, 'Axur': {'method': 'blacklist', 'engine_name': 'Axur', 'category': 'undetected', 'result': 'unrated'}, 'benkow.cc': {'method': 'blacklist', 'engine_name': 'benkow.cc', 'category': 'harmless', 'result': 'clean'}, 'Bfore.Ai PreCrime': {'method': 'blacklist', 'engine_name': 'Bfore.Ai PreCrime', 'category': 'undetected', 'result': 'unrated'}, 'BitDefender': {'method': 'blacklist', 'engine_name': 'BitDefender', 'category': 'harmless', 'result': 'clean'}, 'Bkav': {'method': 'blacklist', 'engine_name': 'Bkav', 'category': 'undetected', 'result': 'unrated'}, 'BlockList': {'method': 'blacklist', 'engine_name': 'BlockList', 'category': 'harmless', 'result': 'clean'}, 'Blueliv': {'method': 'blacklist', 'engine_name': 'Blueliv', 'category': 'harmless', 'result': 'clean'}, 'Certego': {'method': 'blacklist', 'engine_name': 'Certego', 'category': 'harmless', 'result': 'clean'}, 'ChainPatrol': {'method': 'blacklist', 'engine_name': 'ChainPatrol', 'category': 'undetected', 'result': 'unrated'}, 'Chong Lua Dao': {'method': 'blacklist', 'engine_name': 'Chong Lua Dao', 'category': 'harmless', 'result': 'clean'}, 'CINS Army': {'method': 'blacklist', 'engine_name': 'CINS Army', 'category': 'harmless', 'result': 'clean'}, 'Snort IP sample list': {'method': 'blacklist', 'engine_name': 'Snort IP sample list', 'category': 'harmless', 'result': 'clean'}, 'Cluster25': {'method': 'blacklist', 'engine_name': 'Cluster25', 'category': 'undetected', 'result': 'unrated'}, 'CMC Threat Intelligence': {'method': 'blacklist', 'engine_name': 'CMC Threat Intelligence', 'category': 'harmless', 'result': 'clean'}, 'Xcitium Verdict Cloud': {'method': 'blacklist', 'engine_name': 'Xcitium Verdict Cloud', 'category': 'harmless', 'result': 'clean'}, 'CRDF': {'method': 'blacklist', 'engine_name': 'CRDF', 'category': 'harmless', 'result': 'clean'}, 'CSIS Security Group': {'method': 'blacklist', 'engine_name': 'CSIS Security Group', 'category': 'undetected', 'result': 'unrated'}, 'Cyan': {'method': 'blacklist', 'engine_name': 'Cyan', 'category': 'undetected', 'result': 'unrated'}, 'Cyble': {'method': 'blacklist', 'engine_name': 'Cyble', 'category': 'harmless', 'result': 'clean'}, 'CyRadar': {'method': 'blacklist', 'engine_name': 'CyRadar', 'category': 'harmless', 'result': 'clean'}, 'desenmascara.me': {'method': 'blacklist', 'engine_name': 'desenmascara.me', 'category': 'harmless', 'result': 'clean'}, 'DNS8': {'method': 'blacklist', 'engine_name': 'DNS8', 'category': 'harmless', 'result': 'clean'}, 'Dr.Web': {'method': 'blacklist', 'engine_name': 'Dr.Web', 'category': 'harmless', 'result': 'clean'}, 'Emsisoft': {'method': 'blacklist', 'engine_name': 'Emsisoft', 'category': 'harmless', 'result': 'clean'}, 'Ermes': {'method': 'blacklist', 'engine_name': 'Ermes', 'category': 'undetected', 'result': 'unrated'}, 'ESET': {'method': 'blacklist', 'engine_name': 'ESET', 'category': 'harmless', 'result': 'clean'}, 'ESTsecurity': {'method': 'blacklist', 'engine_name': 'ESTsecurity', 'category': 'harmless', 'result': 'clean'}, 'EmergingThreats': {'method': 'blacklist', 'engine_name': 'EmergingThreats', 'category': 'harmless', 'result': 'clean'}, 'Feodo Tracker': {'method': 'blacklist', 'engine_name': 'Feodo Tracker', 'category': 'harmless', 'result': 'clean'}, 'Fortinet': {'method': 'blacklist', 'engine_name': 'Fortinet', 'category': 'harmless', 'result': 'clean'}, 'G-Data': {'method': 'blacklist', 'engine_name': 'G-Data', 'category': 'harmless', 'result': 'clean'}, 'Google Safebrowsing': {'method': 'blacklist', 'engine_name': 'Google Safebrowsing', 'category': 'harmless', 'result': 'clean'}, 'GCP Abuse Intelligence': {'method': 'blacklist', 'engine_name': 'GCP Abuse Intelligence', 'category': 'undetected', 'result': 'unrated'}, 'GreenSnow': {'method': 'blacklist', 'engine_name': 'GreenSnow', 'category': 'harmless', 'result': 'clean'}, 'Gridinsoft': {'method': 'blacklist', 'engine_name': 'Gridinsoft', 'category': 'undetected', 'result': 'unrated'}, 'Heimdal Security': {'method': 'blacklist', 'engine_name': 'Heimdal Security', 'category': 'harmless', 'result': 'clean'}, 'Hunt.io Intelligence': {'method': 'blacklist', 'engine_name': 'Hunt.io Intelligence', 'category': 'undetected', 'result': 'unrated'}, 'IPsum': {'method': 'blacklist', 'engine_name': 'IPsum', 'category': 'harmless', 'result': 'clean'}, 'Juniper Networks': {'method': 'blacklist', 'engine_name': 'Juniper Networks', 'category': 'harmless', 'result': 'clean'}, 'Kaspersky': {'method': 'blacklist', 'engine_name': 'Kaspersky', 'category': 'harmless', 'result': 'clean'}, 'Lumu': {'method': 'blacklist', 'engine_name': 'Lumu', 'category': 'undetected', 'result': 'unrated'}, 'Malwared': {'method': 'blacklist', 'engine_name': 'Malwared', 'category': 'harmless', 'result': 'clean'}, 'MalwareURL': {'method': 'blacklist', 'engine_name': 'MalwareURL', 'category': 'undetected', 'result': 'unrated'}, 'MalwarePatrol': {'method': 'blacklist', 'engine_name': 'MalwarePatrol', 'category': 'harmless', 'result': 'clean'}, 'malwares.com URL checker': {'method': 'blacklist', 'engine_name': 'malwares.com URL checker', 'category': 'harmless', 'result': 'clean'}, 'Mimecast': {'method': 'blacklist', 'engine_name': 'Mimecast', 'category': 'undetected', 'result': 'unrated'}, 'Netcraft': {'method': 'blacklist', 'engine_name': 'Netcraft', 'category': 'undetected', 'result': 'unrated'}, 'OpenPhish': {'method': 'blacklist', 'engine_name': 'OpenPhish', 'category': 'harmless', 'result': 'clean'}, '0xSI_f33d': {'method': 'blacklist', 'engine_name': '0xSI_f33d', 'category': 'undetected', 'result': 'unrated'}, 'Phishing Database': {'method': 'blacklist', 'engine_name': 'Phishing Database', 'category': 'harmless', 'result': 'clean'}, 'PhishFort': {'method': 'blacklist', 'engine_name': 'PhishFort', 'category': 'undetected', 'result': 'unrated'}, 'PhishLabs': {'method': 'blacklist', 'engine_name': 'PhishLabs', 'category': 'undetected', 'result': 'unrated'}, 'Phishtank': {'method': 'blacklist', 'engine_name': 'Phishtank', 'category': 'harmless', 'result': 'clean'}, 'PREBYTES': {'method': 'blacklist', 'engine_name': 'PREBYTES', 'category': 'harmless', 'result': 'clean'}, 'PrecisionSec': {'method': 'blacklist', 'engine_name': 'PrecisionSec', 'category': 'undetected', 'result': 'unrated'}, 'Quick Heal': {'method': 'blacklist', 'engine_name': 'Quick Heal', 'category': 'harmless', 'result': 'clean'}, 'Quttera': {'method': 'blacklist', 'engine_name': 'Quttera', 'category': 'harmless', 'result': 'clean'}, 'Rising': {'method': 'blacklist', 'engine_name': 'Rising', 'category': 'harmless', 'result': 'clean'}, 'SafeToOpen': {'method': 'blacklist', 'engine_name': 'SafeToOpen', 'category': 'undetected', 'result': 'unrated'}, 'Sangfor': {'method': 'blacklist', 'engine_name': 'Sangfor', 'category': 'harmless', 'result': 'clean'}, 'Sansec eComscan': {'method': 'blacklist', 'engine_name': 'Sansec eComscan', 'category': 'undetected', 'result': 'unrated'}, 'Scantitan': {'method': 'blacklist', 'engine_name': 'Scantitan', 'category': 'harmless', 'result': 'clean'}, 'SCUMWARE.org': {'method': 'blacklist', 'engine_name': 'SCUMWARE.org', 'category': 'harmless', 'result': 'clean'}, 'Seclookup': {'method': 'blacklist', 'engine_name': 'Seclookup', 'category': 'harmless', 'result': 'clean'}, 'SOCRadar': {'method': 'blacklist', 'engine_name': 'SOCRadar', 'category': 'undetected', 'result': 'unrated'}, 'Sophos': {'method': 'blacklist', 'engine_name': 'Sophos', 'category': 'harmless', 'result': 'clean'}, 'Spam404': {'method': 'blacklist', 'engine_name': 'Spam404', 'category': 'harmless', 'result': 'clean'}, 'StopForumSpam': {'method': 'blacklist', 'engine_name': 'StopForumSpam', 'category': 'harmless', 'result': 'clean'}, 'Sucuri SiteCheck': {'method': 'blacklist', 'engine_name': 'Sucuri SiteCheck', 'category': 'harmless', 'result': 'clean'}, 'securolytics': {'method': 'blacklist', 'engine_name': 'securolytics', 'category': 'harmless', 'result': 'clean'}, 'Threatsourcing': {'method': 'blacklist', 'engine_name': 'Threatsourcing', 'category': 'harmless', 'result': 'clean'}, 'ThreatHive': {'method': 'blacklist', 'engine_name': 'ThreatHive', 'category': 'harmless', 'result': 'clean'}, 'Trustwave': {'method': 'blacklist', 'engine_name': 'Trustwave', 'category': 'undetected', 'result': 'unrated'}, 'Underworld': {'method': 'blacklist', 'engine_name': 'Underworld', 'category': 'undetected', 'result': 'unrated'}, 'URLhaus': {'method': 'blacklist', 'engine_name': 'URLhaus', 'category': 'harmless', 'result': 'clean'}, 'URLQuery': {'method': 'blacklist', 'engine_name': 'URLQuery', 'category': 'harmless', 'result': 'clean'}, 'Viettel Threat Intelligence': {'method': 'blacklist', 'engine_name': 'Viettel Threat Intelligence', 'category': 'harmless', 'result': 'clean'}, 'VIPRE': {'method': 'blacklist', 'engine_name': 'VIPRE', 'category': 'undetected', 'result': 'unrated'}, 'ViriBack': {'method': 'blacklist', 'engine_name': 'ViriBack', 'category': 'harmless', 'result': 'clean'}, 'VX Vault': {'method': 'blacklist', 'engine_name': 'VX Vault', 'category': 'harmless', 'result': 'clean'}, 'Webroot': {'method': 'blacklist', 'engine_name': 'Webroot', 'category': 'harmless', 'result': 'clean'}, 'Forcepoint ThreatSeeker': {'method': 'blacklist', 'engine_name': 'Forcepoint ThreatSeeker', 'category': 'harmless', 'result': 'clean'}, 'Yandex Safebrowsing': {'method': 'blacklist', 'engine_name': 'Yandex Safebrowsing', 'category': 'harmless', 'result': 'clean'}, 'ZeroCERT': {'method': 'blacklist', 'engine_name': 'ZeroCERT', 'category': 'harmless', 'result': 'clean'}, 'ZeroFox': {'method': 'blacklist', 'engine_name': 'ZeroFox', 'category': 'undetected', 'result': 'unrated'}}, 'tld': 'ru', 'last_analysis_date': 1760425053, 'last_http_response_headers': {'x-envoy-upstream-service-time': '431', 'content-security-policy': "default-src https://static.yoomoney.ru; base-uri 'none'; object-src 'none'; script-src 'self' 'unsafe-inline' https: 'nonce-xNgiSMevpQ59R8gaRH8Hsg==' 'strict-dynamic' 'report-sample'; style-src 'self' 'unsafe-inline' https://static.yoomoney.ru; font-src 'self' https://static.yoomoney.ru; img-src 'self' data: https://static.yoomoney.ru https://*.yoomoney.ru https://mc.yandex.ru https://mc.yandex.az https://mc.yandex.by https://mc.yandex.co.il https://mc.yandex.com https://mc.yandex.com.am https://mc.yandex.com.ge https://mc.yandex.com.tr https://mc.yandex.ee https://mc.yandex.fr https://mc.yandex.kg https://mc.yandex.kz https://mc.yandex.lt https://mc.yandex.lv https://mc.yandex.md https://mc.yandex.tj https://mc.yandex.tm https://mc.yandex.uz https://clck.yandex.ru https://site.yandex.net https://top-fwz1.mail.ru https://ccomni-ds.yoomoney.ru https://vk.com https://www.googletagmanager.com https://statad.ru https://kraken.rambler.ru https://partners.sbermarketing.ru https://ad.adriver.ru; media-src 'self' htt", 'content-type': 'text/html; charset=utf-8', 'referrer-policy': 'same-origin', 'reporting-endpoints': 'kassa-site-front="https://yookassa.ru/kassa-site-front/platform/report-csp", default="https://yookassa.ru/kassa-site-front/platform/report-csp"', 'vary': 'Accept-Encoding', 'expect-ct': 'max-age=0', 'strict-transport-security': 'max-age=31536000; includeSubDomains', 'x-content-type-options': 'nosniff', 'x-frame-options': 'SAMEORIGIN', 'x-permitted-cross-domain-policies': 'none', 'x-xss-protection': '0', 'report-to': '{"group":"kassa-site-front","max_age":60000,"endpoints":[{"url":"https://yookassa.ru/kassa-site-front/platform/report-csp"}]}', 'content-encoding': 'gzip', 'date': 'Tue, 14 Oct 2025 07:11:34 GMT', 'x-dns-prefetch-control': 'off', 'x-download-options': 'noopen'}, 'trackers': {'Google Analytics': [{'url': 'https://www.google-analytics.com/analytics.js', 'timestamp': 1705680057, 'id': ''}], 'Google Tag Manager': [{'url': 'https://www.googletagmanager.com/ns.html?id=GTM-5Z2T24T', 'id': 'GTM-5Z2T24T', 'timestamp': 1732292966}, {'url': 'https://www.googletagmanager.com/gtm.js?id=GTM-5Z2T24T', 'id': '', 'timestamp': 1732292966}, {'url': 'https://www.googletagmanager.com/gtag/js?id=G-FQT294Y380&l=dataLayer&cx=c', 'timestamp': 1705680057, 'id': 'G-FQT294Y380'}], 'Yandex': [{'url': 'https://mc.yandex.ru/metrika/tag.js', 'id': '', 'timestamp': 1760425053}, {'url': 'https://mc.yandex.ru/watch/152220', 'id': '152220', 'timestamp': 1726269364}, {'url': 'https://mc.yandex.ru/watch/30529882', 'id': '30529882', 'timestamp': 1723661298}]}, 'title': 'ЮKassa — сервис для приёма платежей в интернете'}}}}
2025-11-13 10:22:57,972 - app.logger - INFO - 🔍 VirusTotal parsed result: {'safe': True, 'threat_type': 'clean', 'details': 'VirusTotal: 0/98 engines detected threats', 'external_scan': 'virustotal', 'confidence': 85, 'raw_data': {'malicious_detections': 0, 'suspicious_detections': 0, 'total_engines': 98}}
2025-11-13 10:22:57,972 - app.logger - INFO - 🔍 Final external API result for https://yookassa.ru/: {'safe': True, 'threat_type': None, 'details': 'All external scans clean', 'external_scans': {'virustotal': {'safe': True, 'threat_type': 'clean', 'details': 'VirusTotal: 0/98 engines detected threats', 'external_scan': 'virustotal', 'confidence': 85, 'raw_data': {'malicious_detections': 0, 'suspicious_detections': 0, 'total_engines': 98}}}, 'confidence': 85}
2025-11-13 10:22:57,972 - app.logger - INFO - 🔍 External API result: safe=True, threat_type=None
2025-11-13 10:22:57,972 - app.logger - INFO - ✅ External APIs found https://yookassa.ru/ to be safe
2025-11-13 10:22:57,979 - app.logger - INFO - [CHECK_URL] Result (HOVER): safe=True, source=combined
2025-11-13 10:23:00,635 - app.logger - INFO - [HEALTH HOVER] Status: healthy, Components: {'database': 'connected', 'external_apis': 'available', 'authentication': 'ok', 'memory': 'unavailable'}
2025-11-13 10:23:04,828 - app.logger - INFO - [CHECK_URL] Request from POPUP: url=https://yookassa.ru/, has_api_key=True, ip=127.0.0.1
2025-11-13 10:23:04,829 - app.logger - INFO - 🔍 Analyzing URL: https://yookassa.ru/
2025-11-13 10:23:04,830 - app.logger - INFO - [CHECK_URL] Result (POPUP): safe=True, source=combined
2025-11-13 10:23:06,102 - app.logger - INFO - [HEALTH HOVER] Status: healthy, Components: {'database': 'connected', 'external_apis': 'available', 'authentication': 'ok', 'memory': 'unavailable'}
2025-11-13 10:23:06,133 - app.logger - INFO - [CHECK_URL] Request from HOVER: url=https://yookassa.ru/developers?lang=ru, has_api_key=True, ip=127.0.0.1
2025-11-13 10:23:06,134 - app.logger - INFO - 🔍 Analyzing URL: https://yookassa.ru/developers?lang=ru
2025-11-13 10:23:06,138 - app.logger - INFO - [CHECK_URL] Result (HOVER): safe=True, source=cache
2025-11-13 10:23:07,089 - app.logger - INFO - [HEALTH HOVER] Status: healthy, Components: {'database': 'connected', 'external_apis': 'available', 'authentication': 'ok', 'memory': 'unavailable'}
2025-11-13 10:23:07,121 - app.logger - INFO - [CHECK_URL] Request from HOVER: url=https://yookassa.ru/54fz, has_api_key=True, ip=127.0.0.1
2025-11-13 10:23:07,121 - app.logger - INFO - 🔍 Analyzing URL: https://yookassa.ru/54fz
2025-11-13 10:23:07,126 - app.logger - INFO - [CHECK_URL] Result (HOVER): safe=True, source=cache
2025-11-13 10:23:08,109 - app.logger - INFO - [HEALTH HOVER] Status: healthy, Components: {'database': 'connected', 'external_apis': 'available', 'authentication': 'ok', 'memory': 'unavailable'}
2025-11-13 10:23:08,143 - app.logger - INFO - [CHECK_URL] Request from POPUP: url=https://yookassa.ru/connection, has_api_key=True, ip=127.0.0.1
2025-11-13 10:23:08,143 - app.logger - INFO - 🔍 Analyzing URL: https://yookassa.ru/connection
2025-11-13 10:23:08,148 - app.logger - INFO - [CHECK_URL] Result (POPUP): safe=True, source=cache
2025-11-13 10:23:08,544 - app.logger - INFO - [CHECK_URL] Request from HOVER: url=https://yookassa.ru/connection, has_api_key=True, ip=127.0.0.1
2025-11-13 10:23:08,545 - app.logger - INFO - 🔍 Analyzing URL: https://yookassa.ru/connection
2025-11-13 10:23:08,545 - app.logger - INFO - [CHECK_URL] Result (HOVER): safe=True, source=cache
2025-11-13 10:23:15,393 - app.logger - INFO - [HEALTH HOVER] Status: healthy, Components: {'database': 'connected', 'external_apis': 'available', 'authentication': 'ok', 'memory': 'unavailable'}
2025-11-13 10:23:15,433 - app.logger - INFO - [CHECK_URL] Request from HOVER: url=https://yookassa.ru/platezhi-dlya-samozanyatyh, has_api_key=True, ip=127.0.0.1
2025-11-13 10:23:15,433 - app.logger - INFO - 🔍 Analyzing URL: https://yookassa.ru/platezhi-dlya-samozanyatyh
2025-11-13 10:23:15,437 - app.logger - INFO - [CHECK_URL] Result (HOVER): safe=True, source=cache
2025-11-13 10:23:18,012 - app.logger - INFO - [HEALTH HOVER] Status: healthy, Components: {'database': 'connected', 'external_apis': 'available', 'authentication': 'ok', 'memory': 'unavailable'}
2025-11-13 10:23:18,046 - app.logger - INFO - [CHECK_URL] Request from HOVER: url=https://promo.yookassa.ru/vyplaty-dlya-samozanyaty, has_api_key=True, ip=127.0.0.1
2025-11-13 10:23:18,047 - app.logger - INFO - 🔍 Analyzing URL: https://promo.yookassa.ru/vyplaty-dlya-samozanyatyh
2025-11-13 10:23:18,049 - app.logger - INFO - 🔍 Checking external APIs for: https://promo.yookassa.ru/vyplaty-dlya-samozanyatyh
2025-11-13 10:23:18,412 - app.logger - ERROR - API error 404: {"error": {"code": "NotFoundError", "message": "URL \"c96ae8eaa73f19aedefaf650e1428f18f7be708260426a7606578944b55c8e4b\" not found"}}
2025-11-13 10:23:18,413 - app.logger - INFO - URL not found in VirusTotal database, submitting for analysis: https://promo.yookassa.ru/vyplaty-dlya-samozanyatyh
2025-11-13 10:23:18,692 - app.logger - ERROR - API error 400: {"error": {"code": "BadRequestError", "message": "Argument \"url\" is missing"}}
2025-11-13 10:23:18,692 - app.logger - ERROR - VirusTotal URL submission failed: None
2025-11-13 10:23:18,693 - app.logger - INFO - 🔍 Combining external results for https://promo.yookassa.ru/vyplaty-dlya-samozanyatyh: {'virustotal': None}
2025-11-13 10:23:18,694 - app.logger - INFO - 🔍 Final external API result for https://promo.yookassa.ru/vyplaty-dlya-samozanyatyh: {'safe': True, 'threat_type': None, 'details': 'All external scans clean', 'external_scans': {}, 'confidence': 50}
2025-11-13 10:23:18,694 - app.logger - INFO - 🔍 External API result: safe=True, threat_type=None
2025-11-13 10:23:18,694 - app.logger - INFO - ✅ External APIs found https://promo.yookassa.ru/vyplaty-dlya-samozanyatyh to be safe
2025-11-13 10:23:18,701 - app.logger - INFO - [CHECK_URL] Result (HOVER): safe=True, source=combined
2025-11-13 10:23:46,442 - app.logger - INFO - [CHECK_URL] Request from POPUP: url=https://yookassa.ru/platezhi-dlya-samozanyatyh, has_api_key=True, ip=127.0.0.1
2025-11-13 10:23:46,443 - app.logger - INFO - 🔍 Analyzing URL: https://yookassa.ru/platezhi-dlya-samozanyatyh
2025-11-13 10:23:46,443 - app.logger - INFO - [CHECK_URL] Result (POPUP): safe=True, source=cache
2025-11-13 17:56:19,184 - app.logger - INFO - Background job manager stopped
2025-11-13 17:56:19,185 - app.logger - INFO - Background job manager stopped
2025-11-13 17:56:19,866 - app.logger - INFO - Logging system initialized with rotation
2025-11-13 17:56:19,876 - app.database - INFO - Database initialized successfully with all tables
