2025-10-05 21:08:27,166 - app.logger - INFO - Database connection established successfully
2025-10-05 21:08:27,167 - app.database - INFO - Rate limits reset successfully
2025-10-05 21:08:27,168 - app.logger - INFO - Rate limits reset
2025-10-05 21:08:27,168 - app.logger - INFO - Background job manager started
2025-10-05 21:08:27,168 - app.logger - INFO - Background job manager started
2025-10-05 21:27:46,204 - app.logger - INFO - Background job manager stopped
2025-10-05 21:27:46,204 - app.logger - INFO - Background job manager stopped
2025-10-05 21:27:48,381 - app.logger - INFO - Database connection established successfully
2025-10-05 21:27:48,382 - app.database - INFO - Rate limits reset successfully
2025-10-05 21:27:48,382 - app.logger - INFO - Rate limits reset
2025-10-05 21:27:48,382 - app.logger - INFO - Background job manager started
2025-10-05 21:27:48,382 - app.logger - INFO - Background job manager started
2025-10-05 21:32:45,219 - app.logger - INFO - Database connection established successfully
2025-10-05 21:32:45,220 - app.database - INFO - Rate limits reset successfully
2025-10-05 21:32:45,220 - app.logger - INFO - Rate limits reset
2025-10-05 21:32:45,220 - app.logger - INFO - Background job manager started
2025-10-05 21:32:45,220 - app.logger - INFO - Background job manager started
2025-10-05 21:36:11,468 - app.logger - INFO - Background job manager stopped
2025-10-05 21:36:11,468 - app.logger - INFO - Background job manager stopped
2025-10-05 21:36:12,397 - app.logger - INFO - Database connection established successfully
2025-10-05 21:36:12,399 - app.database - INFO - Rate limits reset successfully
2025-10-05 21:36:12,399 - app.logger - INFO - Rate limits reset
2025-10-05 21:36:12,399 - app.logger - INFO - Background job manager started
2025-10-05 21:36:12,399 - app.logger - INFO - Background job manager started
2025-10-05 21:36:23,782 - app.logger - INFO - Background job manager stopped
2025-10-05 21:36:23,783 - app.logger - INFO - Background job manager stopped
2025-10-05 21:36:24,660 - app.logger - INFO - Database connection established successfully
2025-10-05 21:36:24,661 - app.database - INFO - Rate limits reset successfully
2025-10-05 21:36:24,662 - app.logger - INFO - Rate limits reset
2025-10-05 21:36:24,662 - app.logger - INFO - Background job manager started
2025-10-05 21:36:24,662 - app.logger - INFO - Background job manager started
2025-10-05 21:36:30,394 - app.logger - INFO - Background job manager stopped
2025-10-05 21:36:30,394 - app.logger - INFO - Background job manager stopped
2025-10-05 21:36:31,277 - app.logger - INFO - Database connection established successfully
2025-10-05 21:36:31,278 - app.database - INFO - Rate limits reset successfully
2025-10-05 21:36:31,278 - app.logger - INFO - Rate limits reset
2025-10-05 21:36:31,278 - app.logger - INFO - Background job manager started
2025-10-05 21:36:31,278 - app.logger - INFO - Background job manager started
2025-10-05 21:36:34,832 - app.logger - INFO - Background job manager stopped
2025-10-05 21:36:34,832 - app.logger - INFO - Background job manager stopped
2025-10-05 21:36:35,751 - app.logger - INFO - Database connection established successfully
2025-10-05 21:36:35,753 - app.database - INFO - Rate limits reset successfully
2025-10-05 21:36:35,753 - app.logger - INFO - Rate limits reset
2025-10-05 21:36:35,753 - app.logger - INFO - Background job manager started
2025-10-05 21:36:35,753 - app.logger - INFO - Background job manager started
2025-10-05 21:36:46,103 - app.logger - INFO - Background job manager stopped
2025-10-05 21:36:46,103 - app.logger - INFO - Background job manager stopped
2025-10-05 21:36:46,871 - app.logger - INFO - Database connection established successfully
2025-10-05 21:36:46,873 - app.database - INFO - Rate limits reset successfully
2025-10-05 21:36:46,873 - app.logger - INFO - Rate limits reset
2025-10-05 21:36:46,873 - app.logger - INFO - Background job manager started
2025-10-05 21:36:46,873 - app.logger - INFO - Background job manager started
2025-10-05 21:39:53,104 - app.logger - INFO - Background job manager stopped
2025-10-05 21:39:53,104 - app.logger - INFO - Background job manager stopped
2025-10-05 21:39:53,963 - app.logger - INFO - Database connection established successfully
2025-10-05 21:39:53,965 - app.database - INFO - Rate limits reset successfully
2025-10-05 21:39:53,965 - app.logger - INFO - Rate limits reset
2025-10-05 21:39:53,965 - app.logger - INFO - Background job manager started
2025-10-05 21:39:53,965 - app.logger - INFO - Background job manager started
2025-10-05 21:39:57,435 - app.logger - INFO - Background job manager stopped
2025-10-05 21:39:57,435 - app.logger - INFO - Background job manager stopped
2025-10-05 21:39:58,190 - app.logger - INFO - Database connection established successfully
2025-10-05 21:39:58,192 - app.database - INFO - Rate limits reset successfully
2025-10-05 21:39:58,192 - app.logger - INFO - Rate limits reset
2025-10-05 21:39:58,192 - app.logger - INFO - Background job manager started
2025-10-05 21:39:58,192 - app.logger - INFO - Background job manager started
2025-10-05 21:41:47,253 - app.logger - INFO - Background job manager stopped
2025-10-05 21:41:47,253 - app.logger - INFO - Background job manager stopped
2025-10-05 21:41:48,155 - app.logger - INFO - Database connection established successfully
2025-10-05 21:41:48,156 - app.database - INFO - Rate limits reset successfully
2025-10-05 21:41:48,156 - app.logger - INFO - Rate limits reset
2025-10-05 21:41:48,156 - app.logger - INFO - Background job manager started
2025-10-05 21:41:48,157 - app.logger - INFO - Background job manager started
2025-10-05 21:41:54,899 - app.logger - INFO - Background job manager stopped
2025-10-05 21:41:54,899 - app.logger - INFO - Background job manager stopped
2025-10-05 21:41:55,642 - app.logger - INFO - Database connection established successfully
2025-10-05 21:41:55,644 - app.database - INFO - Rate limits reset successfully
2025-10-05 21:41:55,644 - app.logger - INFO - Rate limits reset
2025-10-05 21:41:55,644 - app.logger - INFO - Background job manager started
2025-10-05 21:41:55,644 - app.logger - INFO - Background job manager started
2025-10-05 21:42:13,472 - app.logger - INFO - Background job manager stopped
2025-10-05 21:42:13,472 - app.logger - INFO - Background job manager stopped
2025-10-05 21:42:15,907 - app.logger - INFO - Database connection established successfully
2025-10-05 21:42:15,908 - app.database - INFO - Rate limits reset successfully
2025-10-05 21:42:15,908 - app.logger - INFO - Rate limits reset
2025-10-05 21:42:15,909 - app.logger - INFO - Background job manager started
2025-10-05 21:42:15,909 - app.logger - INFO - Background job manager started
2025-10-05 21:42:38,766 - asyncio - ERROR - Unclosed client session
client_session: <aiohttp.client.ClientSession object at 0x000001E6024AFD90>
2025-10-05 21:42:38,867 - asyncio - ERROR - Unclosed client session
client_session: <aiohttp.client.ClientSession object at 0x000001E602519010>
2025-10-05 21:42:38,867 - asyncio - ERROR - Unclosed connector
connections: ['deque([(<aiohttp.client_proto.ResponseHandler object at 0x000001E602628E30>, 4243.9829674)])']
connector: <aiohttp.connector.TCPConnector object at 0x000001E6025192B0>
2025-10-05 21:42:38,868 - app.logger - ERROR - API error 400: {"error": {"code": "BadRequestError", "message": "Argument \"url\" is missing"}}
2025-10-05 21:42:38,881 - app.logger - ERROR - Request error (attempt 1): Connector is closed.
2025-10-05 21:42:39,893 - app.logger - ERROR - virustotal API error: Session is closed
2025-10-05 21:42:39,894 - app.logger - ERROR - virustotal check failed: Session is closed
2025-10-05 21:42:44,355 - app.logger - ERROR - API error 400: {"error": {"code": "BadRequestError", "message": "Argument \"url\" is missing"}}
2025-10-05 21:42:47,513 - app.logger - ERROR - API error 400: {"error": {"code": "BadRequestError", "message": "Argument \"url\" is missing"}}
2025-10-05 21:42:58,493 - asyncio - ERROR - Unclosed client session
client_session: <aiohttp.client.ClientSession object at 0x000001E6024AD810>
2025-10-05 21:42:58,831 - asyncio - ERROR - Unclosed client session
client_session: <aiohttp.client.ClientSession object at 0x000001E6024AEC10>
2025-10-05 21:42:58,832 - asyncio - ERROR - Unclosed connector
connections: ['deque([(<aiohttp.client_proto.ResponseHandler object at 0x000001E60262B710>, 4263.9476554)])']
connector: <aiohttp.connector.TCPConnector object at 0x000001E6024ACB90>
2025-10-05 21:42:58,832 - app.logger - ERROR - API error 400: {"error": {"code": "BadRequestError", "message": "Argument \"url\" is missing"}}
2025-10-05 21:42:58,833 - app.logger - ERROR - Request error (attempt 1): Server disconnected
2025-10-05 21:42:59,843 - app.logger - ERROR - virustotal API error: Session is closed
2025-10-05 21:42:59,843 - app.logger - ERROR - virustotal check failed: Session is closed
2025-10-05 21:44:10,633 - app.logger - ERROR - API error 400: {"error": {"code": "BadRequestError", "message": "Argument \"url\" is missing"}}
2025-10-05 21:44:27,628 - app.logger - ERROR - API error 400: {"error": {"code": "BadRequestError", "message": "Argument \"url\" is missing"}}
2025-10-05 21:46:53,840 - app.logger - ERROR - API error 400: {"error": {"code": "BadRequestError", "message": "Argument \"url\" is missing"}}
2025-10-05 21:48:59,477 - app.logger - INFO - Background job manager stopped
2025-10-05 21:48:59,478 - app.logger - INFO - Background job manager stopped
2025-10-05 21:49:00,426 - app.logger - INFO - Database connection established successfully
2025-10-05 21:49:00,430 - app.database - INFO - Rate limits reset successfully
2025-10-05 21:49:00,430 - app.logger - INFO - Rate limits reset
2025-10-05 21:49:00,431 - app.logger - INFO - Background job manager started
2025-10-05 21:49:00,431 - app.logger - INFO - Background job manager started
2025-10-05 21:49:03,364 - app.logger - INFO - Background job manager stopped
2025-10-05 21:49:03,364 - app.logger - INFO - Background job manager stopped
2025-10-05 21:49:04,278 - app.logger - INFO - Database connection established successfully
2025-10-05 21:49:04,279 - app.database - INFO - Rate limits reset successfully
2025-10-05 21:49:04,279 - app.logger - INFO - Rate limits reset
2025-10-05 21:49:04,279 - app.logger - INFO - Background job manager started
2025-10-05 21:49:04,280 - app.logger - INFO - Background job manager started
2025-10-05 21:49:10,025 - app.logger - INFO - Background job manager stopped
2025-10-05 21:49:10,025 - app.logger - INFO - Background job manager stopped
2025-10-05 21:49:10,917 - app.logger - INFO - Database connection established successfully
2025-10-05 21:49:10,918 - app.database - INFO - Rate limits reset successfully
2025-10-05 21:49:10,919 - app.logger - INFO - Rate limits reset
2025-10-05 21:49:10,919 - app.logger - INFO - Background job manager started
2025-10-05 21:49:10,919 - app.logger - INFO - Background job manager started
2025-10-05 21:49:37,778 - app.logger - INFO - Background job manager stopped
2025-10-05 21:49:37,778 - app.logger - INFO - Background job manager stopped
2025-10-05 21:49:38,508 - app.logger - INFO - Database connection established successfully
2025-10-05 21:49:38,510 - app.database - INFO - Rate limits reset successfully
2025-10-05 21:49:38,510 - app.logger - INFO - Rate limits reset
2025-10-05 21:49:38,510 - app.logger - INFO - Background job manager started
2025-10-05 21:49:38,510 - app.logger - INFO - Background job manager started
2025-10-05 21:50:00,893 - app.logger - ERROR - API error 400: {"error": {"code": "BadRequestError", "message": "Argument \"url\" is missing"}}
2025-10-05 21:50:04,174 - app.logger - ERROR - API error 400: {"error": {"code": "BadRequestError", "message": "Argument \"url\" is missing"}}
2025-10-05 21:50:07,956 - app.logger - ERROR - API error 400: {"error": {"code": "BadRequestError", "message": "Argument \"url\" is missing"}}
2025-10-05 21:50:14,964 - app.logger - ERROR - API error 400: {"error": {"code": "BadRequestError", "message": "Argument \"url\" is missing"}}
2025-10-05 21:50:15,424 - asyncio - ERROR - Unclosed client session
client_session: <aiohttp.client.ClientSession object at 0x000001FAA3FFA850>
2025-10-05 21:50:15,777 - asyncio - ERROR - Unclosed client session
client_session: <aiohttp.client.ClientSession object at 0x000001FAA3FFAD50>
2025-10-05 21:50:15,802 - asyncio - ERROR - Unclosed client session
client_session: <aiohttp.client.ClientSession object at 0x000001FAA3FFBB10>
2025-10-05 21:50:15,802 - asyncio - ERROR - Unclosed connector
connections: ['deque([(<aiohttp.client_proto.ResponseHandler object at 0x000001FAA41D45F0>, 4700.9180858)])']
connector: <aiohttp.connector.TCPConnector object at 0x000001FAA3FF9A90>
2025-10-05 21:50:15,803 - app.logger - ERROR - API error 400: {"error": {"code": "BadRequestError", "message": "Argument \"url\" is missing"}}
2025-10-05 21:50:15,814 - asyncio - ERROR - Unclosed client session
client_session: <aiohttp.client.ClientSession object at 0x000001FAA3FFB110>
2025-10-05 21:50:15,814 - asyncio - ERROR - Unclosed connector
connections: ['deque([(<aiohttp.client_proto.ResponseHandler object at 0x000001FAA41D5370>, 4700.929805)])']
connector: <aiohttp.connector.TCPConnector object at 0x000001FAA3FFA5D0>
2025-10-05 21:50:15,815 - app.logger - ERROR - API error 400: {"error": {"code": "BadRequestError", "message": "Argument \"url\" is missing"}}
2025-10-05 21:50:15,932 - app.logger - ERROR - Request error (attempt 1): Connector is closed.
2025-10-05 21:50:16,001 - asyncio - ERROR - Unclosed client session
client_session: <aiohttp.client.ClientSession object at 0x000001FAA3FFA5D0>
2025-10-05 21:50:16,271 - asyncio - ERROR - Unclosed client session
client_session: <aiohttp.client.ClientSession object at 0x000001FAA3FFAC10>
2025-10-05 21:50:16,271 - asyncio - ERROR - Unclosed connector
connections: ['deque([(<aiohttp.client_proto.ResponseHandler object at 0x000001FAA41D6ED0>, 4701.3868844)])']
connector: <aiohttp.connector.TCPConnector object at 0x000001FAA3FFB110>
2025-10-05 21:50:16,271 - app.logger - ERROR - API error 400: {"error": {"code": "BadRequestError", "message": "Argument \"url\" is missing"}}
2025-10-05 21:50:16,272 - app.logger - ERROR - Request error (attempt 1): Server disconnected
2025-10-05 21:50:16,938 - app.logger - ERROR - virustotal API error: Session is closed
2025-10-05 21:50:16,938 - app.logger - ERROR - virustotal check failed: Session is closed
2025-10-05 21:50:17,282 - app.logger - ERROR - virustotal API error: Session is closed
2025-10-05 21:50:17,282 - app.logger - ERROR - virustotal check failed: Session is closed
2025-10-05 21:50:17,427 - asyncio - ERROR - Unclosed client session
client_session: <aiohttp.client.ClientSession object at 0x000001FAA3FFB9D0>
2025-10-05 21:50:17,627 - asyncio - ERROR - Unclosed client session
client_session: <aiohttp.client.ClientSession object at 0x000001FAA3FFB110>
2025-10-05 21:50:17,733 - asyncio - ERROR - Unclosed client session
client_session: <aiohttp.client.ClientSession object at 0x000001FAA3FFB750>
2025-10-05 21:50:17,733 - asyncio - ERROR - Unclosed connector
connections: ['deque([(<aiohttp.client_proto.ResponseHandler object at 0x000001FAA41D7D10>, 4702.8488459)])']
connector: <aiohttp.connector.TCPConnector object at 0x000001FAA3FFBD90>
2025-10-05 21:50:17,733 - app.logger - ERROR - API error 400: {"error": {"code": "BadRequestError", "message": "Argument \"url\" is missing"}}
2025-10-05 21:50:17,734 - app.logger - ERROR - Request error (attempt 1): Server disconnected
2025-10-05 21:50:17,781 - asyncio - ERROR - Unclosed client session
client_session: <aiohttp.client.ClientSession object at 0x000001FAA3FFA5D0>
2025-10-05 21:50:17,781 - asyncio - ERROR - Unclosed connector
connections: ['deque([(<aiohttp.client_proto.ResponseHandler object at 0x000001FAA41D77D0>, 4702.8967369)])']
connector: <aiohttp.connector.TCPConnector object at 0x000001FAA3FFAC10>
2025-10-05 21:50:17,781 - app.logger - ERROR - API error 400: {"error": {"code": "BadRequestError", "message": "Argument \"url\" is missing"}}
2025-10-05 21:50:18,215 - app.logger - ERROR - API error 400: {"error": {"code": "BadRequestError", "message": "Argument \"url\" is missing"}}
2025-10-05 21:50:18,748 - app.logger - ERROR - virustotal API error: Session is closed
2025-10-05 21:50:18,749 - app.logger - ERROR - virustotal check failed: Session is closed
2025-10-05 21:52:32,515 - app.logger - INFO - Background job manager stopped
2025-10-05 21:52:32,515 - app.logger - INFO - Background job manager stopped
2025-10-05 21:52:34,834 - app.logger - INFO - Database connection established successfully
2025-10-05 21:52:34,837 - app.database - INFO - Rate limits reset successfully
2025-10-05 21:52:34,837 - app.logger - INFO - Rate limits reset
2025-10-05 21:52:34,837 - app.logger - INFO - Background job manager started
2025-10-05 21:52:34,837 - app.logger - INFO - Background job manager started
2025-10-05 21:53:26,777 - app.logger - ERROR - API error 400: {"error": {"code": "BadRequestError", "message": "Argument \"url\" is missing"}}
2025-10-05 21:53:32,021 - app.logger - ERROR - API error 400: {"error": {"code": "BadRequestError", "message": "Argument \"url\" is missing"}}
2025-10-05 21:53:35,713 - app.logger - ERROR - API error 400: {"error": {"code": "BadRequestError", "message": "Argument \"url\" is missing"}}
2025-10-05 21:54:00,647 - app.logger - ERROR - API error 400: {"error": {"code": "BadRequestError", "message": "Argument \"url\" is missing"}}
2025-10-05 22:00:10,559 - app.database - INFO - API key created for Kubarev6
2025-10-05 22:00:10,571 - app.logger - ERROR - Unhandled exception: 'latin-1' codec can't encode characters in position 7-12: ordinal not in range(256)
2025-10-05 22:00:31,344 - app.database - INFO - API key created for Kubarev6
2025-10-05 22:00:31,355 - app.logger - ERROR - Unhandled exception: 'latin-1' codec can't encode characters in position 7-12: ordinal not in range(256)
2025-10-05 22:00:39,126 - app.database - INFO - API key created for Kubarev6
2025-10-05 22:00:39,135 - app.logger - ERROR - Unhandled exception: 'latin-1' codec can't encode characters in position 7-12: ordinal not in range(256)
2025-10-05 22:01:11,070 - app.logger - ERROR - API error 400: {"error": {"code": "BadRequestError", "message": "Argument \"url\" is missing"}}
2025-10-05 22:01:28,183 - app.database - INFO - API key created for Kubarev6
2025-10-05 22:01:28,193 - app.logger - ERROR - Unhandled exception: 'latin-1' codec can't encode characters in position 7-12: ordinal not in range(256)
2025-10-05 22:02:26,495 - app.logger - INFO - Background job manager stopped
2025-10-05 22:02:26,496 - app.logger - INFO - Background job manager stopped
2025-10-05 22:02:27,376 - app.logger - INFO - Database connection established successfully
2025-10-05 22:02:27,380 - app.database - INFO - Rate limits reset successfully
2025-10-05 22:02:27,380 - app.logger - INFO - Rate limits reset
2025-10-05 22:02:27,380 - app.logger - INFO - Background job manager started
2025-10-05 22:02:27,380 - app.logger - INFO - Background job manager started
2025-10-05 22:02:38,977 - app.logger - INFO - Background job manager stopped
2025-10-05 22:02:38,977 - app.logger - INFO - Background job manager stopped
2025-10-05 22:02:39,750 - app.logger - INFO - Database connection established successfully
2025-10-05 22:02:39,752 - app.database - INFO - Rate limits reset successfully
2025-10-05 22:02:39,752 - app.logger - INFO - Rate limits reset
2025-10-05 22:02:39,752 - app.logger - INFO - Background job manager started
2025-10-05 22:02:39,752 - app.logger - INFO - Background job manager started
2025-10-05 22:03:00,942 - app.database - INFO - API key created for Kubarev6
2025-10-05 22:03:00,953 - app.logger - ERROR - Unhandled exception: 'latin-1' codec can't encode characters in position 7-12: ordinal not in range(256)
2025-10-05 22:03:10,638 - app.database - INFO - API key created for TEST
2025-10-05 22:03:10,649 - app.logger - ERROR - Unhandled exception: 'latin-1' codec can't encode characters in position 7-12: ordinal not in range(256)
2025-10-05 22:04:05,830 - app.logger - INFO - Background job manager stopped
2025-10-05 22:04:05,831 - app.logger - INFO - Background job manager stopped
2025-10-05 22:04:06,706 - app.logger - INFO - Database connection established successfully
2025-10-05 22:04:06,707 - app.database - INFO - Rate limits reset successfully
2025-10-05 22:04:06,707 - app.logger - INFO - Rate limits reset
2025-10-05 22:04:06,708 - app.logger - INFO - Background job manager started
2025-10-05 22:04:06,708 - app.logger - INFO - Background job manager started
2025-10-05 22:04:18,065 - app.logger - INFO - Background job manager stopped
2025-10-05 22:04:18,065 - app.logger - INFO - Background job manager stopped
2025-10-05 22:04:18,928 - app.logger - INFO - Database connection established successfully
2025-10-05 22:04:18,929 - app.database - INFO - Rate limits reset successfully
2025-10-05 22:04:18,929 - app.logger - INFO - Rate limits reset
2025-10-05 22:04:18,929 - app.logger - INFO - Background job manager started
2025-10-05 22:04:18,929 - app.logger - INFO - Background job manager started
2025-10-05 22:04:23,440 - app.logger - INFO - Background job manager stopped
2025-10-05 22:04:23,441 - app.logger - INFO - Background job manager stopped
2025-10-05 22:04:24,162 - app.logger - INFO - Database connection established successfully
2025-10-05 22:04:24,164 - app.database - INFO - Rate limits reset successfully
2025-10-05 22:04:24,164 - app.logger - INFO - Rate limits reset
2025-10-05 22:04:24,164 - app.logger - INFO - Background job manager started
2025-10-05 22:04:24,165 - app.logger - INFO - Background job manager started
2025-10-05 22:04:47,457 - app.database - INFO - API key created for TEST
2025-10-05 22:04:59,331 - app.database - INFO - API key created for NK
2025-10-05 22:05:12,098 - app.logger - INFO - 🔍 Analyzing URL with external APIs: https://evil-site.com/download/malware.exe
2025-10-05 22:11:02,662 - app.logger - INFO - 🔍 Analyzing URL with external APIs: https://www.youtube.com/embed/?enablejsapi=1&rel=0&autoplay=0&playsinline=1&fs=1&hl=ru
2025-10-05 22:11:02,877 - app.logger - INFO - 🔍 Analyzing URL with external APIs: https://accounts.google.com/RotateCookiesPage?og_pid=1&rot=3&origin=https%3A%2F%2Fwww.google.com&exp_id=0
2025-10-05 22:11:02,879 - asyncio - ERROR - Unclosed client session
client_session: <aiohttp.client.ClientSession object at 0x000002773384ED50>
2025-10-05 22:11:02,890 - app.logger - INFO - 🔍 Analyzing URL with external APIs: https://www.google.com/search?q=%D0%BF%D1%80%D0%B8&oq=%D0%BF%D1%80%D0%B8&gs_lcrp=EgZjaHJvbWUyBggAEEUYOTIGCAEQIxgnMgYIAhAjGCcyDAgDEAAYQxiABBiKBTIQCAQQABiDARixAxiABBiKBTIGCAUQRRg9MgYIBhBFGD0yBggHEEUYPdIBCDEyNjJqMGo3qAIAsAIA&sourceid=chrome&ie=UTF-8
2025-10-05 22:11:02,893 - asyncio - ERROR - Unclosed client session
client_session: <aiohttp.client.ClientSession object at 0x0000027733924050>
2025-10-05 22:11:02,893 - asyncio - ERROR - Unclosed client session
client_session: <aiohttp.client.ClientSession object at 0x0000027733924690>
2025-10-05 22:11:02,974 - app.logger - INFO - 🔍 Analyzing URL with external APIs: https://www.yaklass.ru/p/russky-yazik/6-klass/slovoobrazovanie-orfografiia-7252235/pravopisanie-pristavok-pre-i-pri-7214722/re-51d23986-bb6e-4a7c-b3e9-460f36fa310e
2025-10-05 22:11:02,976 - asyncio - ERROR - Unclosed client session
client_session: <aiohttp.client.ClientSession object at 0x000002773384DF90>
2025-10-05 22:11:03,108 - asyncio - ERROR - Unclosed client session
client_session: <aiohttp.client.ClientSession object at 0x00000277337EF380>
2025-10-05 22:11:03,108 - asyncio - ERROR - Unclosed connector
connections: ['deque([(<aiohttp.client_proto.ResponseHandler object at 0x0000027733896210>, 5948.223875)])']
connector: <aiohttp.connector.TCPConnector object at 0x00000277337EE660>
2025-10-05 22:11:03,109 - app.logger - ERROR - API error 400: {"error": {"code": "BadRequestError", "message": "Argument \"url\" is missing"}}
2025-10-05 22:11:03,109 - app.logger - ERROR - Request error (attempt 1): Server disconnected
2025-10-05 22:11:03,222 - app.logger - ERROR - API error 400: {"error": {"code": "BadRequestError", "message": "Argument \"url\" is missing"}}
2025-10-05 22:11:03,284 - asyncio - ERROR - Unclosed client session
client_session: <aiohttp.client.ClientSession object at 0x000002773384DA90>
2025-10-05 22:11:03,285 - asyncio - ERROR - Unclosed connector
connections: ['deque([(<aiohttp.client_proto.ResponseHandler object at 0x000002773390D3D0>, 5948.3377712), (<aiohttp.client_proto.ResponseHandler object at 0x000002773390D550>, 5948.4005636)])']
connector: <aiohttp.connector.TCPConnector object at 0x000002773384F250>
2025-10-05 22:11:03,286 - app.logger - ERROR - API error 400: {"error": {"code": "BadRequestError", "message": "Argument \"url\" is missing"}}
2025-10-05 22:11:04,122 - app.logger - ERROR - virustotal API error: Session is closed
2025-10-05 22:11:04,123 - app.logger - ERROR - virustotal check failed: Session is closed
2025-10-05 22:11:05,518 - app.logger - INFO - 🔍 Analyzing URL with external APIs: https://ogs.google.com/u/0/widget/app?eom=1&awwd=1&dpi=89978449&origin=https%3A%2F%2Fwww.google.com&cn=app&pid=1&spid=1&hl=ru&dm=
2025-10-05 22:11:06,784 - app.logger - ERROR - API error 400: {"error": {"code": "BadRequestError", "message": "Argument \"url\" is missing"}}
2025-10-05 22:11:06,895 - app.logger - INFO - 🔍 Analyzing URL with external APIs: https://gramota.ru/uchebnik/pravila/glasnye-v-pristavkakh-pre-i-pri
2025-10-05 22:11:07,283 - app.logger - ERROR - API error 400: {"error": {"code": "BadRequestError", "message": "Argument \"url\" is missing"}}
2025-10-05 22:11:49,041 - app.logger - INFO - 🔍 Analyzing URL with external APIs: https://evil-site.com/download/malware.exe
2025-10-05 22:11:57,365 - app.logger - INFO - 🔍 Analyzing URL with external APIs: https://www.google.com/search?q=%D1%82%D0%BE%D1%80%D0%B5%D0%B5%D0%BD%D1%82&oq=%D1%82%D0%BE%D1%80%D0%B5%D0%B5%D0%BD%D1%82&gs_lcrp=EgZjaHJvbWUyBggAEEUYOTIPCAEQABgKGIMBGLEDGIAE0gEIMTcyN2owajSoAgCwAgE&sourceid=chrome&ie=UTF-8
2025-10-05 22:11:58,069 - app.logger - INFO - 🔍 Analyzing URL with external APIs: https://itorrents-igruha.org/
2025-10-05 22:11:58,450 - app.logger - ERROR - API error 400: {"error": {"code": "BadRequestError", "message": "Argument \"url\" is missing"}}
2025-10-05 22:12:00,468 - app.logger - INFO - 🔍 Analyzing URL with external APIs: https://itorrents-igruha.org/652-war-thunder.html
2025-10-05 22:12:01,882 - app.logger - INFO - 🔍 Analyzing URL with external APIs: https://itorrents-igruha.org/16750-malinovka.html
2025-10-05 22:12:03,080 - app.logger - INFO - 🔍 Analyzing URL with external APIs: https://itorrents-igruha.org/465-crossout.html
2025-10-05 22:12:06,778 - app.logger - INFO - 🔍 Analyzing URL with external APIs: https://rthsu.com/g/8kyv7pa5u7e99ceedb53d1606537a0/
2025-10-05 22:12:07,465 - app.logger - ERROR - API error 400: {"error": {"code": "BadRequestError", "message": "Argument \"url\" is missing"}}
2025-10-05 22:12:54,304 - app.logger - INFO - 🔍 Analyzing URL with external APIs: https://itorrents-igruha.org/16750-malinovka.html
2025-10-05 22:12:55,011 - app.logger - INFO - 🔍 Analyzing URL with external APIs: https://itorrents-igruha.org/1983-me-enlisted-download.html
2025-10-05 22:12:55,971 - app.logger - INFO - 🔍 Analyzing URL with external APIs: https://itorrents-igruha.org/465-crossout.html
2025-10-05 22:12:56,948 - app.logger - INFO - 🔍 Analyzing URL with external APIs: https://itorrents-igruha.org/778-world-of-tanks.html
2025-10-05 22:12:57,760 - app.logger - INFO - 🔍 Analyzing URL with external APIs: https://itorrents-igruha.org/19761-gta-samp-evolve-role-play.html
2025-10-05 22:12:59,078 - app.logger - INFO - 🔍 Analyzing URL with external APIs: https://itorrents-igruha.org/142-01-stalker-ten-chernobylya-repack-ot-igruha-1.html
2025-10-05 22:13:00,022 - app.logger - INFO - 🔍 Analyzing URL with external APIs: https://itorrents-igruha.org/344-126821717.html
2025-10-05 22:13:01,251 - app.logger - INFO - 🔍 Analyzing URL with external APIs: https://itorrents-igruha.org/19-987900.html
2025-10-05 22:13:02,030 - app.logger - INFO - 🔍 Analyzing URL with external APIs: https://itorrents-igruha.org/5577-stalker-2.html
2025-10-05 22:13:13,386 - app.logger - INFO - 🔍 Analyzing URL with external APIs: https://accounts.google.com/RotateCookiesPage?og_pid=1&rot=3&origin=https%3A%2F%2Fwww.google.com&exp_id=0
2025-10-05 22:13:13,417 - app.logger - INFO - 🔍 Analyzing URL with external APIs: https://www.google.com/search?q=%D1%8F%D0%BD%D0%B2%D0%BE+%D0%BE%D0%BF%D0%B0%D1%81%D0%BD%D1%8B%D0%B9+%D1%81%D0%B0%D0%B9%D1%82&oq=%D1%8F%D0%BD%D0%B2%D0%BE+%D0%BE%D0%BF%D0%B0%D1%81%D0%BD%D1%8B%D0%B9+%D1%81%D0%B0%D0%B9%D1%82&gs_lcrp=EgZjaHJvbWUyBggAEEUYOTIJCAEQIRgKGKAB0gEINTg2NGowajSoAgCwAgE&sourceid=chrome&ie=UTF-8
2025-10-05 22:13:14,321 - app.logger - INFO - 🔍 Analyzing URL with external APIs: https://rg.ru/2022/09/14/reg-urfo/na-iamale-organizovali-kiberdruzhinu.html
2025-10-05 22:13:14,676 - app.logger - ERROR - API error 400: {"error": {"code": "BadRequestError", "message": "Argument \"url\" is missing"}}
2025-10-05 22:13:16,036 - app.logger - INFO - 🔍 Analyzing URL with external APIs: https://news.gnezdo.ru/1pc.html
2025-10-05 22:13:16,150 - app.logger - INFO - 🔍 Analyzing URL with external APIs: https://ad.adriver.ru/cgi-bin/rle.cgi?sid=1&ad=780801&bt=21&pid=3915086&bid=10043329&bn=10043329&rnd=527366301&tuid=1&cfa=1
2025-10-05 22:13:16,155 - asyncio - ERROR - Unclosed client session
client_session: <aiohttp.client.ClientSession object at 0x000002773384FB10>
2025-10-05 22:13:16,438 - asyncio - ERROR - Unclosed client session
client_session: <aiohttp.client.ClientSession object at 0x000002773384DA90>
2025-10-05 22:13:16,438 - asyncio - ERROR - Unclosed connector
connections: ['deque([(<aiohttp.client_proto.ResponseHandler object at 0x000002773382D6D0>, 6081.5537618)])']
connector: <aiohttp.connector.TCPConnector object at 0x000002773384E210>
2025-10-05 22:13:16,438 - app.logger - ERROR - API error 400: {"error": {"code": "BadRequestError", "message": "Argument \"url\" is missing"}}
2025-10-05 22:13:16,439 - app.logger - ERROR - Request error (attempt 1): Server disconnected
2025-10-05 22:13:16,498 - app.logger - INFO - 🔍 Analyzing URL with external APIs: https://www.acint.net/mc/?dp=14&aid=0A00007F78DC366809174FA3027E1907
2025-10-05 22:13:16,861 - app.logger - ERROR - API error 400: {"error": {"code": "BadRequestError", "message": "Argument \"url\" is missing"}}
2025-10-05 22:13:17,286 - app.logger - INFO - 🔍 Analyzing URL with external APIs: https://mc.yandex.ru/metrika/metrika_match.html
2025-10-05 22:13:17,780 - app.logger - ERROR - API error 400: {"error": {"code": "BadRequestError", "message": "Argument \"url\" is missing"}}
2025-10-05 22:13:17,781 - app.logger - ERROR - Request error (attempt 1): Server disconnected
2025-10-05 22:13:18,789 - app.logger - ERROR - virustotal API error: Session is closed
2025-10-05 22:13:18,789 - app.logger - ERROR - virustotal check failed: Session is closed
2025-10-05 22:14:01,561 - app.logger - INFO - 🔍 Analyzing URL with external APIs: https://rg.ru/2022/08/31/reg-urfo/uralcy-pozhalovalis-v-policiiu-na-moshennikov-s-sajtov-dlia-vzroslyh.html
2025-10-05 22:14:09,878 - app.logger - INFO - 🔍 Analyzing URL with external APIs: https://rg.ru/tema/bezopasnost/porjadok/profilaktika
2025-10-05 22:14:11,017 - app.logger - INFO - 🔍 Analyzing URL with external APIs: https://rg.ru/rf
2025-10-05 22:14:12,974 - app.logger - INFO - 🔍 Analyzing URL with external APIs: https://rg.ru/2025/10/03/na-chto-obratili-vnimanie-amerikanskie-smi-v-vystuplenii-putina-na-valdae.html
2025-10-05 22:14:17,183 - app.logger - INFO - 🔍 Analyzing URL with external APIs: https://rg.ru/2025/10/05/reg-cfo/torpedo-poterpelo-porazhenie-v-matche-pervoj-ligi-s-novorossijskim-chernomorcem.html
2025-10-05 22:14:18,436 - app.logger - INFO - 🔍 Analyzing URL with external APIs: https://rg.ru/2025/10/05/glavy-mid-rossii-i-venesuely-osudili-dejstviia-ssha-v-karibskom-more.html
2025-10-05 22:14:38,250 - app.logger - INFO - 🔍 Analyzing URL with external APIs: https://www.google.com/search?q=%D1%8F%D0%BD%D0%B2%D0%BE+%D0%BE%D0%BF%D0%B0%D1%81%D0%BD%D1%8B%D0%B9+%D1%81%D0%B0%D0%B9%D1%82&oq=%D1%8F%D0%BD%D0%B2%D0%BE+%D0%BE%D0%BF%D0%B0%D1%81%D0%BD%D1%8B%D0%B9+%D1%81%D0%B0%D0%B9%D1%82&gs_lcrp=EgZjaHJvbWUyBggAEEUYOTIJCAEQIRgKGKAB0gEINTg2NGowajSoAgCwAgE&sourceid=chrome&ie=UTF-8
2025-10-05 22:14:39,986 - app.logger - INFO - 🔍 Analyzing URL with external APIs: https://ura.news/news/1052850971
2025-10-05 22:14:40,349 - app.logger - ERROR - API error 400: {"error": {"code": "BadRequestError", "message": "Argument \"url\" is missing"}}
2025-10-05 22:14:41,277 - app.logger - INFO - 🔍 Analyzing URL with external APIs: https://sever-press.ru/news/obschestvo/na-jamale-trista-podozritelnyh-sajtov-popali-v-blok/
2025-10-05 22:14:41,662 - app.logger - ERROR - API error 400: {"error": {"code": "BadRequestError", "message": "Argument \"url\" is missing"}}
2025-10-05 22:14:43,036 - app.logger - INFO - 🔍 Analyzing URL with external APIs: https://xn--80aaabpfimeotkl2bb2c0n.xn--p1ai/
2025-10-05 22:14:43,470 - app.logger - ERROR - API error 400: {"error": {"code": "BadRequestError", "message": "Argument \"url\" is missing"}}
2025-10-05 22:15:07,118 - app.logger - WARNING - Invalid API key: https://evil-site.com/download/malware.exe
2025-10-05 22:18:17,490 - app.logger - WARNING - Invalid API key: https://evil-site.com/download/malware.exe
2025-10-05 22:18:19,996 - app.logger - WARNING - Invalid API key: https://evil-site.com/download/malware.exe
2025-10-05 22:18:21,095 - app.logger - WARNING - Invalid API key: https://evil-site.com/download/malware.exe
2025-10-05 22:18:22,601 - app.logger - WARNING - Invalid API key: https://evil-site.com/download/malware.exe
2025-10-05 22:18:39,138 - app.logger - WARNING - Invalid API key: https://evil-site.com/download/malware.exe
2025-10-05 22:18:40,425 - app.logger - WARNING - Invalid API key: https://evil-site.com/download/malware.exe
2025-10-05 22:18:41,445 - app.logger - WARNING - Invalid API key: https://evil-site.com/download/malware.exe
2025-10-05 22:18:45,865 - app.logger - WARNING - Invalid API key: https://evil-site.com/download/malware.exe
2025-10-05 22:19:04,021 - app.logger - WARNING - Invalid API key: https://evil-site.com/download/malware.exe
2025-10-05 22:19:26,153 - app.logger - WARNING - Invalid API key: https://evil-site.com/download/malware.exe
2025-10-05 22:19:43,378 - app.logger - INFO - 🔍 Analyzing URL with external APIs: https://yookassa.ru/widget
2025-10-05 22:19:43,623 - app.logger - INFO - 🔍 Analyzing URL with external APIs: https://yookassa.ru/widget
2025-10-05 22:19:43,626 - asyncio - ERROR - Unclosed client session
client_session: <aiohttp.client.ClientSession object at 0x000002773384F250>
2025-10-05 22:19:43,994 - app.logger - ERROR - API error 400: {"error": {"code": "BadRequestError", "message": "Argument \"url\" is missing"}}
2025-10-05 22:19:44,134 - asyncio - ERROR - Unclosed client session
client_session: <aiohttp.client.ClientSession object at 0x000002773384DF90>
2025-10-05 22:19:44,134 - asyncio - ERROR - Unclosed connector
connections: ['deque([(<aiohttp.client_proto.ResponseHandler object at 0x000002773390DB50>, 6469.2502278)])']
connector: <aiohttp.connector.TCPConnector object at 0x000002773384ED50>
2025-10-05 22:19:44,135 - app.logger - ERROR - API error 400: {"error": {"code": "BadRequestError", "message": "Argument \"url\" is missing"}}
2025-10-05 22:21:54,069 - app.logger - INFO - Background job manager stopped
2025-10-05 22:21:54,069 - app.logger - INFO - Background job manager stopped
2025-10-05 22:21:54,960 - app.logger - INFO - Database connection established successfully
2025-10-05 22:21:54,964 - app.database - INFO - Rate limits reset successfully
2025-10-05 22:21:54,965 - app.logger - INFO - Rate limits reset
2025-10-05 22:21:54,965 - app.logger - INFO - Background job manager started
2025-10-05 22:21:54,965 - app.logger - INFO - Background job manager started
2025-10-05 22:22:12,062 - app.logger - INFO - Background job manager stopped
2025-10-05 22:22:12,063 - app.logger - INFO - Background job manager stopped
2025-10-05 22:22:12,794 - app.logger - INFO - Database connection established successfully
2025-10-05 22:22:12,795 - app.database - INFO - Rate limits reset successfully
2025-10-05 22:22:12,795 - app.logger - INFO - Rate limits reset
2025-10-05 22:22:12,796 - app.logger - INFO - Background job manager started
2025-10-05 22:22:12,796 - app.logger - INFO - Background job manager started
2025-10-05 22:23:59,593 - app.logger - INFO - 🔍 Analyzing URL with external APIs: https://www.google.com/search?q=%D0%BF%D1%80%D0%B8&oq=%D0%BF%D1%80%D0%B8&gs_lcrp=EgZjaHJvbWUyBggAEEUYOTIGCAEQIxgnMgYIAhAjGCcyDAgDEAAYQxiABBiKBTIQCAQQABiDARixAxiABBiKBTIGCAUQRRg9MgYIBhBFGD0yBggHEEUYPdIBCDEyNjJqMGo3qAIAsAIA&sourceid=chrome&ie=UTF-8
2025-10-05 22:23:59,810 - app.logger - INFO - 🔍 Analyzing URL with external APIs: https://www.google.com/search?q=%D0%BF%D1%80%D0%B8&oq=%D0%BF%D1%80%D0%B8&gs_lcrp=EgZjaHJvbWUyBggAEEUYOTIGCAEQIxgnMgYIAhAjGCcyDAgDEAAYQxiABBiKBTIQCAQQABiDARixAxiABBiKBTIGCAUQRRg9MgYIBhBFGD0yBggHEEUYPdIBCDEyNjJqMGo3qAIAsAIA&sourceid=chrome&ie=UTF-8
2025-10-05 22:23:59,812 - asyncio - ERROR - Unclosed client session
client_session: <aiohttp.client.ClientSession object at 0x000002502B50B4D0>
2025-10-05 22:23:59,993 - asyncio - ERROR - Unclosed client session
client_session: <aiohttp.client.ClientSession object at 0x000002502B4B2F90>
2025-10-05 22:23:59,994 - asyncio - ERROR - Unclosed connector
connections: ['deque([(<aiohttp.client_proto.ResponseHandler object at 0x000002502B55E210>, 6725.1096192)])']
connector: <aiohttp.connector.TCPConnector object at 0x000002502B584050>
2025-10-05 22:23:59,994 - app.logger - ERROR - API error 400: {"error": {"code": "BadRequestError", "message": "Argument \"url\" is missing"}}
2025-10-05 22:23:59,995 - app.logger - ERROR - Request error (attempt 1): Server disconnected
2025-10-05 22:24:01,000 - app.logger - ERROR - virustotal API error: Session is closed
2025-10-05 22:24:01,001 - app.logger - ERROR - virustotal check failed: Session is closed
2025-10-05 22:27:44,710 - app.logger - INFO - Background job manager stopped
2025-10-05 22:27:44,710 - app.logger - INFO - Background job manager stopped
2025-10-05 22:27:47,237 - app.logger - INFO - Database connection established successfully
2025-10-05 22:27:47,240 - app.database - INFO - Rate limits reset successfully
2025-10-05 22:27:47,241 - app.logger - INFO - Rate limits reset
2025-10-05 22:27:47,241 - app.logger - INFO - Background job manager started
2025-10-05 22:27:47,241 - app.logger - INFO - Background job manager started
2025-10-05 22:27:50,122 - app.logger - INFO - 🔍 Analyzing URL with external APIs: https://evil-site.com/download/malware.exe
2025-10-05 22:27:50,307 - app.logger - INFO - 🔍 Analyzing URL with external APIs: https://accounts.google.com/RotateCookiesPage?og_pid=1&rot=3&origin=https%3A%2F%2Fwww.google.com&exp_id=0
2025-10-05 22:27:50,363 - app.logger - INFO - 🔍 Analyzing URL with external APIs: https://www.google.com/search?q=%D1%8F%D0%BD%D0%B2%D0%BE+%D0%BE%D0%BF%D0%B0%D1%81%D0%BD%D1%8B%D0%B9+%D1%81%D0%B0%D0%B9%D1%82&oq=%D1%8F%D0%BD%D0%B2%D0%BE+%D0%BE%D0%BF%D0%B0%D1%81%D0%BD%D1%8B%D0%B9+%D1%81%D0%B0%D0%B9%D1%82&gs_lcrp=EgZjaHJvbWUyBggAEEUYOTIJCAEQIRgKGKAB0gEINTg2NGowajSoAgCwAgE&sourceid=chrome&ie=UTF-8
2025-10-05 22:27:50,541 - app.logger - INFO - 🔍 Analyzing URL with external APIs: https://cursor.com/loginDeepPage
2025-10-05 22:27:50,544 - asyncio - ERROR - Unclosed client session
client_session: <aiohttp.client.ClientSession object at 0x0000027988A0BB10>
2025-10-05 22:27:50,826 - asyncio - ERROR - Unclosed client session
client_session: <aiohttp.client.ClientSession object at 0x00000279889AFB60>
2025-10-05 22:27:50,826 - asyncio - ERROR - Unclosed connector
connections: ['deque([(<aiohttp.client_proto.ResponseHandler object at 0x00000279889E5D30>, 6955.9421312)])']
connector: <aiohttp.connector.TCPConnector object at 0x00000279889AEF90>
2025-10-05 22:27:50,827 - app.logger - ERROR - API error 400: {"error": {"code": "BadRequestError", "message": "Argument \"url\" is missing"}}
2025-10-05 22:27:50,868 - app.logger - INFO - 🔍 Analyzing URL with external APIs: https://www.youtube.com/embed/?enablejsapi=1&rel=0&autoplay=0&playsinline=1&fs=1&hl=ru
2025-10-05 22:27:51,069 - app.logger - ERROR - Request error (attempt 1): Connector is closed.
2025-10-05 22:27:51,146 - app.logger - INFO - 🔍 Analyzing URL with external APIs: https://www.google.com/search?q=%D0%BF%D1%80%D0%B8&oq=%D0%BF%D1%80%D0%B8&gs_lcrp=EgZjaHJvbWUyBggAEEUYOTIGCAEQIxgnMgYIAhAjGCcyDAgDEAAYQxiABBiKBTIQCAQQABiDARixAxiABBiKBTIGCAUQRRg9MgYIBhBFGD0yBggHEEUYPdIBCDEyNjJqMGo3qAIAsAIA&sourceid=chrome&ie=UTF-8
2025-10-05 22:27:51,214 - app.logger - ERROR - API error 400: {"error": {"code": "BadRequestError", "message": "Argument \"url\" is missing"}}
2025-10-05 22:27:52,070 - app.logger - ERROR - virustotal API error: Session is closed
2025-10-05 22:27:52,071 - app.logger - ERROR - virustotal check failed: Session is closed
2025-10-05 22:27:53,283 - app.logger - INFO - 🔍 Analyzing URL with external APIs: http://localhost:8000/admin/ui/keys
2025-10-05 22:27:53,358 - app.logger - INFO - 🔍 Analyzing URL with external APIs: https://www.yaklass.ru/p/russky-yazik/6-klass/slovoobrazovanie-orfografiia-7252235/pravopisanie-pristavok-pre-i-pri-7214722/re-51d23986-bb6e-4a7c-b3e9-460f36fa310e
2025-10-05 22:27:53,360 - asyncio - ERROR - Unclosed client session
client_session: <aiohttp.client.ClientSession object at 0x0000027988A0B9D0>
2025-10-05 22:27:53,600 - asyncio - ERROR - Unclosed client session
client_session: <aiohttp.client.ClientSession object at 0x0000027988A0BED0>
2025-10-05 22:27:53,600 - asyncio - ERROR - Unclosed connector
connections: ['deque([(<aiohttp.client_proto.ResponseHandler object at 0x0000027988AE0230>, 6958.7157432)])']
connector: <aiohttp.connector.TCPConnector object at 0x0000027988A0BB10>
2025-10-05 22:27:53,601 - app.logger - ERROR - API error 400: {"error": {"code": "BadRequestError", "message": "Argument \"url\" is missing"}}
2025-10-05 22:27:53,601 - app.logger - ERROR - Request error (attempt 1): Server disconnected
2025-10-05 22:27:53,702 - app.logger - INFO - 🔍 Analyzing URL with external APIs: https://yookassa.ru/developers/payment-acceptance/integration-scenarios/widget/quick-start
2025-10-05 22:27:53,882 - app.logger - INFO - 🔍 Analyzing URL with external APIs: https://ogs.google.com/u/0/widget/app?eom=1&awwd=1&dpi=89978449&origin=https%3A%2F%2Fwww.google.com&cn=app&pid=1&spid=1&hl=ru&dm=
2025-10-05 22:27:53,884 - asyncio - ERROR - Unclosed client session
client_session: <aiohttp.client.ClientSession object at 0x0000027988A0A990>
2025-10-05 22:27:54,091 - asyncio - ERROR - Unclosed client session
client_session: <aiohttp.client.ClientSession object at 0x0000027988A09E50>
2025-10-05 22:27:54,092 - asyncio - ERROR - Unclosed connector
connections: ['deque([(<aiohttp.client_proto.ResponseHandler object at 0x0000027988AE2390>, 6959.2068953)])']
connector: <aiohttp.connector.TCPConnector object at 0x0000027988A0BD90>
2025-10-05 22:27:54,092 - app.logger - ERROR - API error 400: {"error": {"code": "BadRequestError", "message": "Argument \"url\" is missing"}}
2025-10-05 22:27:54,092 - app.logger - ERROR - Request error (attempt 1): Server disconnected
2025-10-05 22:27:54,216 - app.logger - INFO - 🔍 Analyzing URL with external APIs: https://ogs.google.com/u/0/widget/app?eom=1&awwd=1&dpi=89978449&origin=https%3A%2F%2Fwww.google.com&cn=app&pid=1&spid=1&hl=ru&dm=
2025-10-05 22:27:54,584 - app.logger - INFO - 🔍 Analyzing URL with external APIs: https://yookassa.ru/widget
2025-10-05 22:27:54,597 - app.logger - ERROR - API error 400: {"error": {"code": "BadRequestError", "message": "Argument \"url\" is missing"}}
2025-10-05 22:27:54,617 - app.logger - ERROR - virustotal API error: Session is closed
2025-10-05 22:27:54,617 - app.logger - ERROR - virustotal check failed: Session is closed
2025-10-05 22:27:54,953 - app.logger - INFO - 🔍 Analyzing URL with external APIs: https://mc.yandex.ru/metrika/metrika_match.html
2025-10-05 22:27:55,028 - app.logger - INFO - 🔍 Analyzing URL with external APIs: https://github.com/NKubarR/aegis-threat-db
2025-10-05 22:27:55,030 - asyncio - ERROR - Unclosed client session
client_session: <aiohttp.client.ClientSession object at 0x0000027988A0A5D0>
2025-10-05 22:27:55,373 - app.logger - ERROR - API error 400: {"error": {"code": "BadRequestError", "message": "Argument \"url\" is missing"}}
2025-10-05 22:27:55,373 - app.logger - ERROR - Request error (attempt 2): Server disconnected
2025-10-05 22:27:55,680 - asyncio - ERROR - Unclosed client session
client_session: <aiohttp.client.ClientSession object at 0x0000027988A0B610>
2025-10-05 22:27:55,680 - asyncio - ERROR - Unclosed connector
connections: ['deque([(<aiohttp.client_proto.ResponseHandler object at 0x0000027988B10470>, 6960.7958481)])']
connector: <aiohttp.connector.TCPConnector object at 0x0000027988A0B390>
2025-10-05 22:27:55,680 - app.logger - ERROR - API error 400: {"error": {"code": "BadRequestError", "message": "Argument \"url\" is missing"}}
2025-10-05 22:27:56,375 - app.logger - ERROR - virustotal API error: Session is closed
2025-10-05 22:27:56,375 - app.logger - ERROR - virustotal check failed: Session is closed
2025-10-05 22:28:16,110 - app.logger - INFO - 🔍 Analyzing URL with external APIs: https://gramota.ru/uchebnik/pravila/glasnye-v-pristavkakh-pre-i-pri
2025-10-05 22:28:16,565 - app.logger - ERROR - API error 400: {"error": {"code": "BadRequestError", "message": "Argument \"url\" is missing"}}
2025-10-05 22:28:20,011 - app.logger - INFO - 🔍 Analyzing URL with external APIs: https://rg.ru/2022/09/14/reg-urfo/na-iamale-organizovali-kiberdruzhinu.html
2025-10-05 22:28:20,463 - app.logger - ERROR - API error 400: {"error": {"code": "BadRequestError", "message": "Argument \"url\" is missing"}}
2025-10-05 22:29:05,257 - app.logger - INFO - 🔍 Analyzing URL with external APIs: https://www.yaklass.ru/p/russky-yazik/6-klass/slovoobrazovanie-orfografiia-7252235/pravopisanie-pristavok-pre-i-pri-7214722/re-51d23986-bb6e-4a7c-b3e9-460f36fa310e
2025-10-05 22:29:06,816 - app.logger - INFO - 🔍 Analyzing URL with external APIs: https://tetrika-school.ru/blog/pravopisaniye-pristavok-pre-i-pri/
2025-10-05 22:29:07,147 - app.logger - ERROR - API error 400: {"error": {"code": "BadRequestError", "message": "Argument \"url\" is missing"}}
2025-10-05 22:29:08,882 - app.logger - INFO - 🔍 Analyzing URL with external APIs: https://repetitor.1c.ru/russian/pristavki-pre-i-pri/
2025-10-05 22:29:09,256 - app.logger - ERROR - API error 400: {"error": {"code": "BadRequestError", "message": "Argument \"url\" is missing"}}
2025-10-05 22:29:10,469 - app.logger - INFO - 🔍 Analyzing URL with external APIs: https://mogu-pisat.ru/spravochnik/?wiki_name=%D0%9F%D1%80%D0%B8%D1%81%D1%82%D0%B0%D0%B2%D0%BA%D0%B8%20%D0%9F%D0%A0%D0%95%20%D0%B8%20%D0%9F%D0%A0%D0%98
2025-10-05 22:29:10,837 - app.logger - ERROR - API error 400: {"error": {"code": "BadRequestError", "message": "Argument \"url\" is missing"}}
2025-10-05 22:29:22,395 - app.logger - INFO - 🔍 Analyzing URL with external APIs: https://recaptcha.net/recaptcha/enterprise/anchor?ar=1&k=6Ldjgd0kAAAAAITm7ipWF7o7kPL_81SaSfdINiOc&co=aHR0cHM6Ly93d3cudmlydXN0b3RhbC5jb206NDQz&hl=ru&v=44LqIOwVrGhp2lJ3fODa493O&size=invisible&anchor-ms=20000&execute-ms=15000&cb=ahxcdq3zqdu1
2025-10-05 22:29:22,420 - app.logger - INFO - 🔍 Analyzing URL with external APIs: https://www.virustotal.com/gui/user/NKubaRR/apikey
2025-10-05 22:29:22,422 - asyncio - ERROR - Unclosed client session
client_session: <aiohttp.client.ClientSession object at 0x0000027988A0A5D0>
2025-10-05 22:29:22,752 - app.logger - ERROR - API error 400: {"error": {"code": "BadRequestError", "message": "Argument \"url\" is missing"}}
2025-10-05 22:29:22,768 - asyncio - ERROR - Unclosed client session
client_session: <aiohttp.client.ClientSession object at 0x0000027988A0A990>
2025-10-05 22:29:22,768 - asyncio - ERROR - Unclosed connector
connections: ['deque([(<aiohttp.client_proto.ResponseHandler object at 0x0000027988B117F0>, 7047.8840475)])']
connector: <aiohttp.connector.TCPConnector object at 0x0000027988A0B750>
2025-10-05 22:29:22,769 - app.logger - ERROR - API error 400: {"error": {"code": "BadRequestError", "message": "Argument \"url\" is missing"}}
